01/16/2025 12:21:00 - INFO - cifar10_resnet20_lr0.1_warm-20_train0.10_alpha-1.50-start0_random0.01-start0_batchsize128_freddy-batchnummul5-interalmul1.0_thresh-factor0.1_seed_0-2025-01-16-12-21-00 -   Arguments: Namespace(arch='resnet20', data_dir='~/data', dataset='cifar10', num_workers=20, epochs=200, resume_from_epoch=0, batch_size=128, lr=0.1, momentum=0.9, weight_decay=0.0001, save_dir='./outputs/cifar10_resnet20_lr0.1_warm-20_train0.10_alpha-1.50-start0_random0.01-start0_batchsize128_freddy-batchnummul5-interalmul1.0_thresh-factor0.1_seed_0', save_freq=200, gpu=[0], selection_method='freddy', smtk=0, train_frac=0.1, lr_milestones=[100, 150], gamma=0.1, seed=0, runs=1, warm_start_epochs=20, subset_start_epoch=0, cache_dataset=True, clean_cache_selection=False, clean_cache_iteration=True, approx_moment=True, approx_with_coreset=True, check_interval=1, num_minibatch_coreset=5, batch_num_mul=5, interval_mul=1.0, check_thresh_factor=0.1, shuffle=True, random_subset_size=0.01, partition_start=0, drop_learned=False, watch_interval=5, drop_interval=20, drop_thresh=0.1, min_train_size=40000, freddy_similarity='similarity', alpha=1.5, beta=0.1, use_wandb=False, num_classes=10, device='cuda', logger=<Logger cifar10_resnet20_lr0.1_warm-20_train0.10_alpha-1.50-start0_random0.01-start0_batchsize128_freddy-batchnummul5-interalmul1.0_thresh-factor0.1_seed_0-2025-01-16-12-21-00 (INFO)>)
01/16/2025 12:21:00 - INFO - cifar10_resnet20_lr0.1_warm-20_train0.10_alpha-1.50-start0_random0.01-start0_batchsize128_freddy-batchnummul5-interalmul1.0_thresh-factor0.1_seed_0-2025-01-16-12-21-00 -   Time: 2025-01-16 12:21:00
01/16/2025 12:22:38 - INFO - cifar10_resnet20_lr0.1_warm-20_train0.10_alpha-1.50-start0_random0.01-start0_batchsize128_freddy-batchnummul5-interalmul1.0_thresh-factor0.1_seed_0-2025-01-16-12-21-00 -   Updating train loader and weights with subset of size 5000
01/16/2025 12:22:42 - INFO - cifar10_resnet20_lr0.1_warm-20_train0.10_alpha-1.50-start0_random0.01-start0_batchsize128_freddy-batchnummul5-interalmul1.0_thresh-factor0.1_seed_0-2025-01-16-12-21-00 -   Updating train loader and weights with subset of size 5000
01/16/2025 12:22:45 - INFO - cifar10_resnet20_lr0.1_warm-20_train0.10_alpha-1.50-start0_random0.01-start0_batchsize128_freddy-batchnummul5-interalmul1.0_thresh-factor0.1_seed_0-2025-01-16-12-21-00 -   Epoch 0:	Train Loss: 3.727341	Train Acc: 0.107400	Val Loss: 3.408213	Val Acc: 0.100200
01/16/2025 12:22:45 - INFO - cifar10_resnet20_lr0.1_warm-20_train0.10_alpha-1.50-start0_random0.01-start0_batchsize128_freddy-batchnummul5-interalmul1.0_thresh-factor0.1_seed_0-2025-01-16-12-21-00 -   Epoch 0:	Data Loading Time: 0.022504	Forward Time: 0.016547	Backward Time: 0.015274
01/16/2025 12:24:50 - INFO - cifar10_resnet20_lr0.1_warm-20_train0.10_alpha-1.50-start0_random0.01-start0_batchsize128_freddy-batchnummul5-interalmul1.0_thresh-factor0.1_seed_0-2025-01-16-12-21-00 -   Updating train loader and weights with subset of size 5000
01/16/2025 12:24:55 - INFO - cifar10_resnet20_lr0.1_warm-20_train0.10_alpha-1.50-start0_random0.01-start0_batchsize128_freddy-batchnummul5-interalmul1.0_thresh-factor0.1_seed_0-2025-01-16-12-21-00 -   Updating train loader and weights with subset of size 5000
01/16/2025 12:24:58 - INFO - cifar10_resnet20_lr0.1_warm-20_train0.10_alpha-1.50-start0_random0.01-start0_batchsize128_freddy-batchnummul5-interalmul1.0_thresh-factor0.1_seed_0-2025-01-16-12-21-00 -   Epoch 1:	Train Loss: 2.650390	Train Acc: 0.131200	Val Loss: 2.233395	Val Acc: 0.175400
01/16/2025 12:24:58 - INFO - cifar10_resnet20_lr0.1_warm-20_train0.10_alpha-1.50-start0_random0.01-start0_batchsize128_freddy-batchnummul5-interalmul1.0_thresh-factor0.1_seed_0-2025-01-16-12-21-00 -   Epoch 1:	Data Loading Time: 0.029559	Forward Time: 0.017629	Backward Time: 0.008536
01/16/2025 12:27:05 - INFO - cifar10_resnet20_lr0.1_warm-20_train0.10_alpha-1.50-start0_random0.01-start0_batchsize128_freddy-batchnummul5-interalmul1.0_thresh-factor0.1_seed_0-2025-01-16-12-21-00 -   Updating train loader and weights with subset of size 5000
01/16/2025 12:27:08 - INFO - cifar10_resnet20_lr0.1_warm-20_train0.10_alpha-1.50-start0_random0.01-start0_batchsize128_freddy-batchnummul5-interalmul1.0_thresh-factor0.1_seed_0-2025-01-16-12-21-00 -   Updating train loader and weights with subset of size 5000
01/16/2025 12:27:11 - INFO - cifar10_resnet20_lr0.1_warm-20_train0.10_alpha-1.50-start0_random0.01-start0_batchsize128_freddy-batchnummul5-interalmul1.0_thresh-factor0.1_seed_0-2025-01-16-12-21-00 -   Epoch 2:	Train Loss: 2.147501	Train Acc: 0.198200	Val Loss: 2.125113	Val Acc: 0.191400
01/16/2025 12:27:11 - INFO - cifar10_resnet20_lr0.1_warm-20_train0.10_alpha-1.50-start0_random0.01-start0_batchsize128_freddy-batchnummul5-interalmul1.0_thresh-factor0.1_seed_0-2025-01-16-12-21-00 -   Epoch 2:	Data Loading Time: 0.027256	Forward Time: 0.009825	Backward Time: 0.008761
01/16/2025 12:29:08 - INFO - cifar10_resnet20_lr0.1_warm-20_train0.10_alpha-1.50-start0_random0.01-start0_batchsize128_freddy-batchnummul5-interalmul1.0_thresh-factor0.1_seed_0-2025-01-16-12-21-00 -   Updating train loader and weights with subset of size 5000
01/16/2025 12:29:13 - INFO - cifar10_resnet20_lr0.1_warm-20_train0.10_alpha-1.50-start0_random0.01-start0_batchsize128_freddy-batchnummul5-interalmul1.0_thresh-factor0.1_seed_0-2025-01-16-12-21-00 -   Updating train loader and weights with subset of size 5000
01/16/2025 12:29:15 - INFO - cifar10_resnet20_lr0.1_warm-20_train0.10_alpha-1.50-start0_random0.01-start0_batchsize128_freddy-batchnummul5-interalmul1.0_thresh-factor0.1_seed_0-2025-01-16-12-21-00 -   Epoch 3:	Train Loss: 2.038031	Train Acc: 0.242600	Val Loss: 2.033893	Val Acc: 0.232100
01/16/2025 12:29:15 - INFO - cifar10_resnet20_lr0.1_warm-20_train0.10_alpha-1.50-start0_random0.01-start0_batchsize128_freddy-batchnummul5-interalmul1.0_thresh-factor0.1_seed_0-2025-01-16-12-21-00 -   Epoch 3:	Data Loading Time: 0.030267	Forward Time: 0.012447	Backward Time: 0.008662
01/16/2025 12:31:00 - INFO - cifar10_resnet20_lr0.1_warm-20_train0.10_alpha-1.50-start0_random0.01-start0_batchsize128_freddy-batchnummul5-interalmul1.0_thresh-factor0.1_seed_0-2025-01-16-12-21-00 -   Updating train loader and weights with subset of size 5000
01/16/2025 12:31:04 - INFO - cifar10_resnet20_lr0.1_warm-20_train0.10_alpha-1.50-start0_random0.01-start0_batchsize128_freddy-batchnummul5-interalmul1.0_thresh-factor0.1_seed_0-2025-01-16-12-21-00 -   Updating train loader and weights with subset of size 5000
01/16/2025 12:31:06 - INFO - cifar10_resnet20_lr0.1_warm-20_train0.10_alpha-1.50-start0_random0.01-start0_batchsize128_freddy-batchnummul5-interalmul1.0_thresh-factor0.1_seed_0-2025-01-16-12-21-00 -   Epoch 4:	Train Loss: 1.948295	Train Acc: 0.259800	Val Loss: 2.101694	Val Acc: 0.213800
01/16/2025 12:31:06 - INFO - cifar10_resnet20_lr0.1_warm-20_train0.10_alpha-1.50-start0_random0.01-start0_batchsize128_freddy-batchnummul5-interalmul1.0_thresh-factor0.1_seed_0-2025-01-16-12-21-00 -   Epoch 4:	Data Loading Time: 0.027891	Forward Time: 0.017083	Backward Time: 0.008384
01/16/2025 12:32:55 - INFO - cifar10_resnet20_lr0.1_warm-20_train0.10_alpha-1.50-start0_random0.01-start0_batchsize128_freddy-batchnummul5-interalmul1.0_thresh-factor0.1_seed_0-2025-01-16-12-21-00 -   Updating train loader and weights with subset of size 5000
01/16/2025 12:33:00 - INFO - cifar10_resnet20_lr0.1_warm-20_train0.10_alpha-1.50-start0_random0.01-start0_batchsize128_freddy-batchnummul5-interalmul1.0_thresh-factor0.1_seed_0-2025-01-16-12-21-00 -   Updating train loader and weights with subset of size 5000
01/16/2025 12:33:03 - INFO - cifar10_resnet20_lr0.1_warm-20_train0.10_alpha-1.50-start0_random0.01-start0_batchsize128_freddy-batchnummul5-interalmul1.0_thresh-factor0.1_seed_0-2025-01-16-12-21-00 -   Epoch 5:	Train Loss: 1.877258	Train Acc: 0.276000	Val Loss: 2.260766	Val Acc: 0.218700
01/16/2025 12:33:03 - INFO - cifar10_resnet20_lr0.1_warm-20_train0.10_alpha-1.50-start0_random0.01-start0_batchsize128_freddy-batchnummul5-interalmul1.0_thresh-factor0.1_seed_0-2025-01-16-12-21-00 -   Epoch 5:	Data Loading Time: 0.027842	Forward Time: 0.012829	Backward Time: 0.008722
01/16/2025 12:34:39 - INFO - cifar10_resnet20_lr0.1_warm-20_train0.10_alpha-1.50-start0_random0.01-start0_batchsize128_freddy-batchnummul5-interalmul1.0_thresh-factor0.1_seed_0-2025-01-16-12-21-00 -   Updating train loader and weights with subset of size 5000
01/16/2025 12:34:43 - INFO - cifar10_resnet20_lr0.1_warm-20_train0.10_alpha-1.50-start0_random0.01-start0_batchsize128_freddy-batchnummul5-interalmul1.0_thresh-factor0.1_seed_0-2025-01-16-12-21-00 -   Updating train loader and weights with subset of size 5000
01/16/2025 12:34:46 - INFO - cifar10_resnet20_lr0.1_warm-20_train0.10_alpha-1.50-start0_random0.01-start0_batchsize128_freddy-batchnummul5-interalmul1.0_thresh-factor0.1_seed_0-2025-01-16-12-21-00 -   Epoch 6:	Train Loss: 1.786085	Train Acc: 0.314400	Val Loss: 2.399751	Val Acc: 0.215100
01/16/2025 12:34:46 - INFO - cifar10_resnet20_lr0.1_warm-20_train0.10_alpha-1.50-start0_random0.01-start0_batchsize128_freddy-batchnummul5-interalmul1.0_thresh-factor0.1_seed_0-2025-01-16-12-21-00 -   Epoch 6:	Data Loading Time: 0.030357	Forward Time: 0.011870	Backward Time: 0.009672
01/16/2025 12:36:22 - INFO - cifar10_resnet20_lr0.1_warm-20_train0.10_alpha-1.50-start0_random0.01-start0_batchsize128_freddy-batchnummul5-interalmul1.0_thresh-factor0.1_seed_0-2025-01-16-12-21-00 -   Updating train loader and weights with subset of size 5000
01/16/2025 12:36:27 - INFO - cifar10_resnet20_lr0.1_warm-20_train0.10_alpha-1.50-start0_random0.01-start0_batchsize128_freddy-batchnummul5-interalmul1.0_thresh-factor0.1_seed_0-2025-01-16-12-21-00 -   Updating train loader and weights with subset of size 5000
01/16/2025 12:36:29 - INFO - cifar10_resnet20_lr0.1_warm-20_train0.10_alpha-1.50-start0_random0.01-start0_batchsize128_freddy-batchnummul5-interalmul1.0_thresh-factor0.1_seed_0-2025-01-16-12-21-00 -   Epoch 7:	Train Loss: 1.750619	Train Acc: 0.327800	Val Loss: 2.212879	Val Acc: 0.250500
01/16/2025 12:36:29 - INFO - cifar10_resnet20_lr0.1_warm-20_train0.10_alpha-1.50-start0_random0.01-start0_batchsize128_freddy-batchnummul5-interalmul1.0_thresh-factor0.1_seed_0-2025-01-16-12-21-00 -   Epoch 7:	Data Loading Time: 0.026719	Forward Time: 0.008791	Backward Time: 0.008941
01/16/2025 12:38:03 - INFO - cifar10_resnet20_lr0.1_warm-20_train0.10_alpha-1.50-start0_random0.01-start0_batchsize128_freddy-batchnummul5-interalmul1.0_thresh-factor0.1_seed_0-2025-01-16-12-21-00 -   Updating train loader and weights with subset of size 5000
01/16/2025 12:38:07 - INFO - cifar10_resnet20_lr0.1_warm-20_train0.10_alpha-1.50-start0_random0.01-start0_batchsize128_freddy-batchnummul5-interalmul1.0_thresh-factor0.1_seed_0-2025-01-16-12-21-00 -   Updating train loader and weights with subset of size 5000
01/16/2025 12:38:10 - INFO - cifar10_resnet20_lr0.1_warm-20_train0.10_alpha-1.50-start0_random0.01-start0_batchsize128_freddy-batchnummul5-interalmul1.0_thresh-factor0.1_seed_0-2025-01-16-12-21-00 -   Epoch 8:	Train Loss: 1.724595	Train Acc: 0.355600	Val Loss: 3.005165	Val Acc: 0.174900
01/16/2025 12:38:10 - INFO - cifar10_resnet20_lr0.1_warm-20_train0.10_alpha-1.50-start0_random0.01-start0_batchsize128_freddy-batchnummul5-interalmul1.0_thresh-factor0.1_seed_0-2025-01-16-12-21-00 -   Epoch 8:	Data Loading Time: 0.029168	Forward Time: 0.010740	Backward Time: 0.008804
01/16/2025 12:39:44 - INFO - cifar10_resnet20_lr0.1_warm-20_train0.10_alpha-1.50-start0_random0.01-start0_batchsize128_freddy-batchnummul5-interalmul1.0_thresh-factor0.1_seed_0-2025-01-16-12-21-00 -   Updating train loader and weights with subset of size 5000
01/16/2025 12:39:48 - INFO - cifar10_resnet20_lr0.1_warm-20_train0.10_alpha-1.50-start0_random0.01-start0_batchsize128_freddy-batchnummul5-interalmul1.0_thresh-factor0.1_seed_0-2025-01-16-12-21-00 -   Updating train loader and weights with subset of size 5000
01/16/2025 12:39:51 - INFO - cifar10_resnet20_lr0.1_warm-20_train0.10_alpha-1.50-start0_random0.01-start0_batchsize128_freddy-batchnummul5-interalmul1.0_thresh-factor0.1_seed_0-2025-01-16-12-21-00 -   Epoch 9:	Train Loss: 1.724027	Train Acc: 0.344800	Val Loss: 2.953704	Val Acc: 0.239000
01/16/2025 12:39:51 - INFO - cifar10_resnet20_lr0.1_warm-20_train0.10_alpha-1.50-start0_random0.01-start0_batchsize128_freddy-batchnummul5-interalmul1.0_thresh-factor0.1_seed_0-2025-01-16-12-21-00 -   Epoch 9:	Data Loading Time: 0.029365	Forward Time: 0.008878	Backward Time: 0.008146
01/16/2025 12:41:24 - INFO - cifar10_resnet20_lr0.1_warm-20_train0.10_alpha-1.50-start0_random0.01-start0_batchsize128_freddy-batchnummul5-interalmul1.0_thresh-factor0.1_seed_0-2025-01-16-12-21-00 -   Updating train loader and weights with subset of size 5000
01/16/2025 12:41:28 - INFO - cifar10_resnet20_lr0.1_warm-20_train0.10_alpha-1.50-start0_random0.01-start0_batchsize128_freddy-batchnummul5-interalmul1.0_thresh-factor0.1_seed_0-2025-01-16-12-21-00 -   Updating train loader and weights with subset of size 5000
01/16/2025 12:41:30 - INFO - cifar10_resnet20_lr0.1_warm-20_train0.10_alpha-1.50-start0_random0.01-start0_batchsize128_freddy-batchnummul5-interalmul1.0_thresh-factor0.1_seed_0-2025-01-16-12-21-00 -   Epoch 10:	Train Loss: 1.667038	Train Acc: 0.362600	Val Loss: 3.117110	Val Acc: 0.186300
01/16/2025 12:41:30 - INFO - cifar10_resnet20_lr0.1_warm-20_train0.10_alpha-1.50-start0_random0.01-start0_batchsize128_freddy-batchnummul5-interalmul1.0_thresh-factor0.1_seed_0-2025-01-16-12-21-00 -   Epoch 10:	Data Loading Time: 0.027133	Forward Time: 0.011179	Backward Time: 0.009213
01/16/2025 12:43:07 - INFO - cifar10_resnet20_lr0.1_warm-20_train0.10_alpha-1.50-start0_random0.01-start0_batchsize128_freddy-batchnummul5-interalmul1.0_thresh-factor0.1_seed_0-2025-01-16-12-21-00 -   Updating train loader and weights with subset of size 5000
01/16/2025 12:43:11 - INFO - cifar10_resnet20_lr0.1_warm-20_train0.10_alpha-1.50-start0_random0.01-start0_batchsize128_freddy-batchnummul5-interalmul1.0_thresh-factor0.1_seed_0-2025-01-16-12-21-00 -   Updating train loader and weights with subset of size 5000
01/16/2025 12:43:13 - INFO - cifar10_resnet20_lr0.1_warm-20_train0.10_alpha-1.50-start0_random0.01-start0_batchsize128_freddy-batchnummul5-interalmul1.0_thresh-factor0.1_seed_0-2025-01-16-12-21-00 -   Epoch 11:	Train Loss: 1.637251	Train Acc: 0.388000	Val Loss: 3.791240	Val Acc: 0.123200
01/16/2025 12:43:13 - INFO - cifar10_resnet20_lr0.1_warm-20_train0.10_alpha-1.50-start0_random0.01-start0_batchsize128_freddy-batchnummul5-interalmul1.0_thresh-factor0.1_seed_0-2025-01-16-12-21-00 -   Epoch 11:	Data Loading Time: 0.024778	Forward Time: 0.010325	Backward Time: 0.009020
01/16/2025 12:44:24 - INFO - cifar10_resnet20_lr0.1_warm-20_train0.10_alpha-1.50-start0_random0.01-start0_batchsize128_freddy-batchnummul5-interalmul1.0_thresh-factor0.1_seed_0-2025-01-16-12-21-00 -   Updating train loader and weights with subset of size 5000
01/16/2025 12:44:28 - INFO - cifar10_resnet20_lr0.1_warm-20_train0.10_alpha-1.50-start0_random0.01-start0_batchsize128_freddy-batchnummul5-interalmul1.0_thresh-factor0.1_seed_0-2025-01-16-12-21-00 -   Updating train loader and weights with subset of size 5000
01/16/2025 12:44:30 - INFO - cifar10_resnet20_lr0.1_warm-20_train0.10_alpha-1.50-start0_random0.01-start0_batchsize128_freddy-batchnummul5-interalmul1.0_thresh-factor0.1_seed_0-2025-01-16-12-21-00 -   Epoch 12:	Train Loss: 1.652894	Train Acc: 0.394600	Val Loss: 3.729956	Val Acc: 0.202400
01/16/2025 12:44:30 - INFO - cifar10_resnet20_lr0.1_warm-20_train0.10_alpha-1.50-start0_random0.01-start0_batchsize128_freddy-batchnummul5-interalmul1.0_thresh-factor0.1_seed_0-2025-01-16-12-21-00 -   Epoch 12:	Data Loading Time: 0.032223	Forward Time: 0.010751	Backward Time: 0.008475
01/16/2025 12:45:55 - INFO - cifar10_resnet20_lr0.1_warm-20_train0.10_alpha-1.50-start0_random0.01-start0_batchsize128_freddy-batchnummul5-interalmul1.0_thresh-factor0.1_seed_0-2025-01-16-12-21-00 -   Updating train loader and weights with subset of size 5000
01/16/2025 12:45:58 - INFO - cifar10_resnet20_lr0.1_warm-20_train0.10_alpha-1.50-start0_random0.01-start0_batchsize128_freddy-batchnummul5-interalmul1.0_thresh-factor0.1_seed_0-2025-01-16-12-21-00 -   Updating train loader and weights with subset of size 5000
01/16/2025 12:46:01 - INFO - cifar10_resnet20_lr0.1_warm-20_train0.10_alpha-1.50-start0_random0.01-start0_batchsize128_freddy-batchnummul5-interalmul1.0_thresh-factor0.1_seed_0-2025-01-16-12-21-00 -   Epoch 13:	Train Loss: 1.628687	Train Acc: 0.404000	Val Loss: 5.653141	Val Acc: 0.141500
01/16/2025 12:46:01 - INFO - cifar10_resnet20_lr0.1_warm-20_train0.10_alpha-1.50-start0_random0.01-start0_batchsize128_freddy-batchnummul5-interalmul1.0_thresh-factor0.1_seed_0-2025-01-16-12-21-00 -   Epoch 13:	Data Loading Time: 0.029295	Forward Time: 0.008336	Backward Time: 0.008963
01/16/2025 12:47:17 - INFO - cifar10_resnet20_lr0.1_warm-20_train0.10_alpha-1.50-start0_random0.01-start0_batchsize128_freddy-batchnummul5-interalmul1.0_thresh-factor0.1_seed_0-2025-01-16-12-21-00 -   Updating train loader and weights with subset of size 5000
01/16/2025 12:47:21 - INFO - cifar10_resnet20_lr0.1_warm-20_train0.10_alpha-1.50-start0_random0.01-start0_batchsize128_freddy-batchnummul5-interalmul1.0_thresh-factor0.1_seed_0-2025-01-16-12-21-00 -   Updating train loader and weights with subset of size 5000
01/16/2025 12:47:23 - INFO - cifar10_resnet20_lr0.1_warm-20_train0.10_alpha-1.50-start0_random0.01-start0_batchsize128_freddy-batchnummul5-interalmul1.0_thresh-factor0.1_seed_0-2025-01-16-12-21-00 -   Epoch 14:	Train Loss: 1.620577	Train Acc: 0.410800	Val Loss: 5.241584	Val Acc: 0.147300
01/16/2025 12:47:23 - INFO - cifar10_resnet20_lr0.1_warm-20_train0.10_alpha-1.50-start0_random0.01-start0_batchsize128_freddy-batchnummul5-interalmul1.0_thresh-factor0.1_seed_0-2025-01-16-12-21-00 -   Epoch 14:	Data Loading Time: 0.026357	Forward Time: 0.008758	Backward Time: 0.008570
01/16/2025 12:48:34 - INFO - cifar10_resnet20_lr0.1_warm-20_train0.10_alpha-1.50-start0_random0.01-start0_batchsize128_freddy-batchnummul5-interalmul1.0_thresh-factor0.1_seed_0-2025-01-16-12-21-00 -   Updating train loader and weights with subset of size 5000
01/16/2025 12:48:38 - INFO - cifar10_resnet20_lr0.1_warm-20_train0.10_alpha-1.50-start0_random0.01-start0_batchsize128_freddy-batchnummul5-interalmul1.0_thresh-factor0.1_seed_0-2025-01-16-12-21-00 -   Updating train loader and weights with subset of size 5000
01/16/2025 12:48:40 - INFO - cifar10_resnet20_lr0.1_warm-20_train0.10_alpha-1.50-start0_random0.01-start0_batchsize128_freddy-batchnummul5-interalmul1.0_thresh-factor0.1_seed_0-2025-01-16-12-21-00 -   Epoch 15:	Train Loss: 1.568981	Train Acc: 0.426000	Val Loss: 2.994903	Val Acc: 0.266600
01/16/2025 12:48:40 - INFO - cifar10_resnet20_lr0.1_warm-20_train0.10_alpha-1.50-start0_random0.01-start0_batchsize128_freddy-batchnummul5-interalmul1.0_thresh-factor0.1_seed_0-2025-01-16-12-21-00 -   Epoch 15:	Data Loading Time: 0.032132	Forward Time: 0.007111	Backward Time: 0.009209
01/16/2025 12:50:01 - INFO - cifar10_resnet20_lr0.1_warm-20_train0.10_alpha-1.50-start0_random0.01-start0_batchsize128_freddy-batchnummul5-interalmul1.0_thresh-factor0.1_seed_0-2025-01-16-12-21-00 -   Updating train loader and weights with subset of size 5000
01/16/2025 12:50:04 - INFO - cifar10_resnet20_lr0.1_warm-20_train0.10_alpha-1.50-start0_random0.01-start0_batchsize128_freddy-batchnummul5-interalmul1.0_thresh-factor0.1_seed_0-2025-01-16-12-21-00 -   Updating train loader and weights with subset of size 5000
01/16/2025 12:50:07 - INFO - cifar10_resnet20_lr0.1_warm-20_train0.10_alpha-1.50-start0_random0.01-start0_batchsize128_freddy-batchnummul5-interalmul1.0_thresh-factor0.1_seed_0-2025-01-16-12-21-00 -   Epoch 16:	Train Loss: 1.534414	Train Acc: 0.429000	Val Loss: 2.426675	Val Acc: 0.297200
01/16/2025 12:50:07 - INFO - cifar10_resnet20_lr0.1_warm-20_train0.10_alpha-1.50-start0_random0.01-start0_batchsize128_freddy-batchnummul5-interalmul1.0_thresh-factor0.1_seed_0-2025-01-16-12-21-00 -   Epoch 16:	Data Loading Time: 0.025674	Forward Time: 0.007835	Backward Time: 0.007365
01/16/2025 12:51:24 - INFO - cifar10_resnet20_lr0.1_warm-20_train0.10_alpha-1.50-start0_random0.01-start0_batchsize128_freddy-batchnummul5-interalmul1.0_thresh-factor0.1_seed_0-2025-01-16-12-21-00 -   Updating train loader and weights with subset of size 5000
01/16/2025 12:51:27 - INFO - cifar10_resnet20_lr0.1_warm-20_train0.10_alpha-1.50-start0_random0.01-start0_batchsize128_freddy-batchnummul5-interalmul1.0_thresh-factor0.1_seed_0-2025-01-16-12-21-00 -   Updating train loader and weights with subset of size 5000
01/16/2025 12:51:30 - INFO - cifar10_resnet20_lr0.1_warm-20_train0.10_alpha-1.50-start0_random0.01-start0_batchsize128_freddy-batchnummul5-interalmul1.0_thresh-factor0.1_seed_0-2025-01-16-12-21-00 -   Epoch 17:	Train Loss: 1.492269	Train Acc: 0.453800	Val Loss: 4.457151	Val Acc: 0.204200
01/16/2025 12:51:30 - INFO - cifar10_resnet20_lr0.1_warm-20_train0.10_alpha-1.50-start0_random0.01-start0_batchsize128_freddy-batchnummul5-interalmul1.0_thresh-factor0.1_seed_0-2025-01-16-12-21-00 -   Epoch 17:	Data Loading Time: 0.026234	Forward Time: 0.007957	Backward Time: 0.008797
01/16/2025 12:52:45 - INFO - cifar10_resnet20_lr0.1_warm-20_train0.10_alpha-1.50-start0_random0.01-start0_batchsize128_freddy-batchnummul5-interalmul1.0_thresh-factor0.1_seed_0-2025-01-16-12-21-00 -   Updating train loader and weights with subset of size 5000
01/16/2025 12:52:48 - INFO - cifar10_resnet20_lr0.1_warm-20_train0.10_alpha-1.50-start0_random0.01-start0_batchsize128_freddy-batchnummul5-interalmul1.0_thresh-factor0.1_seed_0-2025-01-16-12-21-00 -   Updating train loader and weights with subset of size 5000
01/16/2025 12:52:51 - INFO - cifar10_resnet20_lr0.1_warm-20_train0.10_alpha-1.50-start0_random0.01-start0_batchsize128_freddy-batchnummul5-interalmul1.0_thresh-factor0.1_seed_0-2025-01-16-12-21-00 -   Epoch 18:	Train Loss: 1.493529	Train Acc: 0.448600	Val Loss: 4.047415	Val Acc: 0.169400
01/16/2025 12:52:51 - INFO - cifar10_resnet20_lr0.1_warm-20_train0.10_alpha-1.50-start0_random0.01-start0_batchsize128_freddy-batchnummul5-interalmul1.0_thresh-factor0.1_seed_0-2025-01-16-12-21-00 -   Epoch 18:	Data Loading Time: 0.020124	Forward Time: 0.011354	Backward Time: 0.008755
01/16/2025 12:54:16 - INFO - cifar10_resnet20_lr0.1_warm-20_train0.10_alpha-1.50-start0_random0.01-start0_batchsize128_freddy-batchnummul5-interalmul1.0_thresh-factor0.1_seed_0-2025-01-16-12-21-00 -   Updating train loader and weights with subset of size 5000
01/16/2025 12:54:20 - INFO - cifar10_resnet20_lr0.1_warm-20_train0.10_alpha-1.50-start0_random0.01-start0_batchsize128_freddy-batchnummul5-interalmul1.0_thresh-factor0.1_seed_0-2025-01-16-12-21-00 -   Updating train loader and weights with subset of size 5000
01/16/2025 12:54:22 - INFO - cifar10_resnet20_lr0.1_warm-20_train0.10_alpha-1.50-start0_random0.01-start0_batchsize128_freddy-batchnummul5-interalmul1.0_thresh-factor0.1_seed_0-2025-01-16-12-21-00 -   Epoch 19:	Train Loss: 1.508545	Train Acc: 0.455200	Val Loss: 12.333185	Val Acc: 0.130900
01/16/2025 12:54:22 - INFO - cifar10_resnet20_lr0.1_warm-20_train0.10_alpha-1.50-start0_random0.01-start0_batchsize128_freddy-batchnummul5-interalmul1.0_thresh-factor0.1_seed_0-2025-01-16-12-21-00 -   Epoch 19:	Data Loading Time: 0.023507	Forward Time: 0.006620	Backward Time: 0.008910
01/16/2025 12:55:56 - INFO - cifar10_resnet20_lr0.1_warm-20_train0.10_alpha-1.50-start0_random0.01-start0_batchsize128_freddy-batchnummul5-interalmul1.0_thresh-factor0.1_seed_0-2025-01-16-12-21-00 -   Updating train loader and weights with subset of size 5000
01/16/2025 12:56:00 - INFO - cifar10_resnet20_lr0.1_warm-20_train0.10_alpha-1.50-start0_random0.01-start0_batchsize128_freddy-batchnummul5-interalmul1.0_thresh-factor0.1_seed_0-2025-01-16-12-21-00 -   Updating train loader and weights with subset of size 5000
01/16/2025 12:56:02 - INFO - cifar10_resnet20_lr0.1_warm-20_train0.10_alpha-1.50-start0_random0.01-start0_batchsize128_freddy-batchnummul5-interalmul1.0_thresh-factor0.1_seed_0-2025-01-16-12-21-00 -   Epoch 20:	Train Loss: 1.433133	Train Acc: 0.484200	Val Loss: 5.070749	Val Acc: 0.276400
01/16/2025 12:56:02 - INFO - cifar10_resnet20_lr0.1_warm-20_train0.10_alpha-1.50-start0_random0.01-start0_batchsize128_freddy-batchnummul5-interalmul1.0_thresh-factor0.1_seed_0-2025-01-16-12-21-00 -   Epoch 20:	Data Loading Time: 0.020144	Forward Time: 0.006201	Backward Time: 0.009292
01/16/2025 12:57:35 - INFO - cifar10_resnet20_lr0.1_warm-20_train0.10_alpha-1.50-start0_random0.01-start0_batchsize128_freddy-batchnummul5-interalmul1.0_thresh-factor0.1_seed_0-2025-01-16-12-21-00 -   Updating train loader and weights with subset of size 5000
01/16/2025 12:57:39 - INFO - cifar10_resnet20_lr0.1_warm-20_train0.10_alpha-1.50-start0_random0.01-start0_batchsize128_freddy-batchnummul5-interalmul1.0_thresh-factor0.1_seed_0-2025-01-16-12-21-00 -   Updating train loader and weights with subset of size 5000
01/16/2025 12:57:41 - INFO - cifar10_resnet20_lr0.1_warm-20_train0.10_alpha-1.50-start0_random0.01-start0_batchsize128_freddy-batchnummul5-interalmul1.0_thresh-factor0.1_seed_0-2025-01-16-12-21-00 -   Epoch 21:	Train Loss: 1.418046	Train Acc: 0.485400	Val Loss: 7.389708	Val Acc: 0.141200
01/16/2025 12:57:41 - INFO - cifar10_resnet20_lr0.1_warm-20_train0.10_alpha-1.50-start0_random0.01-start0_batchsize128_freddy-batchnummul5-interalmul1.0_thresh-factor0.1_seed_0-2025-01-16-12-21-00 -   Epoch 21:	Data Loading Time: 0.022064	Forward Time: 0.011519	Backward Time: 0.008190
01/16/2025 12:59:02 - INFO - cifar10_resnet20_lr0.1_warm-20_train0.10_alpha-1.50-start0_random0.01-start0_batchsize128_freddy-batchnummul5-interalmul1.0_thresh-factor0.1_seed_0-2025-01-16-12-21-00 -   Updating train loader and weights with subset of size 5000
01/16/2025 12:59:06 - INFO - cifar10_resnet20_lr0.1_warm-20_train0.10_alpha-1.50-start0_random0.01-start0_batchsize128_freddy-batchnummul5-interalmul1.0_thresh-factor0.1_seed_0-2025-01-16-12-21-00 -   Updating train loader and weights with subset of size 5000
01/16/2025 12:59:08 - INFO - cifar10_resnet20_lr0.1_warm-20_train0.10_alpha-1.50-start0_random0.01-start0_batchsize128_freddy-batchnummul5-interalmul1.0_thresh-factor0.1_seed_0-2025-01-16-12-21-00 -   Epoch 22:	Train Loss: 1.380025	Train Acc: 0.499200	Val Loss: 8.867327	Val Acc: 0.172200
01/16/2025 12:59:08 - INFO - cifar10_resnet20_lr0.1_warm-20_train0.10_alpha-1.50-start0_random0.01-start0_batchsize128_freddy-batchnummul5-interalmul1.0_thresh-factor0.1_seed_0-2025-01-16-12-21-00 -   Epoch 22:	Data Loading Time: 0.021374	Forward Time: 0.007629	Backward Time: 0.008470
01/16/2025 13:00:36 - INFO - cifar10_resnet20_lr0.1_warm-20_train0.10_alpha-1.50-start0_random0.01-start0_batchsize128_freddy-batchnummul5-interalmul1.0_thresh-factor0.1_seed_0-2025-01-16-12-21-00 -   Updating train loader and weights with subset of size 5000
01/16/2025 13:00:40 - INFO - cifar10_resnet20_lr0.1_warm-20_train0.10_alpha-1.50-start0_random0.01-start0_batchsize128_freddy-batchnummul5-interalmul1.0_thresh-factor0.1_seed_0-2025-01-16-12-21-00 -   Updating train loader and weights with subset of size 5000
01/16/2025 13:00:42 - INFO - cifar10_resnet20_lr0.1_warm-20_train0.10_alpha-1.50-start0_random0.01-start0_batchsize128_freddy-batchnummul5-interalmul1.0_thresh-factor0.1_seed_0-2025-01-16-12-21-00 -   Epoch 23:	Train Loss: 1.372860	Train Acc: 0.502000	Val Loss: 10.313388	Val Acc: 0.175200
01/16/2025 13:00:42 - INFO - cifar10_resnet20_lr0.1_warm-20_train0.10_alpha-1.50-start0_random0.01-start0_batchsize128_freddy-batchnummul5-interalmul1.0_thresh-factor0.1_seed_0-2025-01-16-12-21-00 -   Epoch 23:	Data Loading Time: 0.026276	Forward Time: 0.015712	Backward Time: 0.008819
01/16/2025 13:02:15 - INFO - cifar10_resnet20_lr0.1_warm-20_train0.10_alpha-1.50-start0_random0.01-start0_batchsize128_freddy-batchnummul5-interalmul1.0_thresh-factor0.1_seed_0-2025-01-16-12-21-00 -   Updating train loader and weights with subset of size 5000
01/16/2025 13:02:18 - INFO - cifar10_resnet20_lr0.1_warm-20_train0.10_alpha-1.50-start0_random0.01-start0_batchsize128_freddy-batchnummul5-interalmul1.0_thresh-factor0.1_seed_0-2025-01-16-12-21-00 -   Updating train loader and weights with subset of size 5000
01/16/2025 13:02:21 - INFO - cifar10_resnet20_lr0.1_warm-20_train0.10_alpha-1.50-start0_random0.01-start0_batchsize128_freddy-batchnummul5-interalmul1.0_thresh-factor0.1_seed_0-2025-01-16-12-21-00 -   Epoch 24:	Train Loss: 1.308720	Train Acc: 0.528200	Val Loss: 5.790156	Val Acc: 0.187800
01/16/2025 13:02:21 - INFO - cifar10_resnet20_lr0.1_warm-20_train0.10_alpha-1.50-start0_random0.01-start0_batchsize128_freddy-batchnummul5-interalmul1.0_thresh-factor0.1_seed_0-2025-01-16-12-21-00 -   Epoch 24:	Data Loading Time: 0.024904	Forward Time: 0.009683	Backward Time: 0.009059
01/16/2025 13:03:58 - INFO - cifar10_resnet20_lr0.1_warm-20_train0.10_alpha-1.50-start0_random0.01-start0_batchsize128_freddy-batchnummul5-interalmul1.0_thresh-factor0.1_seed_0-2025-01-16-12-21-00 -   Updating train loader and weights with subset of size 5000
01/16/2025 13:04:02 - INFO - cifar10_resnet20_lr0.1_warm-20_train0.10_alpha-1.50-start0_random0.01-start0_batchsize128_freddy-batchnummul5-interalmul1.0_thresh-factor0.1_seed_0-2025-01-16-12-21-00 -   Updating train loader and weights with subset of size 5000
01/16/2025 13:04:04 - INFO - cifar10_resnet20_lr0.1_warm-20_train0.10_alpha-1.50-start0_random0.01-start0_batchsize128_freddy-batchnummul5-interalmul1.0_thresh-factor0.1_seed_0-2025-01-16-12-21-00 -   Epoch 25:	Train Loss: 1.300707	Train Acc: 0.531600	Val Loss: 3.987241	Val Acc: 0.283000
01/16/2025 13:04:04 - INFO - cifar10_resnet20_lr0.1_warm-20_train0.10_alpha-1.50-start0_random0.01-start0_batchsize128_freddy-batchnummul5-interalmul1.0_thresh-factor0.1_seed_0-2025-01-16-12-21-00 -   Epoch 25:	Data Loading Time: 0.021518	Forward Time: 0.015979	Backward Time: 0.008980
01/16/2025 13:05:39 - INFO - cifar10_resnet20_lr0.1_warm-20_train0.10_alpha-1.50-start0_random0.01-start0_batchsize128_freddy-batchnummul5-interalmul1.0_thresh-factor0.1_seed_0-2025-01-16-12-21-00 -   Updating train loader and weights with subset of size 5000
01/16/2025 13:05:44 - INFO - cifar10_resnet20_lr0.1_warm-20_train0.10_alpha-1.50-start0_random0.01-start0_batchsize128_freddy-batchnummul5-interalmul1.0_thresh-factor0.1_seed_0-2025-01-16-12-21-00 -   Updating train loader and weights with subset of size 5000
01/16/2025 13:05:46 - INFO - cifar10_resnet20_lr0.1_warm-20_train0.10_alpha-1.50-start0_random0.01-start0_batchsize128_freddy-batchnummul5-interalmul1.0_thresh-factor0.1_seed_0-2025-01-16-12-21-00 -   Epoch 26:	Train Loss: 1.236339	Train Acc: 0.544600	Val Loss: 4.661838	Val Acc: 0.187400
01/16/2025 13:05:46 - INFO - cifar10_resnet20_lr0.1_warm-20_train0.10_alpha-1.50-start0_random0.01-start0_batchsize128_freddy-batchnummul5-interalmul1.0_thresh-factor0.1_seed_0-2025-01-16-12-21-00 -   Epoch 26:	Data Loading Time: 0.019517	Forward Time: 0.014245	Backward Time: 0.008344
01/16/2025 13:07:25 - INFO - cifar10_resnet20_lr0.1_warm-20_train0.10_alpha-1.50-start0_random0.01-start0_batchsize128_freddy-batchnummul5-interalmul1.0_thresh-factor0.1_seed_0-2025-01-16-12-21-00 -   Updating train loader and weights with subset of size 5000
01/16/2025 13:07:29 - INFO - cifar10_resnet20_lr0.1_warm-20_train0.10_alpha-1.50-start0_random0.01-start0_batchsize128_freddy-batchnummul5-interalmul1.0_thresh-factor0.1_seed_0-2025-01-16-12-21-00 -   Updating train loader and weights with subset of size 5000
01/16/2025 13:07:31 - INFO - cifar10_resnet20_lr0.1_warm-20_train0.10_alpha-1.50-start0_random0.01-start0_batchsize128_freddy-batchnummul5-interalmul1.0_thresh-factor0.1_seed_0-2025-01-16-12-21-00 -   Epoch 27:	Train Loss: 1.297599	Train Acc: 0.531200	Val Loss: 10.075807	Val Acc: 0.114500
01/16/2025 13:07:31 - INFO - cifar10_resnet20_lr0.1_warm-20_train0.10_alpha-1.50-start0_random0.01-start0_batchsize128_freddy-batchnummul5-interalmul1.0_thresh-factor0.1_seed_0-2025-01-16-12-21-00 -   Epoch 27:	Data Loading Time: 0.021092	Forward Time: 0.014654	Backward Time: 0.008191
01/16/2025 13:09:03 - INFO - cifar10_resnet20_lr0.1_warm-20_train0.10_alpha-1.50-start0_random0.01-start0_batchsize128_freddy-batchnummul5-interalmul1.0_thresh-factor0.1_seed_0-2025-01-16-12-21-00 -   Updating train loader and weights with subset of size 5000
01/16/2025 13:09:07 - INFO - cifar10_resnet20_lr0.1_warm-20_train0.10_alpha-1.50-start0_random0.01-start0_batchsize128_freddy-batchnummul5-interalmul1.0_thresh-factor0.1_seed_0-2025-01-16-12-21-00 -   Updating train loader and weights with subset of size 5000
01/16/2025 13:09:08 - INFO - cifar10_resnet20_lr0.1_warm-20_train0.10_alpha-1.50-start0_random0.01-start0_batchsize128_freddy-batchnummul5-interalmul1.0_thresh-factor0.1_seed_0-2025-01-16-12-21-00 -   Epoch 28:	Train Loss: 1.249242	Train Acc: 0.558400	Val Loss: 6.140060	Val Acc: 0.182400
01/16/2025 13:09:08 - INFO - cifar10_resnet20_lr0.1_warm-20_train0.10_alpha-1.50-start0_random0.01-start0_batchsize128_freddy-batchnummul5-interalmul1.0_thresh-factor0.1_seed_0-2025-01-16-12-21-00 -   Epoch 28:	Data Loading Time: 0.028847	Forward Time: 0.008067	Backward Time: 0.008956
01/16/2025 13:10:23 - INFO - cifar10_resnet20_lr0.1_warm-20_train0.10_alpha-1.50-start0_random0.01-start0_batchsize128_freddy-batchnummul5-interalmul1.0_thresh-factor0.1_seed_0-2025-01-16-12-21-00 -   Updating train loader and weights with subset of size 5000
01/16/2025 13:10:27 - INFO - cifar10_resnet20_lr0.1_warm-20_train0.10_alpha-1.50-start0_random0.01-start0_batchsize128_freddy-batchnummul5-interalmul1.0_thresh-factor0.1_seed_0-2025-01-16-12-21-00 -   Updating train loader and weights with subset of size 5000
01/16/2025 13:10:29 - INFO - cifar10_resnet20_lr0.1_warm-20_train0.10_alpha-1.50-start0_random0.01-start0_batchsize128_freddy-batchnummul5-interalmul1.0_thresh-factor0.1_seed_0-2025-01-16-12-21-00 -   Epoch 29:	Train Loss: 1.217538	Train Acc: 0.559200	Val Loss: 5.331179	Val Acc: 0.159700
01/16/2025 13:10:29 - INFO - cifar10_resnet20_lr0.1_warm-20_train0.10_alpha-1.50-start0_random0.01-start0_batchsize128_freddy-batchnummul5-interalmul1.0_thresh-factor0.1_seed_0-2025-01-16-12-21-00 -   Epoch 29:	Data Loading Time: 0.025377	Forward Time: 0.008852	Backward Time: 0.008106
01/16/2025 13:11:48 - INFO - cifar10_resnet20_lr0.1_warm-20_train0.10_alpha-1.50-start0_random0.01-start0_batchsize128_freddy-batchnummul5-interalmul1.0_thresh-factor0.1_seed_0-2025-01-16-12-21-00 -   Updating train loader and weights with subset of size 5000
01/16/2025 13:11:52 - INFO - cifar10_resnet20_lr0.1_warm-20_train0.10_alpha-1.50-start0_random0.01-start0_batchsize128_freddy-batchnummul5-interalmul1.0_thresh-factor0.1_seed_0-2025-01-16-12-21-00 -   Updating train loader and weights with subset of size 5000
01/16/2025 13:11:54 - INFO - cifar10_resnet20_lr0.1_warm-20_train0.10_alpha-1.50-start0_random0.01-start0_batchsize128_freddy-batchnummul5-interalmul1.0_thresh-factor0.1_seed_0-2025-01-16-12-21-00 -   Epoch 30:	Train Loss: 1.196688	Train Acc: 0.570000	Val Loss: 2.239909	Val Acc: 0.364000
01/16/2025 13:11:54 - INFO - cifar10_resnet20_lr0.1_warm-20_train0.10_alpha-1.50-start0_random0.01-start0_batchsize128_freddy-batchnummul5-interalmul1.0_thresh-factor0.1_seed_0-2025-01-16-12-21-00 -   Epoch 30:	Data Loading Time: 0.027088	Forward Time: 0.016171	Backward Time: 0.008355
01/16/2025 13:13:15 - INFO - cifar10_resnet20_lr0.1_warm-20_train0.10_alpha-1.50-start0_random0.01-start0_batchsize128_freddy-batchnummul5-interalmul1.0_thresh-factor0.1_seed_0-2025-01-16-12-21-00 -   Updating train loader and weights with subset of size 5000
01/16/2025 13:13:19 - INFO - cifar10_resnet20_lr0.1_warm-20_train0.10_alpha-1.50-start0_random0.01-start0_batchsize128_freddy-batchnummul5-interalmul1.0_thresh-factor0.1_seed_0-2025-01-16-12-21-00 -   Updating train loader and weights with subset of size 5000
01/16/2025 13:13:21 - INFO - cifar10_resnet20_lr0.1_warm-20_train0.10_alpha-1.50-start0_random0.01-start0_batchsize128_freddy-batchnummul5-interalmul1.0_thresh-factor0.1_seed_0-2025-01-16-12-21-00 -   Epoch 31:	Train Loss: 1.164860	Train Acc: 0.577200	Val Loss: 5.287274	Val Acc: 0.202300
01/16/2025 13:13:21 - INFO - cifar10_resnet20_lr0.1_warm-20_train0.10_alpha-1.50-start0_random0.01-start0_batchsize128_freddy-batchnummul5-interalmul1.0_thresh-factor0.1_seed_0-2025-01-16-12-21-00 -   Epoch 31:	Data Loading Time: 0.022519	Forward Time: 0.016643	Backward Time: 0.007742
01/16/2025 13:14:42 - INFO - cifar10_resnet20_lr0.1_warm-20_train0.10_alpha-1.50-start0_random0.01-start0_batchsize128_freddy-batchnummul5-interalmul1.0_thresh-factor0.1_seed_0-2025-01-16-12-21-00 -   Updating train loader and weights with subset of size 5000
01/16/2025 13:14:46 - INFO - cifar10_resnet20_lr0.1_warm-20_train0.10_alpha-1.50-start0_random0.01-start0_batchsize128_freddy-batchnummul5-interalmul1.0_thresh-factor0.1_seed_0-2025-01-16-12-21-00 -   Updating train loader and weights with subset of size 5000
01/16/2025 13:14:48 - INFO - cifar10_resnet20_lr0.1_warm-20_train0.10_alpha-1.50-start0_random0.01-start0_batchsize128_freddy-batchnummul5-interalmul1.0_thresh-factor0.1_seed_0-2025-01-16-12-21-00 -   Epoch 32:	Train Loss: 1.188467	Train Acc: 0.570600	Val Loss: 2.992525	Val Acc: 0.250500
01/16/2025 13:14:48 - INFO - cifar10_resnet20_lr0.1_warm-20_train0.10_alpha-1.50-start0_random0.01-start0_batchsize128_freddy-batchnummul5-interalmul1.0_thresh-factor0.1_seed_0-2025-01-16-12-21-00 -   Epoch 32:	Data Loading Time: 0.026431	Forward Time: 0.007066	Backward Time: 0.008213
01/16/2025 13:16:09 - INFO - cifar10_resnet20_lr0.1_warm-20_train0.10_alpha-1.50-start0_random0.01-start0_batchsize128_freddy-batchnummul5-interalmul1.0_thresh-factor0.1_seed_0-2025-01-16-12-21-00 -   Updating train loader and weights with subset of size 5000
01/16/2025 13:16:13 - INFO - cifar10_resnet20_lr0.1_warm-20_train0.10_alpha-1.50-start0_random0.01-start0_batchsize128_freddy-batchnummul5-interalmul1.0_thresh-factor0.1_seed_0-2025-01-16-12-21-00 -   Updating train loader and weights with subset of size 5000
01/16/2025 13:16:16 - INFO - cifar10_resnet20_lr0.1_warm-20_train0.10_alpha-1.50-start0_random0.01-start0_batchsize128_freddy-batchnummul5-interalmul1.0_thresh-factor0.1_seed_0-2025-01-16-12-21-00 -   Epoch 33:	Train Loss: 1.134629	Train Acc: 0.585200	Val Loss: 2.452405	Val Acc: 0.374900
01/16/2025 13:16:16 - INFO - cifar10_resnet20_lr0.1_warm-20_train0.10_alpha-1.50-start0_random0.01-start0_batchsize128_freddy-batchnummul5-interalmul1.0_thresh-factor0.1_seed_0-2025-01-16-12-21-00 -   Epoch 33:	Data Loading Time: 0.030841	Forward Time: 0.017347	Backward Time: 0.009033
01/16/2025 13:17:44 - INFO - cifar10_resnet20_lr0.1_warm-20_train0.10_alpha-1.50-start0_random0.01-start0_batchsize128_freddy-batchnummul5-interalmul1.0_thresh-factor0.1_seed_0-2025-01-16-12-21-00 -   Updating train loader and weights with subset of size 5000
01/16/2025 13:17:47 - INFO - cifar10_resnet20_lr0.1_warm-20_train0.10_alpha-1.50-start0_random0.01-start0_batchsize128_freddy-batchnummul5-interalmul1.0_thresh-factor0.1_seed_0-2025-01-16-12-21-00 -   Updating train loader and weights with subset of size 5000
01/16/2025 13:17:49 - INFO - cifar10_resnet20_lr0.1_warm-20_train0.10_alpha-1.50-start0_random0.01-start0_batchsize128_freddy-batchnummul5-interalmul1.0_thresh-factor0.1_seed_0-2025-01-16-12-21-00 -   Epoch 34:	Train Loss: 1.137632	Train Acc: 0.587600	Val Loss: 4.123277	Val Acc: 0.234000
01/16/2025 13:17:49 - INFO - cifar10_resnet20_lr0.1_warm-20_train0.10_alpha-1.50-start0_random0.01-start0_batchsize128_freddy-batchnummul5-interalmul1.0_thresh-factor0.1_seed_0-2025-01-16-12-21-00 -   Epoch 34:	Data Loading Time: 0.018686	Forward Time: 0.006660	Backward Time: 0.008108
01/16/2025 13:19:17 - INFO - cifar10_resnet20_lr0.1_warm-20_train0.10_alpha-1.50-start0_random0.01-start0_batchsize128_freddy-batchnummul5-interalmul1.0_thresh-factor0.1_seed_0-2025-01-16-12-21-00 -   Updating train loader and weights with subset of size 5000
01/16/2025 13:19:22 - INFO - cifar10_resnet20_lr0.1_warm-20_train0.10_alpha-1.50-start0_random0.01-start0_batchsize128_freddy-batchnummul5-interalmul1.0_thresh-factor0.1_seed_0-2025-01-16-12-21-00 -   Updating train loader and weights with subset of size 5000
01/16/2025 13:19:24 - INFO - cifar10_resnet20_lr0.1_warm-20_train0.10_alpha-1.50-start0_random0.01-start0_batchsize128_freddy-batchnummul5-interalmul1.0_thresh-factor0.1_seed_0-2025-01-16-12-21-00 -   Epoch 35:	Train Loss: 1.132628	Train Acc: 0.599800	Val Loss: 3.497444	Val Acc: 0.256400
01/16/2025 13:19:24 - INFO - cifar10_resnet20_lr0.1_warm-20_train0.10_alpha-1.50-start0_random0.01-start0_batchsize128_freddy-batchnummul5-interalmul1.0_thresh-factor0.1_seed_0-2025-01-16-12-21-00 -   Epoch 35:	Data Loading Time: 0.022909	Forward Time: 0.019994	Backward Time: 0.009945
01/16/2025 13:20:50 - INFO - cifar10_resnet20_lr0.1_warm-20_train0.10_alpha-1.50-start0_random0.01-start0_batchsize128_freddy-batchnummul5-interalmul1.0_thresh-factor0.1_seed_0-2025-01-16-12-21-00 -   Updating train loader and weights with subset of size 5000
01/16/2025 13:20:54 - INFO - cifar10_resnet20_lr0.1_warm-20_train0.10_alpha-1.50-start0_random0.01-start0_batchsize128_freddy-batchnummul5-interalmul1.0_thresh-factor0.1_seed_0-2025-01-16-12-21-00 -   Updating train loader and weights with subset of size 5000
01/16/2025 13:20:56 - INFO - cifar10_resnet20_lr0.1_warm-20_train0.10_alpha-1.50-start0_random0.01-start0_batchsize128_freddy-batchnummul5-interalmul1.0_thresh-factor0.1_seed_0-2025-01-16-12-21-00 -   Epoch 36:	Train Loss: 1.111207	Train Acc: 0.599400	Val Loss: 5.181302	Val Acc: 0.219300
01/16/2025 13:20:56 - INFO - cifar10_resnet20_lr0.1_warm-20_train0.10_alpha-1.50-start0_random0.01-start0_batchsize128_freddy-batchnummul5-interalmul1.0_thresh-factor0.1_seed_0-2025-01-16-12-21-00 -   Epoch 36:	Data Loading Time: 0.018052	Forward Time: 0.014333	Backward Time: 0.009312
01/16/2025 13:22:21 - INFO - cifar10_resnet20_lr0.1_warm-20_train0.10_alpha-1.50-start0_random0.01-start0_batchsize128_freddy-batchnummul5-interalmul1.0_thresh-factor0.1_seed_0-2025-01-16-12-21-00 -   Updating train loader and weights with subset of size 5000
01/16/2025 13:22:24 - INFO - cifar10_resnet20_lr0.1_warm-20_train0.10_alpha-1.50-start0_random0.01-start0_batchsize128_freddy-batchnummul5-interalmul1.0_thresh-factor0.1_seed_0-2025-01-16-12-21-00 -   Updating train loader and weights with subset of size 5000
01/16/2025 13:22:26 - INFO - cifar10_resnet20_lr0.1_warm-20_train0.10_alpha-1.50-start0_random0.01-start0_batchsize128_freddy-batchnummul5-interalmul1.0_thresh-factor0.1_seed_0-2025-01-16-12-21-00 -   Epoch 37:	Train Loss: 1.130251	Train Acc: 0.602200	Val Loss: 3.932952	Val Acc: 0.285200
01/16/2025 13:22:26 - INFO - cifar10_resnet20_lr0.1_warm-20_train0.10_alpha-1.50-start0_random0.01-start0_batchsize128_freddy-batchnummul5-interalmul1.0_thresh-factor0.1_seed_0-2025-01-16-12-21-00 -   Epoch 37:	Data Loading Time: 0.029885	Forward Time: 0.007939	Backward Time: 0.009761
01/16/2025 13:23:45 - INFO - cifar10_resnet20_lr0.1_warm-20_train0.10_alpha-1.50-start0_random0.01-start0_batchsize128_freddy-batchnummul5-interalmul1.0_thresh-factor0.1_seed_0-2025-01-16-12-21-00 -   Updating train loader and weights with subset of size 5000
01/16/2025 13:23:50 - INFO - cifar10_resnet20_lr0.1_warm-20_train0.10_alpha-1.50-start0_random0.01-start0_batchsize128_freddy-batchnummul5-interalmul1.0_thresh-factor0.1_seed_0-2025-01-16-12-21-00 -   Updating train loader and weights with subset of size 5000
01/16/2025 13:23:51 - INFO - cifar10_resnet20_lr0.1_warm-20_train0.10_alpha-1.50-start0_random0.01-start0_batchsize128_freddy-batchnummul5-interalmul1.0_thresh-factor0.1_seed_0-2025-01-16-12-21-00 -   Epoch 38:	Train Loss: 1.073950	Train Acc: 0.620800	Val Loss: 1.904416	Val Acc: 0.498600
01/16/2025 13:23:51 - INFO - cifar10_resnet20_lr0.1_warm-20_train0.10_alpha-1.50-start0_random0.01-start0_batchsize128_freddy-batchnummul5-interalmul1.0_thresh-factor0.1_seed_0-2025-01-16-12-21-00 -   Epoch 38:	Data Loading Time: 0.028298	Forward Time: 0.009777	Backward Time: 0.008220
01/16/2025 13:25:18 - INFO - cifar10_resnet20_lr0.1_warm-20_train0.10_alpha-1.50-start0_random0.01-start0_batchsize128_freddy-batchnummul5-interalmul1.0_thresh-factor0.1_seed_0-2025-01-16-12-21-00 -   Updating train loader and weights with subset of size 5000
01/16/2025 13:25:22 - INFO - cifar10_resnet20_lr0.1_warm-20_train0.10_alpha-1.50-start0_random0.01-start0_batchsize128_freddy-batchnummul5-interalmul1.0_thresh-factor0.1_seed_0-2025-01-16-12-21-00 -   Updating train loader and weights with subset of size 5000
01/16/2025 13:25:25 - INFO - cifar10_resnet20_lr0.1_warm-20_train0.10_alpha-1.50-start0_random0.01-start0_batchsize128_freddy-batchnummul5-interalmul1.0_thresh-factor0.1_seed_0-2025-01-16-12-21-00 -   Epoch 39:	Train Loss: 1.080986	Train Acc: 0.617800	Val Loss: 1.832506	Val Acc: 0.456700
01/16/2025 13:25:25 - INFO - cifar10_resnet20_lr0.1_warm-20_train0.10_alpha-1.50-start0_random0.01-start0_batchsize128_freddy-batchnummul5-interalmul1.0_thresh-factor0.1_seed_0-2025-01-16-12-21-00 -   Epoch 39:	Data Loading Time: 0.027961	Forward Time: 0.010379	Backward Time: 0.008692
01/16/2025 13:26:51 - INFO - cifar10_resnet20_lr0.1_warm-20_train0.10_alpha-1.50-start0_random0.01-start0_batchsize128_freddy-batchnummul5-interalmul1.0_thresh-factor0.1_seed_0-2025-01-16-12-21-00 -   Updating train loader and weights with subset of size 5000
01/16/2025 13:26:55 - INFO - cifar10_resnet20_lr0.1_warm-20_train0.10_alpha-1.50-start0_random0.01-start0_batchsize128_freddy-batchnummul5-interalmul1.0_thresh-factor0.1_seed_0-2025-01-16-12-21-00 -   Updating train loader and weights with subset of size 5000
01/16/2025 13:26:57 - INFO - cifar10_resnet20_lr0.1_warm-20_train0.10_alpha-1.50-start0_random0.01-start0_batchsize128_freddy-batchnummul5-interalmul1.0_thresh-factor0.1_seed_0-2025-01-16-12-21-00 -   Epoch 40:	Train Loss: 1.065245	Train Acc: 0.619400	Val Loss: 4.323879	Val Acc: 0.290700
01/16/2025 13:26:57 - INFO - cifar10_resnet20_lr0.1_warm-20_train0.10_alpha-1.50-start0_random0.01-start0_batchsize128_freddy-batchnummul5-interalmul1.0_thresh-factor0.1_seed_0-2025-01-16-12-21-00 -   Epoch 40:	Data Loading Time: 0.027520	Forward Time: 0.007945	Backward Time: 0.008562
01/16/2025 13:28:20 - INFO - cifar10_resnet20_lr0.1_warm-20_train0.10_alpha-1.50-start0_random0.01-start0_batchsize128_freddy-batchnummul5-interalmul1.0_thresh-factor0.1_seed_0-2025-01-16-12-21-00 -   Updating train loader and weights with subset of size 5000
01/16/2025 13:28:23 - INFO - cifar10_resnet20_lr0.1_warm-20_train0.10_alpha-1.50-start0_random0.01-start0_batchsize128_freddy-batchnummul5-interalmul1.0_thresh-factor0.1_seed_0-2025-01-16-12-21-00 -   Updating train loader and weights with subset of size 5000
01/16/2025 13:28:26 - INFO - cifar10_resnet20_lr0.1_warm-20_train0.10_alpha-1.50-start0_random0.01-start0_batchsize128_freddy-batchnummul5-interalmul1.0_thresh-factor0.1_seed_0-2025-01-16-12-21-00 -   Epoch 41:	Train Loss: 1.034391	Train Acc: 0.631800	Val Loss: 2.546929	Val Acc: 0.427900
01/16/2025 13:28:26 - INFO - cifar10_resnet20_lr0.1_warm-20_train0.10_alpha-1.50-start0_random0.01-start0_batchsize128_freddy-batchnummul5-interalmul1.0_thresh-factor0.1_seed_0-2025-01-16-12-21-00 -   Epoch 41:	Data Loading Time: 0.021126	Forward Time: 0.013507	Backward Time: 0.008699
01/16/2025 13:29:54 - INFO - cifar10_resnet20_lr0.1_warm-20_train0.10_alpha-1.50-start0_random0.01-start0_batchsize128_freddy-batchnummul5-interalmul1.0_thresh-factor0.1_seed_0-2025-01-16-12-21-00 -   Updating train loader and weights with subset of size 5000
01/16/2025 13:29:59 - INFO - cifar10_resnet20_lr0.1_warm-20_train0.10_alpha-1.50-start0_random0.01-start0_batchsize128_freddy-batchnummul5-interalmul1.0_thresh-factor0.1_seed_0-2025-01-16-12-21-00 -   Updating train loader and weights with subset of size 5000
01/16/2025 13:30:01 - INFO - cifar10_resnet20_lr0.1_warm-20_train0.10_alpha-1.50-start0_random0.01-start0_batchsize128_freddy-batchnummul5-interalmul1.0_thresh-factor0.1_seed_0-2025-01-16-12-21-00 -   Epoch 42:	Train Loss: 1.043787	Train Acc: 0.631600	Val Loss: 4.874272	Val Acc: 0.252200
01/16/2025 13:30:01 - INFO - cifar10_resnet20_lr0.1_warm-20_train0.10_alpha-1.50-start0_random0.01-start0_batchsize128_freddy-batchnummul5-interalmul1.0_thresh-factor0.1_seed_0-2025-01-16-12-21-00 -   Epoch 42:	Data Loading Time: 0.018491	Forward Time: 0.020324	Backward Time: 0.010012
01/16/2025 13:31:27 - INFO - cifar10_resnet20_lr0.1_warm-20_train0.10_alpha-1.50-start0_random0.01-start0_batchsize128_freddy-batchnummul5-interalmul1.0_thresh-factor0.1_seed_0-2025-01-16-12-21-00 -   Updating train loader and weights with subset of size 5000
01/16/2025 13:31:31 - INFO - cifar10_resnet20_lr0.1_warm-20_train0.10_alpha-1.50-start0_random0.01-start0_batchsize128_freddy-batchnummul5-interalmul1.0_thresh-factor0.1_seed_0-2025-01-16-12-21-00 -   Updating train loader and weights with subset of size 5000
01/16/2025 13:31:33 - INFO - cifar10_resnet20_lr0.1_warm-20_train0.10_alpha-1.50-start0_random0.01-start0_batchsize128_freddy-batchnummul5-interalmul1.0_thresh-factor0.1_seed_0-2025-01-16-12-21-00 -   Epoch 43:	Train Loss: 1.054338	Train Acc: 0.622200	Val Loss: 1.818484	Val Acc: 0.456200
01/16/2025 13:31:33 - INFO - cifar10_resnet20_lr0.1_warm-20_train0.10_alpha-1.50-start0_random0.01-start0_batchsize128_freddy-batchnummul5-interalmul1.0_thresh-factor0.1_seed_0-2025-01-16-12-21-00 -   Epoch 43:	Data Loading Time: 0.026522	Forward Time: 0.009862	Backward Time: 0.008452
01/16/2025 13:32:59 - INFO - cifar10_resnet20_lr0.1_warm-20_train0.10_alpha-1.50-start0_random0.01-start0_batchsize128_freddy-batchnummul5-interalmul1.0_thresh-factor0.1_seed_0-2025-01-16-12-21-00 -   Updating train loader and weights with subset of size 5000
01/16/2025 13:33:03 - INFO - cifar10_resnet20_lr0.1_warm-20_train0.10_alpha-1.50-start0_random0.01-start0_batchsize128_freddy-batchnummul5-interalmul1.0_thresh-factor0.1_seed_0-2025-01-16-12-21-00 -   Updating train loader and weights with subset of size 5000
01/16/2025 13:33:04 - INFO - cifar10_resnet20_lr0.1_warm-20_train0.10_alpha-1.50-start0_random0.01-start0_batchsize128_freddy-batchnummul5-interalmul1.0_thresh-factor0.1_seed_0-2025-01-16-12-21-00 -   Epoch 44:	Train Loss: 0.999619	Train Acc: 0.648000	Val Loss: 6.905903	Val Acc: 0.250800
01/16/2025 13:33:04 - INFO - cifar10_resnet20_lr0.1_warm-20_train0.10_alpha-1.50-start0_random0.01-start0_batchsize128_freddy-batchnummul5-interalmul1.0_thresh-factor0.1_seed_0-2025-01-16-12-21-00 -   Epoch 44:	Data Loading Time: 0.024124	Forward Time: 0.008138	Backward Time: 0.008552
01/16/2025 13:34:16 - INFO - cifar10_resnet20_lr0.1_warm-20_train0.10_alpha-1.50-start0_random0.01-start0_batchsize128_freddy-batchnummul5-interalmul1.0_thresh-factor0.1_seed_0-2025-01-16-12-21-00 -   Updating train loader and weights with subset of size 5000
01/16/2025 13:34:18 - INFO - cifar10_resnet20_lr0.1_warm-20_train0.10_alpha-1.50-start0_random0.01-start0_batchsize128_freddy-batchnummul5-interalmul1.0_thresh-factor0.1_seed_0-2025-01-16-12-21-00 -   Updating train loader and weights with subset of size 5000
01/16/2025 13:34:20 - INFO - cifar10_resnet20_lr0.1_warm-20_train0.10_alpha-1.50-start0_random0.01-start0_batchsize128_freddy-batchnummul5-interalmul1.0_thresh-factor0.1_seed_0-2025-01-16-12-21-00 -   Epoch 45:	Train Loss: 1.019942	Train Acc: 0.639200	Val Loss: 1.700216	Val Acc: 0.508600
01/16/2025 13:34:20 - INFO - cifar10_resnet20_lr0.1_warm-20_train0.10_alpha-1.50-start0_random0.01-start0_batchsize128_freddy-batchnummul5-interalmul1.0_thresh-factor0.1_seed_0-2025-01-16-12-21-00 -   Epoch 45:	Data Loading Time: 0.024522	Forward Time: 0.008664	Backward Time: 0.009855
01/16/2025 13:35:15 - INFO - cifar10_resnet20_lr0.1_warm-20_train0.10_alpha-1.50-start0_random0.01-start0_batchsize128_freddy-batchnummul5-interalmul1.0_thresh-factor0.1_seed_0-2025-01-16-12-21-00 -   Updating train loader and weights with subset of size 5000
01/16/2025 13:35:18 - INFO - cifar10_resnet20_lr0.1_warm-20_train0.10_alpha-1.50-start0_random0.01-start0_batchsize128_freddy-batchnummul5-interalmul1.0_thresh-factor0.1_seed_0-2025-01-16-12-21-00 -   Updating train loader and weights with subset of size 5000
01/16/2025 13:35:19 - INFO - cifar10_resnet20_lr0.1_warm-20_train0.10_alpha-1.50-start0_random0.01-start0_batchsize128_freddy-batchnummul5-interalmul1.0_thresh-factor0.1_seed_0-2025-01-16-12-21-00 -   Epoch 46:	Train Loss: 0.963473	Train Acc: 0.654800	Val Loss: 1.851484	Val Acc: 0.456100
01/16/2025 13:35:19 - INFO - cifar10_resnet20_lr0.1_warm-20_train0.10_alpha-1.50-start0_random0.01-start0_batchsize128_freddy-batchnummul5-interalmul1.0_thresh-factor0.1_seed_0-2025-01-16-12-21-00 -   Epoch 46:	Data Loading Time: 0.024992	Forward Time: 0.007797	Backward Time: 0.009233
01/16/2025 13:36:16 - INFO - cifar10_resnet20_lr0.1_warm-20_train0.10_alpha-1.50-start0_random0.01-start0_batchsize128_freddy-batchnummul5-interalmul1.0_thresh-factor0.1_seed_0-2025-01-16-12-21-00 -   Updating train loader and weights with subset of size 5000
01/16/2025 13:36:19 - INFO - cifar10_resnet20_lr0.1_warm-20_train0.10_alpha-1.50-start0_random0.01-start0_batchsize128_freddy-batchnummul5-interalmul1.0_thresh-factor0.1_seed_0-2025-01-16-12-21-00 -   Updating train loader and weights with subset of size 5000
01/16/2025 13:36:20 - INFO - cifar10_resnet20_lr0.1_warm-20_train0.10_alpha-1.50-start0_random0.01-start0_batchsize128_freddy-batchnummul5-interalmul1.0_thresh-factor0.1_seed_0-2025-01-16-12-21-00 -   Epoch 47:	Train Loss: 0.963846	Train Acc: 0.660400	Val Loss: 2.608769	Val Acc: 0.414000
01/16/2025 13:36:20 - INFO - cifar10_resnet20_lr0.1_warm-20_train0.10_alpha-1.50-start0_random0.01-start0_batchsize128_freddy-batchnummul5-interalmul1.0_thresh-factor0.1_seed_0-2025-01-16-12-21-00 -   Epoch 47:	Data Loading Time: 0.021186	Forward Time: 0.007895	Backward Time: 0.008786
01/16/2025 13:37:20 - INFO - cifar10_resnet20_lr0.1_warm-20_train0.10_alpha-1.50-start0_random0.01-start0_batchsize128_freddy-batchnummul5-interalmul1.0_thresh-factor0.1_seed_0-2025-01-16-12-21-00 -   Updating train loader and weights with subset of size 5000
01/16/2025 13:37:23 - INFO - cifar10_resnet20_lr0.1_warm-20_train0.10_alpha-1.50-start0_random0.01-start0_batchsize128_freddy-batchnummul5-interalmul1.0_thresh-factor0.1_seed_0-2025-01-16-12-21-00 -   Updating train loader and weights with subset of size 5000
01/16/2025 13:37:25 - INFO - cifar10_resnet20_lr0.1_warm-20_train0.10_alpha-1.50-start0_random0.01-start0_batchsize128_freddy-batchnummul5-interalmul1.0_thresh-factor0.1_seed_0-2025-01-16-12-21-00 -   Epoch 48:	Train Loss: 0.970685	Train Acc: 0.657200	Val Loss: 1.817302	Val Acc: 0.449700
01/16/2025 13:37:25 - INFO - cifar10_resnet20_lr0.1_warm-20_train0.10_alpha-1.50-start0_random0.01-start0_batchsize128_freddy-batchnummul5-interalmul1.0_thresh-factor0.1_seed_0-2025-01-16-12-21-00 -   Epoch 48:	Data Loading Time: 0.022281	Forward Time: 0.011501	Backward Time: 0.009100
01/16/2025 13:38:22 - INFO - cifar10_resnet20_lr0.1_warm-20_train0.10_alpha-1.50-start0_random0.01-start0_batchsize128_freddy-batchnummul5-interalmul1.0_thresh-factor0.1_seed_0-2025-01-16-12-21-00 -   Updating train loader and weights with subset of size 5000
01/16/2025 13:38:25 - INFO - cifar10_resnet20_lr0.1_warm-20_train0.10_alpha-1.50-start0_random0.01-start0_batchsize128_freddy-batchnummul5-interalmul1.0_thresh-factor0.1_seed_0-2025-01-16-12-21-00 -   Updating train loader and weights with subset of size 5000
01/16/2025 13:38:26 - INFO - cifar10_resnet20_lr0.1_warm-20_train0.10_alpha-1.50-start0_random0.01-start0_batchsize128_freddy-batchnummul5-interalmul1.0_thresh-factor0.1_seed_0-2025-01-16-12-21-00 -   Epoch 49:	Train Loss: 0.956026	Train Acc: 0.658400	Val Loss: 5.280601	Val Acc: 0.208400
01/16/2025 13:38:26 - INFO - cifar10_resnet20_lr0.1_warm-20_train0.10_alpha-1.50-start0_random0.01-start0_batchsize128_freddy-batchnummul5-interalmul1.0_thresh-factor0.1_seed_0-2025-01-16-12-21-00 -   Epoch 49:	Data Loading Time: 0.021856	Forward Time: 0.007189	Backward Time: 0.008527
01/16/2025 13:39:22 - INFO - cifar10_resnet20_lr0.1_warm-20_train0.10_alpha-1.50-start0_random0.01-start0_batchsize128_freddy-batchnummul5-interalmul1.0_thresh-factor0.1_seed_0-2025-01-16-12-21-00 -   Updating train loader and weights with subset of size 5000
01/16/2025 13:39:25 - INFO - cifar10_resnet20_lr0.1_warm-20_train0.10_alpha-1.50-start0_random0.01-start0_batchsize128_freddy-batchnummul5-interalmul1.0_thresh-factor0.1_seed_0-2025-01-16-12-21-00 -   Updating train loader and weights with subset of size 5000
01/16/2025 13:39:26 - INFO - cifar10_resnet20_lr0.1_warm-20_train0.10_alpha-1.50-start0_random0.01-start0_batchsize128_freddy-batchnummul5-interalmul1.0_thresh-factor0.1_seed_0-2025-01-16-12-21-00 -   Epoch 50:	Train Loss: 0.962049	Train Acc: 0.654400	Val Loss: 3.940595	Val Acc: 0.291800
01/16/2025 13:39:26 - INFO - cifar10_resnet20_lr0.1_warm-20_train0.10_alpha-1.50-start0_random0.01-start0_batchsize128_freddy-batchnummul5-interalmul1.0_thresh-factor0.1_seed_0-2025-01-16-12-21-00 -   Epoch 50:	Data Loading Time: 0.024005	Forward Time: 0.007769	Backward Time: 0.008937
01/16/2025 13:40:21 - INFO - cifar10_resnet20_lr0.1_warm-20_train0.10_alpha-1.50-start0_random0.01-start0_batchsize128_freddy-batchnummul5-interalmul1.0_thresh-factor0.1_seed_0-2025-01-16-12-21-00 -   Updating train loader and weights with subset of size 5000
01/16/2025 13:40:23 - INFO - cifar10_resnet20_lr0.1_warm-20_train0.10_alpha-1.50-start0_random0.01-start0_batchsize128_freddy-batchnummul5-interalmul1.0_thresh-factor0.1_seed_0-2025-01-16-12-21-00 -   Updating train loader and weights with subset of size 5000
01/16/2025 13:40:25 - INFO - cifar10_resnet20_lr0.1_warm-20_train0.10_alpha-1.50-start0_random0.01-start0_batchsize128_freddy-batchnummul5-interalmul1.0_thresh-factor0.1_seed_0-2025-01-16-12-21-00 -   Epoch 51:	Train Loss: 0.965065	Train Acc: 0.657400	Val Loss: 1.849978	Val Acc: 0.465500
01/16/2025 13:40:25 - INFO - cifar10_resnet20_lr0.1_warm-20_train0.10_alpha-1.50-start0_random0.01-start0_batchsize128_freddy-batchnummul5-interalmul1.0_thresh-factor0.1_seed_0-2025-01-16-12-21-00 -   Epoch 51:	Data Loading Time: 0.024643	Forward Time: 0.008077	Backward Time: 0.008222
01/16/2025 13:41:26 - INFO - cifar10_resnet20_lr0.1_warm-20_train0.10_alpha-1.50-start0_random0.01-start0_batchsize128_freddy-batchnummul5-interalmul1.0_thresh-factor0.1_seed_0-2025-01-16-12-21-00 -   Updating train loader and weights with subset of size 5000
01/16/2025 13:41:29 - INFO - cifar10_resnet20_lr0.1_warm-20_train0.10_alpha-1.50-start0_random0.01-start0_batchsize128_freddy-batchnummul5-interalmul1.0_thresh-factor0.1_seed_0-2025-01-16-12-21-00 -   Updating train loader and weights with subset of size 5000
01/16/2025 13:41:30 - INFO - cifar10_resnet20_lr0.1_warm-20_train0.10_alpha-1.50-start0_random0.01-start0_batchsize128_freddy-batchnummul5-interalmul1.0_thresh-factor0.1_seed_0-2025-01-16-12-21-00 -   Epoch 52:	Train Loss: 0.925186	Train Acc: 0.668800	Val Loss: 1.556044	Val Acc: 0.571300
01/16/2025 13:41:30 - INFO - cifar10_resnet20_lr0.1_warm-20_train0.10_alpha-1.50-start0_random0.01-start0_batchsize128_freddy-batchnummul5-interalmul1.0_thresh-factor0.1_seed_0-2025-01-16-12-21-00 -   Epoch 52:	Data Loading Time: 0.024646	Forward Time: 0.007651	Backward Time: 0.010070
01/16/2025 13:42:29 - INFO - cifar10_resnet20_lr0.1_warm-20_train0.10_alpha-1.50-start0_random0.01-start0_batchsize128_freddy-batchnummul5-interalmul1.0_thresh-factor0.1_seed_0-2025-01-16-12-21-00 -   Updating train loader and weights with subset of size 5000
01/16/2025 13:42:31 - INFO - cifar10_resnet20_lr0.1_warm-20_train0.10_alpha-1.50-start0_random0.01-start0_batchsize128_freddy-batchnummul5-interalmul1.0_thresh-factor0.1_seed_0-2025-01-16-12-21-00 -   Updating train loader and weights with subset of size 5000
01/16/2025 13:42:33 - INFO - cifar10_resnet20_lr0.1_warm-20_train0.10_alpha-1.50-start0_random0.01-start0_batchsize128_freddy-batchnummul5-interalmul1.0_thresh-factor0.1_seed_0-2025-01-16-12-21-00 -   Epoch 53:	Train Loss: 0.915430	Train Acc: 0.677800	Val Loss: 1.787570	Val Acc: 0.438600
01/16/2025 13:42:33 - INFO - cifar10_resnet20_lr0.1_warm-20_train0.10_alpha-1.50-start0_random0.01-start0_batchsize128_freddy-batchnummul5-interalmul1.0_thresh-factor0.1_seed_0-2025-01-16-12-21-00 -   Epoch 53:	Data Loading Time: 0.024243	Forward Time: 0.006933	Backward Time: 0.006343
01/16/2025 13:43:32 - INFO - cifar10_resnet20_lr0.1_warm-20_train0.10_alpha-1.50-start0_random0.01-start0_batchsize128_freddy-batchnummul5-interalmul1.0_thresh-factor0.1_seed_0-2025-01-16-12-21-00 -   Updating train loader and weights with subset of size 5000
01/16/2025 13:43:35 - INFO - cifar10_resnet20_lr0.1_warm-20_train0.10_alpha-1.50-start0_random0.01-start0_batchsize128_freddy-batchnummul5-interalmul1.0_thresh-factor0.1_seed_0-2025-01-16-12-21-00 -   Updating train loader and weights with subset of size 5000
01/16/2025 13:43:36 - INFO - cifar10_resnet20_lr0.1_warm-20_train0.10_alpha-1.50-start0_random0.01-start0_batchsize128_freddy-batchnummul5-interalmul1.0_thresh-factor0.1_seed_0-2025-01-16-12-21-00 -   Epoch 54:	Train Loss: 0.933431	Train Acc: 0.665400	Val Loss: 1.708693	Val Acc: 0.493400
01/16/2025 13:43:36 - INFO - cifar10_resnet20_lr0.1_warm-20_train0.10_alpha-1.50-start0_random0.01-start0_batchsize128_freddy-batchnummul5-interalmul1.0_thresh-factor0.1_seed_0-2025-01-16-12-21-00 -   Epoch 54:	Data Loading Time: 0.018842	Forward Time: 0.005897	Backward Time: 0.009907
01/16/2025 13:44:36 - INFO - cifar10_resnet20_lr0.1_warm-20_train0.10_alpha-1.50-start0_random0.01-start0_batchsize128_freddy-batchnummul5-interalmul1.0_thresh-factor0.1_seed_0-2025-01-16-12-21-00 -   Updating train loader and weights with subset of size 5000
01/16/2025 13:44:38 - INFO - cifar10_resnet20_lr0.1_warm-20_train0.10_alpha-1.50-start0_random0.01-start0_batchsize128_freddy-batchnummul5-interalmul1.0_thresh-factor0.1_seed_0-2025-01-16-12-21-00 -   Updating train loader and weights with subset of size 5000
01/16/2025 13:44:40 - INFO - cifar10_resnet20_lr0.1_warm-20_train0.10_alpha-1.50-start0_random0.01-start0_batchsize128_freddy-batchnummul5-interalmul1.0_thresh-factor0.1_seed_0-2025-01-16-12-21-00 -   Epoch 55:	Train Loss: 0.905357	Train Acc: 0.678400	Val Loss: 1.970603	Val Acc: 0.478500
01/16/2025 13:44:40 - INFO - cifar10_resnet20_lr0.1_warm-20_train0.10_alpha-1.50-start0_random0.01-start0_batchsize128_freddy-batchnummul5-interalmul1.0_thresh-factor0.1_seed_0-2025-01-16-12-21-00 -   Epoch 55:	Data Loading Time: 0.018874	Forward Time: 0.006306	Backward Time: 0.008803
01/16/2025 13:45:41 - INFO - cifar10_resnet20_lr0.1_warm-20_train0.10_alpha-1.50-start0_random0.01-start0_batchsize128_freddy-batchnummul5-interalmul1.0_thresh-factor0.1_seed_0-2025-01-16-12-21-00 -   Updating train loader and weights with subset of size 5000
01/16/2025 13:45:44 - INFO - cifar10_resnet20_lr0.1_warm-20_train0.10_alpha-1.50-start0_random0.01-start0_batchsize128_freddy-batchnummul5-interalmul1.0_thresh-factor0.1_seed_0-2025-01-16-12-21-00 -   Updating train loader and weights with subset of size 5000
01/16/2025 13:45:46 - INFO - cifar10_resnet20_lr0.1_warm-20_train0.10_alpha-1.50-start0_random0.01-start0_batchsize128_freddy-batchnummul5-interalmul1.0_thresh-factor0.1_seed_0-2025-01-16-12-21-00 -   Epoch 56:	Train Loss: 0.896619	Train Acc: 0.683400	Val Loss: 2.224144	Val Acc: 0.470200
01/16/2025 13:45:46 - INFO - cifar10_resnet20_lr0.1_warm-20_train0.10_alpha-1.50-start0_random0.01-start0_batchsize128_freddy-batchnummul5-interalmul1.0_thresh-factor0.1_seed_0-2025-01-16-12-21-00 -   Epoch 56:	Data Loading Time: 0.022599	Forward Time: 0.008873	Backward Time: 0.008888
01/16/2025 13:46:48 - INFO - cifar10_resnet20_lr0.1_warm-20_train0.10_alpha-1.50-start0_random0.01-start0_batchsize128_freddy-batchnummul5-interalmul1.0_thresh-factor0.1_seed_0-2025-01-16-12-21-00 -   Updating train loader and weights with subset of size 5000
01/16/2025 13:46:51 - INFO - cifar10_resnet20_lr0.1_warm-20_train0.10_alpha-1.50-start0_random0.01-start0_batchsize128_freddy-batchnummul5-interalmul1.0_thresh-factor0.1_seed_0-2025-01-16-12-21-00 -   Updating train loader and weights with subset of size 5000
01/16/2025 13:46:52 - INFO - cifar10_resnet20_lr0.1_warm-20_train0.10_alpha-1.50-start0_random0.01-start0_batchsize128_freddy-batchnummul5-interalmul1.0_thresh-factor0.1_seed_0-2025-01-16-12-21-00 -   Epoch 57:	Train Loss: 0.876833	Train Acc: 0.696400	Val Loss: 1.210698	Val Acc: 0.609900
01/16/2025 13:46:52 - INFO - cifar10_resnet20_lr0.1_warm-20_train0.10_alpha-1.50-start0_random0.01-start0_batchsize128_freddy-batchnummul5-interalmul1.0_thresh-factor0.1_seed_0-2025-01-16-12-21-00 -   Epoch 57:	Data Loading Time: 0.018298	Forward Time: 0.007138	Backward Time: 0.009135
01/16/2025 13:47:52 - INFO - cifar10_resnet20_lr0.1_warm-20_train0.10_alpha-1.50-start0_random0.01-start0_batchsize128_freddy-batchnummul5-interalmul1.0_thresh-factor0.1_seed_0-2025-01-16-12-21-00 -   Updating train loader and weights with subset of size 5000
01/16/2025 13:47:55 - INFO - cifar10_resnet20_lr0.1_warm-20_train0.10_alpha-1.50-start0_random0.01-start0_batchsize128_freddy-batchnummul5-interalmul1.0_thresh-factor0.1_seed_0-2025-01-16-12-21-00 -   Updating train loader and weights with subset of size 5000
01/16/2025 13:47:57 - INFO - cifar10_resnet20_lr0.1_warm-20_train0.10_alpha-1.50-start0_random0.01-start0_batchsize128_freddy-batchnummul5-interalmul1.0_thresh-factor0.1_seed_0-2025-01-16-12-21-00 -   Epoch 58:	Train Loss: 0.883649	Train Acc: 0.692000	Val Loss: 2.683885	Val Acc: 0.380200
01/16/2025 13:47:57 - INFO - cifar10_resnet20_lr0.1_warm-20_train0.10_alpha-1.50-start0_random0.01-start0_batchsize128_freddy-batchnummul5-interalmul1.0_thresh-factor0.1_seed_0-2025-01-16-12-21-00 -   Epoch 58:	Data Loading Time: 0.026902	Forward Time: 0.008276	Backward Time: 0.009607
01/16/2025 13:48:54 - INFO - cifar10_resnet20_lr0.1_warm-20_train0.10_alpha-1.50-start0_random0.01-start0_batchsize128_freddy-batchnummul5-interalmul1.0_thresh-factor0.1_seed_0-2025-01-16-12-21-00 -   Updating train loader and weights with subset of size 5000
01/16/2025 13:48:57 - INFO - cifar10_resnet20_lr0.1_warm-20_train0.10_alpha-1.50-start0_random0.01-start0_batchsize128_freddy-batchnummul5-interalmul1.0_thresh-factor0.1_seed_0-2025-01-16-12-21-00 -   Updating train loader and weights with subset of size 5000
01/16/2025 13:48:58 - INFO - cifar10_resnet20_lr0.1_warm-20_train0.10_alpha-1.50-start0_random0.01-start0_batchsize128_freddy-batchnummul5-interalmul1.0_thresh-factor0.1_seed_0-2025-01-16-12-21-00 -   Epoch 59:	Train Loss: 0.900433	Train Acc: 0.682400	Val Loss: 2.125738	Val Acc: 0.430100
01/16/2025 13:48:58 - INFO - cifar10_resnet20_lr0.1_warm-20_train0.10_alpha-1.50-start0_random0.01-start0_batchsize128_freddy-batchnummul5-interalmul1.0_thresh-factor0.1_seed_0-2025-01-16-12-21-00 -   Epoch 59:	Data Loading Time: 0.020650	Forward Time: 0.008922	Backward Time: 0.010814
01/16/2025 13:49:53 - INFO - cifar10_resnet20_lr0.1_warm-20_train0.10_alpha-1.50-start0_random0.01-start0_batchsize128_freddy-batchnummul5-interalmul1.0_thresh-factor0.1_seed_0-2025-01-16-12-21-00 -   Updating train loader and weights with subset of size 5000
01/16/2025 13:49:56 - INFO - cifar10_resnet20_lr0.1_warm-20_train0.10_alpha-1.50-start0_random0.01-start0_batchsize128_freddy-batchnummul5-interalmul1.0_thresh-factor0.1_seed_0-2025-01-16-12-21-00 -   Updating train loader and weights with subset of size 5000
01/16/2025 13:49:57 - INFO - cifar10_resnet20_lr0.1_warm-20_train0.10_alpha-1.50-start0_random0.01-start0_batchsize128_freddy-batchnummul5-interalmul1.0_thresh-factor0.1_seed_0-2025-01-16-12-21-00 -   Epoch 60:	Train Loss: 0.865067	Train Acc: 0.691400	Val Loss: 5.376637	Val Acc: 0.257400
01/16/2025 13:49:57 - INFO - cifar10_resnet20_lr0.1_warm-20_train0.10_alpha-1.50-start0_random0.01-start0_batchsize128_freddy-batchnummul5-interalmul1.0_thresh-factor0.1_seed_0-2025-01-16-12-21-00 -   Epoch 60:	Data Loading Time: 0.026150	Forward Time: 0.008638	Backward Time: 0.009281
01/16/2025 13:50:53 - INFO - cifar10_resnet20_lr0.1_warm-20_train0.10_alpha-1.50-start0_random0.01-start0_batchsize128_freddy-batchnummul5-interalmul1.0_thresh-factor0.1_seed_0-2025-01-16-12-21-00 -   Updating train loader and weights with subset of size 5000
01/16/2025 13:50:56 - INFO - cifar10_resnet20_lr0.1_warm-20_train0.10_alpha-1.50-start0_random0.01-start0_batchsize128_freddy-batchnummul5-interalmul1.0_thresh-factor0.1_seed_0-2025-01-16-12-21-00 -   Updating train loader and weights with subset of size 5000
01/16/2025 13:50:58 - INFO - cifar10_resnet20_lr0.1_warm-20_train0.10_alpha-1.50-start0_random0.01-start0_batchsize128_freddy-batchnummul5-interalmul1.0_thresh-factor0.1_seed_0-2025-01-16-12-21-00 -   Epoch 61:	Train Loss: 0.863020	Train Acc: 0.694000	Val Loss: 1.591088	Val Acc: 0.534000
01/16/2025 13:50:58 - INFO - cifar10_resnet20_lr0.1_warm-20_train0.10_alpha-1.50-start0_random0.01-start0_batchsize128_freddy-batchnummul5-interalmul1.0_thresh-factor0.1_seed_0-2025-01-16-12-21-00 -   Epoch 61:	Data Loading Time: 0.024084	Forward Time: 0.008680	Backward Time: 0.008710
01/16/2025 13:51:57 - INFO - cifar10_resnet20_lr0.1_warm-20_train0.10_alpha-1.50-start0_random0.01-start0_batchsize128_freddy-batchnummul5-interalmul1.0_thresh-factor0.1_seed_0-2025-01-16-12-21-00 -   Updating train loader and weights with subset of size 5000
01/16/2025 13:52:00 - INFO - cifar10_resnet20_lr0.1_warm-20_train0.10_alpha-1.50-start0_random0.01-start0_batchsize128_freddy-batchnummul5-interalmul1.0_thresh-factor0.1_seed_0-2025-01-16-12-21-00 -   Updating train loader and weights with subset of size 5000
01/16/2025 13:52:01 - INFO - cifar10_resnet20_lr0.1_warm-20_train0.10_alpha-1.50-start0_random0.01-start0_batchsize128_freddy-batchnummul5-interalmul1.0_thresh-factor0.1_seed_0-2025-01-16-12-21-00 -   Epoch 62:	Train Loss: 0.874138	Train Acc: 0.691600	Val Loss: 2.255529	Val Acc: 0.424200
01/16/2025 13:52:01 - INFO - cifar10_resnet20_lr0.1_warm-20_train0.10_alpha-1.50-start0_random0.01-start0_batchsize128_freddy-batchnummul5-interalmul1.0_thresh-factor0.1_seed_0-2025-01-16-12-21-00 -   Epoch 62:	Data Loading Time: 0.024599	Forward Time: 0.008389	Backward Time: 0.009162
01/16/2025 13:53:00 - INFO - cifar10_resnet20_lr0.1_warm-20_train0.10_alpha-1.50-start0_random0.01-start0_batchsize128_freddy-batchnummul5-interalmul1.0_thresh-factor0.1_seed_0-2025-01-16-12-21-00 -   Updating train loader and weights with subset of size 5000
01/16/2025 13:53:04 - INFO - cifar10_resnet20_lr0.1_warm-20_train0.10_alpha-1.50-start0_random0.01-start0_batchsize128_freddy-batchnummul5-interalmul1.0_thresh-factor0.1_seed_0-2025-01-16-12-21-00 -   Updating train loader and weights with subset of size 5000
01/16/2025 13:53:05 - INFO - cifar10_resnet20_lr0.1_warm-20_train0.10_alpha-1.50-start0_random0.01-start0_batchsize128_freddy-batchnummul5-interalmul1.0_thresh-factor0.1_seed_0-2025-01-16-12-21-00 -   Epoch 63:	Train Loss: 0.879507	Train Acc: 0.687600	Val Loss: 2.992703	Val Acc: 0.295600
01/16/2025 13:53:05 - INFO - cifar10_resnet20_lr0.1_warm-20_train0.10_alpha-1.50-start0_random0.01-start0_batchsize128_freddy-batchnummul5-interalmul1.0_thresh-factor0.1_seed_0-2025-01-16-12-21-00 -   Epoch 63:	Data Loading Time: 0.024700	Forward Time: 0.008827	Backward Time: 0.009521
01/16/2025 13:54:05 - INFO - cifar10_resnet20_lr0.1_warm-20_train0.10_alpha-1.50-start0_random0.01-start0_batchsize128_freddy-batchnummul5-interalmul1.0_thresh-factor0.1_seed_0-2025-01-16-12-21-00 -   Updating train loader and weights with subset of size 5000
01/16/2025 13:54:07 - INFO - cifar10_resnet20_lr0.1_warm-20_train0.10_alpha-1.50-start0_random0.01-start0_batchsize128_freddy-batchnummul5-interalmul1.0_thresh-factor0.1_seed_0-2025-01-16-12-21-00 -   Updating train loader and weights with subset of size 5000
01/16/2025 13:54:08 - INFO - cifar10_resnet20_lr0.1_warm-20_train0.10_alpha-1.50-start0_random0.01-start0_batchsize128_freddy-batchnummul5-interalmul1.0_thresh-factor0.1_seed_0-2025-01-16-12-21-00 -   Epoch 64:	Train Loss: 0.865130	Train Acc: 0.695200	Val Loss: 5.808730	Val Acc: 0.241500
01/16/2025 13:54:08 - INFO - cifar10_resnet20_lr0.1_warm-20_train0.10_alpha-1.50-start0_random0.01-start0_batchsize128_freddy-batchnummul5-interalmul1.0_thresh-factor0.1_seed_0-2025-01-16-12-21-00 -   Epoch 64:	Data Loading Time: 0.022064	Forward Time: 0.007689	Backward Time: 0.008984
01/16/2025 13:55:07 - INFO - cifar10_resnet20_lr0.1_warm-20_train0.10_alpha-1.50-start0_random0.01-start0_batchsize128_freddy-batchnummul5-interalmul1.0_thresh-factor0.1_seed_0-2025-01-16-12-21-00 -   Updating train loader and weights with subset of size 5000
01/16/2025 13:55:09 - INFO - cifar10_resnet20_lr0.1_warm-20_train0.10_alpha-1.50-start0_random0.01-start0_batchsize128_freddy-batchnummul5-interalmul1.0_thresh-factor0.1_seed_0-2025-01-16-12-21-00 -   Updating train loader and weights with subset of size 5000
01/16/2025 13:55:11 - INFO - cifar10_resnet20_lr0.1_warm-20_train0.10_alpha-1.50-start0_random0.01-start0_batchsize128_freddy-batchnummul5-interalmul1.0_thresh-factor0.1_seed_0-2025-01-16-12-21-00 -   Epoch 65:	Train Loss: 0.821897	Train Acc: 0.712800	Val Loss: 1.619619	Val Acc: 0.513400
01/16/2025 13:55:11 - INFO - cifar10_resnet20_lr0.1_warm-20_train0.10_alpha-1.50-start0_random0.01-start0_batchsize128_freddy-batchnummul5-interalmul1.0_thresh-factor0.1_seed_0-2025-01-16-12-21-00 -   Epoch 65:	Data Loading Time: 0.019990	Forward Time: 0.011009	Backward Time: 0.009487
01/16/2025 13:56:14 - INFO - cifar10_resnet20_lr0.1_warm-20_train0.10_alpha-1.50-start0_random0.01-start0_batchsize128_freddy-batchnummul5-interalmul1.0_thresh-factor0.1_seed_0-2025-01-16-12-21-00 -   Updating train loader and weights with subset of size 5000
01/16/2025 13:56:17 - INFO - cifar10_resnet20_lr0.1_warm-20_train0.10_alpha-1.50-start0_random0.01-start0_batchsize128_freddy-batchnummul5-interalmul1.0_thresh-factor0.1_seed_0-2025-01-16-12-21-00 -   Updating train loader and weights with subset of size 5000
01/16/2025 13:56:19 - INFO - cifar10_resnet20_lr0.1_warm-20_train0.10_alpha-1.50-start0_random0.01-start0_batchsize128_freddy-batchnummul5-interalmul1.0_thresh-factor0.1_seed_0-2025-01-16-12-21-00 -   Epoch 66:	Train Loss: 0.853965	Train Acc: 0.702000	Val Loss: 6.813329	Val Acc: 0.184900
01/16/2025 13:56:19 - INFO - cifar10_resnet20_lr0.1_warm-20_train0.10_alpha-1.50-start0_random0.01-start0_batchsize128_freddy-batchnummul5-interalmul1.0_thresh-factor0.1_seed_0-2025-01-16-12-21-00 -   Epoch 66:	Data Loading Time: 0.022623	Forward Time: 0.009830	Backward Time: 0.009217
01/16/2025 13:57:25 - INFO - cifar10_resnet20_lr0.1_warm-20_train0.10_alpha-1.50-start0_random0.01-start0_batchsize128_freddy-batchnummul5-interalmul1.0_thresh-factor0.1_seed_0-2025-01-16-12-21-00 -   Updating train loader and weights with subset of size 5000
01/16/2025 13:57:28 - INFO - cifar10_resnet20_lr0.1_warm-20_train0.10_alpha-1.50-start0_random0.01-start0_batchsize128_freddy-batchnummul5-interalmul1.0_thresh-factor0.1_seed_0-2025-01-16-12-21-00 -   Updating train loader and weights with subset of size 5000
01/16/2025 13:57:29 - INFO - cifar10_resnet20_lr0.1_warm-20_train0.10_alpha-1.50-start0_random0.01-start0_batchsize128_freddy-batchnummul5-interalmul1.0_thresh-factor0.1_seed_0-2025-01-16-12-21-00 -   Epoch 67:	Train Loss: 0.862847	Train Acc: 0.700000	Val Loss: 4.691926	Val Acc: 0.272900
01/16/2025 13:57:29 - INFO - cifar10_resnet20_lr0.1_warm-20_train0.10_alpha-1.50-start0_random0.01-start0_batchsize128_freddy-batchnummul5-interalmul1.0_thresh-factor0.1_seed_0-2025-01-16-12-21-00 -   Epoch 67:	Data Loading Time: 0.018943	Forward Time: 0.006737	Backward Time: 0.009134
01/16/2025 13:58:31 - INFO - cifar10_resnet20_lr0.1_warm-20_train0.10_alpha-1.50-start0_random0.01-start0_batchsize128_freddy-batchnummul5-interalmul1.0_thresh-factor0.1_seed_0-2025-01-16-12-21-00 -   Updating train loader and weights with subset of size 5000
01/16/2025 13:58:33 - INFO - cifar10_resnet20_lr0.1_warm-20_train0.10_alpha-1.50-start0_random0.01-start0_batchsize128_freddy-batchnummul5-interalmul1.0_thresh-factor0.1_seed_0-2025-01-16-12-21-00 -   Updating train loader and weights with subset of size 5000
01/16/2025 13:58:35 - INFO - cifar10_resnet20_lr0.1_warm-20_train0.10_alpha-1.50-start0_random0.01-start0_batchsize128_freddy-batchnummul5-interalmul1.0_thresh-factor0.1_seed_0-2025-01-16-12-21-00 -   Epoch 68:	Train Loss: 0.834935	Train Acc: 0.707400	Val Loss: 2.745619	Val Acc: 0.407200
01/16/2025 13:58:35 - INFO - cifar10_resnet20_lr0.1_warm-20_train0.10_alpha-1.50-start0_random0.01-start0_batchsize128_freddy-batchnummul5-interalmul1.0_thresh-factor0.1_seed_0-2025-01-16-12-21-00 -   Epoch 68:	Data Loading Time: 0.018758	Forward Time: 0.008592	Backward Time: 0.009151
01/16/2025 13:59:39 - INFO - cifar10_resnet20_lr0.1_warm-20_train0.10_alpha-1.50-start0_random0.01-start0_batchsize128_freddy-batchnummul5-interalmul1.0_thresh-factor0.1_seed_0-2025-01-16-12-21-00 -   Updating train loader and weights with subset of size 5000
01/16/2025 13:59:41 - INFO - cifar10_resnet20_lr0.1_warm-20_train0.10_alpha-1.50-start0_random0.01-start0_batchsize128_freddy-batchnummul5-interalmul1.0_thresh-factor0.1_seed_0-2025-01-16-12-21-00 -   Updating train loader and weights with subset of size 5000
01/16/2025 13:59:42 - INFO - cifar10_resnet20_lr0.1_warm-20_train0.10_alpha-1.50-start0_random0.01-start0_batchsize128_freddy-batchnummul5-interalmul1.0_thresh-factor0.1_seed_0-2025-01-16-12-21-00 -   Epoch 69:	Train Loss: 0.823241	Train Acc: 0.712000	Val Loss: 2.509210	Val Acc: 0.435100
01/16/2025 13:59:42 - INFO - cifar10_resnet20_lr0.1_warm-20_train0.10_alpha-1.50-start0_random0.01-start0_batchsize128_freddy-batchnummul5-interalmul1.0_thresh-factor0.1_seed_0-2025-01-16-12-21-00 -   Epoch 69:	Data Loading Time: 0.023429	Forward Time: 0.007819	Backward Time: 0.008155
01/16/2025 14:00:45 - INFO - cifar10_resnet20_lr0.1_warm-20_train0.10_alpha-1.50-start0_random0.01-start0_batchsize128_freddy-batchnummul5-interalmul1.0_thresh-factor0.1_seed_0-2025-01-16-12-21-00 -   Updating train loader and weights with subset of size 5000
01/16/2025 14:00:48 - INFO - cifar10_resnet20_lr0.1_warm-20_train0.10_alpha-1.50-start0_random0.01-start0_batchsize128_freddy-batchnummul5-interalmul1.0_thresh-factor0.1_seed_0-2025-01-16-12-21-00 -   Updating train loader and weights with subset of size 5000
01/16/2025 14:00:50 - INFO - cifar10_resnet20_lr0.1_warm-20_train0.10_alpha-1.50-start0_random0.01-start0_batchsize128_freddy-batchnummul5-interalmul1.0_thresh-factor0.1_seed_0-2025-01-16-12-21-00 -   Epoch 70:	Train Loss: 0.841871	Train Acc: 0.706800	Val Loss: 3.095995	Val Acc: 0.340800
01/16/2025 14:00:50 - INFO - cifar10_resnet20_lr0.1_warm-20_train0.10_alpha-1.50-start0_random0.01-start0_batchsize128_freddy-batchnummul5-interalmul1.0_thresh-factor0.1_seed_0-2025-01-16-12-21-00 -   Epoch 70:	Data Loading Time: 0.024606	Forward Time: 0.009764	Backward Time: 0.008131
01/16/2025 14:01:54 - INFO - cifar10_resnet20_lr0.1_warm-20_train0.10_alpha-1.50-start0_random0.01-start0_batchsize128_freddy-batchnummul5-interalmul1.0_thresh-factor0.1_seed_0-2025-01-16-12-21-00 -   Updating train loader and weights with subset of size 5000
01/16/2025 14:01:57 - INFO - cifar10_resnet20_lr0.1_warm-20_train0.10_alpha-1.50-start0_random0.01-start0_batchsize128_freddy-batchnummul5-interalmul1.0_thresh-factor0.1_seed_0-2025-01-16-12-21-00 -   Updating train loader and weights with subset of size 5000
01/16/2025 14:01:59 - INFO - cifar10_resnet20_lr0.1_warm-20_train0.10_alpha-1.50-start0_random0.01-start0_batchsize128_freddy-batchnummul5-interalmul1.0_thresh-factor0.1_seed_0-2025-01-16-12-21-00 -   Epoch 71:	Train Loss: 0.793810	Train Acc: 0.716200	Val Loss: 2.841064	Val Acc: 0.413600
01/16/2025 14:01:59 - INFO - cifar10_resnet20_lr0.1_warm-20_train0.10_alpha-1.50-start0_random0.01-start0_batchsize128_freddy-batchnummul5-interalmul1.0_thresh-factor0.1_seed_0-2025-01-16-12-21-00 -   Epoch 71:	Data Loading Time: 0.019762	Forward Time: 0.009015	Backward Time: 0.007092
01/16/2025 14:03:05 - INFO - cifar10_resnet20_lr0.1_warm-20_train0.10_alpha-1.50-start0_random0.01-start0_batchsize128_freddy-batchnummul5-interalmul1.0_thresh-factor0.1_seed_0-2025-01-16-12-21-00 -   Updating train loader and weights with subset of size 5000
01/16/2025 14:03:07 - INFO - cifar10_resnet20_lr0.1_warm-20_train0.10_alpha-1.50-start0_random0.01-start0_batchsize128_freddy-batchnummul5-interalmul1.0_thresh-factor0.1_seed_0-2025-01-16-12-21-00 -   Updating train loader and weights with subset of size 5000
01/16/2025 14:03:08 - INFO - cifar10_resnet20_lr0.1_warm-20_train0.10_alpha-1.50-start0_random0.01-start0_batchsize128_freddy-batchnummul5-interalmul1.0_thresh-factor0.1_seed_0-2025-01-16-12-21-00 -   Epoch 72:	Train Loss: 0.797931	Train Acc: 0.717000	Val Loss: 3.316508	Val Acc: 0.307800
01/16/2025 14:03:08 - INFO - cifar10_resnet20_lr0.1_warm-20_train0.10_alpha-1.50-start0_random0.01-start0_batchsize128_freddy-batchnummul5-interalmul1.0_thresh-factor0.1_seed_0-2025-01-16-12-21-00 -   Epoch 72:	Data Loading Time: 0.022589	Forward Time: 0.008384	Backward Time: 0.009182
01/16/2025 14:03:59 - INFO - cifar10_resnet20_lr0.1_warm-20_train0.10_alpha-1.50-start0_random0.01-start0_batchsize128_freddy-batchnummul5-interalmul1.0_thresh-factor0.1_seed_0-2025-01-16-12-21-00 -   Updating train loader and weights with subset of size 5000
01/16/2025 14:04:01 - INFO - cifar10_resnet20_lr0.1_warm-20_train0.10_alpha-1.50-start0_random0.01-start0_batchsize128_freddy-batchnummul5-interalmul1.0_thresh-factor0.1_seed_0-2025-01-16-12-21-00 -   Updating train loader and weights with subset of size 5000
01/16/2025 14:04:03 - INFO - cifar10_resnet20_lr0.1_warm-20_train0.10_alpha-1.50-start0_random0.01-start0_batchsize128_freddy-batchnummul5-interalmul1.0_thresh-factor0.1_seed_0-2025-01-16-12-21-00 -   Epoch 73:	Train Loss: 0.781492	Train Acc: 0.722600	Val Loss: 1.608389	Val Acc: 0.507800
01/16/2025 14:04:03 - INFO - cifar10_resnet20_lr0.1_warm-20_train0.10_alpha-1.50-start0_random0.01-start0_batchsize128_freddy-batchnummul5-interalmul1.0_thresh-factor0.1_seed_0-2025-01-16-12-21-00 -   Epoch 73:	Data Loading Time: 0.017990	Forward Time: 0.007592	Backward Time: 0.008275
01/16/2025 14:05:03 - INFO - cifar10_resnet20_lr0.1_warm-20_train0.10_alpha-1.50-start0_random0.01-start0_batchsize128_freddy-batchnummul5-interalmul1.0_thresh-factor0.1_seed_0-2025-01-16-12-21-00 -   Updating train loader and weights with subset of size 5000
01/16/2025 14:05:06 - INFO - cifar10_resnet20_lr0.1_warm-20_train0.10_alpha-1.50-start0_random0.01-start0_batchsize128_freddy-batchnummul5-interalmul1.0_thresh-factor0.1_seed_0-2025-01-16-12-21-00 -   Updating train loader and weights with subset of size 5000
01/16/2025 14:05:08 - INFO - cifar10_resnet20_lr0.1_warm-20_train0.10_alpha-1.50-start0_random0.01-start0_batchsize128_freddy-batchnummul5-interalmul1.0_thresh-factor0.1_seed_0-2025-01-16-12-21-00 -   Epoch 74:	Train Loss: 0.791506	Train Acc: 0.716600	Val Loss: 2.243167	Val Acc: 0.420500
01/16/2025 14:05:08 - INFO - cifar10_resnet20_lr0.1_warm-20_train0.10_alpha-1.50-start0_random0.01-start0_batchsize128_freddy-batchnummul5-interalmul1.0_thresh-factor0.1_seed_0-2025-01-16-12-21-00 -   Epoch 74:	Data Loading Time: 0.021143	Forward Time: 0.009231	Backward Time: 0.008390
01/16/2025 14:06:04 - INFO - cifar10_resnet20_lr0.1_warm-20_train0.10_alpha-1.50-start0_random0.01-start0_batchsize128_freddy-batchnummul5-interalmul1.0_thresh-factor0.1_seed_0-2025-01-16-12-21-00 -   Updating train loader and weights with subset of size 5000
01/16/2025 14:06:07 - INFO - cifar10_resnet20_lr0.1_warm-20_train0.10_alpha-1.50-start0_random0.01-start0_batchsize128_freddy-batchnummul5-interalmul1.0_thresh-factor0.1_seed_0-2025-01-16-12-21-00 -   Updating train loader and weights with subset of size 5000
01/16/2025 14:06:08 - INFO - cifar10_resnet20_lr0.1_warm-20_train0.10_alpha-1.50-start0_random0.01-start0_batchsize128_freddy-batchnummul5-interalmul1.0_thresh-factor0.1_seed_0-2025-01-16-12-21-00 -   Epoch 75:	Train Loss: 0.765337	Train Acc: 0.726600	Val Loss: 2.979677	Val Acc: 0.270800
01/16/2025 14:06:08 - INFO - cifar10_resnet20_lr0.1_warm-20_train0.10_alpha-1.50-start0_random0.01-start0_batchsize128_freddy-batchnummul5-interalmul1.0_thresh-factor0.1_seed_0-2025-01-16-12-21-00 -   Epoch 75:	Data Loading Time: 0.026755	Forward Time: 0.007898	Backward Time: 0.008847
01/16/2025 14:07:04 - INFO - cifar10_resnet20_lr0.1_warm-20_train0.10_alpha-1.50-start0_random0.01-start0_batchsize128_freddy-batchnummul5-interalmul1.0_thresh-factor0.1_seed_0-2025-01-16-12-21-00 -   Updating train loader and weights with subset of size 5000
01/16/2025 14:07:06 - INFO - cifar10_resnet20_lr0.1_warm-20_train0.10_alpha-1.50-start0_random0.01-start0_batchsize128_freddy-batchnummul5-interalmul1.0_thresh-factor0.1_seed_0-2025-01-16-12-21-00 -   Updating train loader and weights with subset of size 5000
01/16/2025 14:07:08 - INFO - cifar10_resnet20_lr0.1_warm-20_train0.10_alpha-1.50-start0_random0.01-start0_batchsize128_freddy-batchnummul5-interalmul1.0_thresh-factor0.1_seed_0-2025-01-16-12-21-00 -   Epoch 76:	Train Loss: 0.830986	Train Acc: 0.704400	Val Loss: 2.897273	Val Acc: 0.325000
01/16/2025 14:07:08 - INFO - cifar10_resnet20_lr0.1_warm-20_train0.10_alpha-1.50-start0_random0.01-start0_batchsize128_freddy-batchnummul5-interalmul1.0_thresh-factor0.1_seed_0-2025-01-16-12-21-00 -   Epoch 76:	Data Loading Time: 0.020762	Forward Time: 0.007975	Backward Time: 0.008041
