01/16/2025 12:21:00 - INFO - cifar10_resnet20_lr0.1_warm-20_train0.10_alpha-1.50-start0_random0.01-start0_batchsize128_grad_freddy-batchnummul5-interalmul1.0_thresh-factor0.1_seed_0-2025-01-16-12-21-00 -   Arguments: Namespace(arch='resnet20', data_dir='~/data', dataset='cifar10', num_workers=20, epochs=200, resume_from_epoch=0, batch_size=128, lr=0.1, momentum=0.9, weight_decay=0.0001, save_dir='./outputs/cifar10_resnet20_lr0.1_warm-20_train0.10_alpha-1.50-start0_random0.01-start0_batchsize128_grad_freddy-batchnummul5-interalmul1.0_thresh-factor0.1_seed_0', save_freq=200, gpu=[0], selection_method='grad_freddy', smtk=0, train_frac=0.1, lr_milestones=[100, 150], gamma=0.1, seed=0, runs=1, warm_start_epochs=20, subset_start_epoch=0, cache_dataset=True, clean_cache_selection=False, clean_cache_iteration=True, approx_moment=True, approx_with_coreset=True, check_interval=1, num_minibatch_coreset=5, batch_num_mul=5, interval_mul=1.0, check_thresh_factor=0.1, shuffle=True, random_subset_size=0.01, partition_start=0, drop_learned=False, watch_interval=5, drop_interval=20, drop_thresh=0.1, min_train_size=40000, freddy_similarity='similarity', alpha=1.5, beta=0.1, use_wandb=False, num_classes=10, device='cuda', logger=<Logger cifar10_resnet20_lr0.1_warm-20_train0.10_alpha-1.50-start0_random0.01-start0_batchsize128_grad_freddy-batchnummul5-interalmul1.0_thresh-factor0.1_seed_0-2025-01-16-12-21-00 (INFO)>)
01/16/2025 12:21:00 - INFO - cifar10_resnet20_lr0.1_warm-20_train0.10_alpha-1.50-start0_random0.01-start0_batchsize128_grad_freddy-batchnummul5-interalmul1.0_thresh-factor0.1_seed_0-2025-01-16-12-21-00 -   Time: 2025-01-16 12:21:00
01/16/2025 12:22:39 - INFO - cifar10_resnet20_lr0.1_warm-20_train0.10_alpha-1.50-start0_random0.01-start0_batchsize128_grad_freddy-batchnummul5-interalmul1.0_thresh-factor0.1_seed_0-2025-01-16-12-21-00 -   Updating train loader and weights with subset of size 5000
01/16/2025 12:22:45 - INFO - cifar10_resnet20_lr0.1_warm-20_train0.10_alpha-1.50-start0_random0.01-start0_batchsize128_grad_freddy-batchnummul5-interalmul1.0_thresh-factor0.1_seed_0-2025-01-16-12-21-00 -   Updating train loader and weights with subset of size 5000
01/16/2025 12:22:47 - INFO - cifar10_resnet20_lr0.1_warm-20_train0.10_alpha-1.50-start0_random0.01-start0_batchsize128_grad_freddy-batchnummul5-interalmul1.0_thresh-factor0.1_seed_0-2025-01-16-12-21-00 -   Epoch 0:	Train Loss: 4.442540	Train Acc: 0.105400	Val Loss: 4.180802	Val Acc: 0.101800
01/16/2025 12:22:47 - INFO - cifar10_resnet20_lr0.1_warm-20_train0.10_alpha-1.50-start0_random0.01-start0_batchsize128_grad_freddy-batchnummul5-interalmul1.0_thresh-factor0.1_seed_0-2025-01-16-12-21-00 -   Epoch 0:	Data Loading Time: 0.025322	Forward Time: 0.032248	Backward Time: 0.015977
01/16/2025 12:24:54 - INFO - cifar10_resnet20_lr0.1_warm-20_train0.10_alpha-1.50-start0_random0.01-start0_batchsize128_grad_freddy-batchnummul5-interalmul1.0_thresh-factor0.1_seed_0-2025-01-16-12-21-00 -   Updating train loader and weights with subset of size 5000
01/16/2025 12:24:59 - INFO - cifar10_resnet20_lr0.1_warm-20_train0.10_alpha-1.50-start0_random0.01-start0_batchsize128_grad_freddy-batchnummul5-interalmul1.0_thresh-factor0.1_seed_0-2025-01-16-12-21-00 -   Updating train loader and weights with subset of size 5000
01/16/2025 12:25:02 - INFO - cifar10_resnet20_lr0.1_warm-20_train0.10_alpha-1.50-start0_random0.01-start0_batchsize128_grad_freddy-batchnummul5-interalmul1.0_thresh-factor0.1_seed_0-2025-01-16-12-21-00 -   Epoch 1:	Train Loss: 3.052505	Train Acc: 0.116800	Val Loss: 2.397907	Val Acc: 0.140500
01/16/2025 12:25:02 - INFO - cifar10_resnet20_lr0.1_warm-20_train0.10_alpha-1.50-start0_random0.01-start0_batchsize128_grad_freddy-batchnummul5-interalmul1.0_thresh-factor0.1_seed_0-2025-01-16-12-21-00 -   Epoch 1:	Data Loading Time: 0.022958	Forward Time: 0.021686	Backward Time: 0.010105
01/16/2025 12:27:10 - INFO - cifar10_resnet20_lr0.1_warm-20_train0.10_alpha-1.50-start0_random0.01-start0_batchsize128_grad_freddy-batchnummul5-interalmul1.0_thresh-factor0.1_seed_0-2025-01-16-12-21-00 -   Updating train loader and weights with subset of size 5000
01/16/2025 12:27:14 - INFO - cifar10_resnet20_lr0.1_warm-20_train0.10_alpha-1.50-start0_random0.01-start0_batchsize128_grad_freddy-batchnummul5-interalmul1.0_thresh-factor0.1_seed_0-2025-01-16-12-21-00 -   Updating train loader and weights with subset of size 5000
01/16/2025 12:27:16 - INFO - cifar10_resnet20_lr0.1_warm-20_train0.10_alpha-1.50-start0_random0.01-start0_batchsize128_grad_freddy-batchnummul5-interalmul1.0_thresh-factor0.1_seed_0-2025-01-16-12-21-00 -   Epoch 2:	Train Loss: 2.229730	Train Acc: 0.185400	Val Loss: 2.111567	Val Acc: 0.219300
01/16/2025 12:27:16 - INFO - cifar10_resnet20_lr0.1_warm-20_train0.10_alpha-1.50-start0_random0.01-start0_batchsize128_grad_freddy-batchnummul5-interalmul1.0_thresh-factor0.1_seed_0-2025-01-16-12-21-00 -   Epoch 2:	Data Loading Time: 0.018819	Forward Time: 0.020395	Backward Time: 0.009337
01/16/2025 12:29:15 - INFO - cifar10_resnet20_lr0.1_warm-20_train0.10_alpha-1.50-start0_random0.01-start0_batchsize128_grad_freddy-batchnummul5-interalmul1.0_thresh-factor0.1_seed_0-2025-01-16-12-21-00 -   Updating train loader and weights with subset of size 5000
01/16/2025 12:29:19 - INFO - cifar10_resnet20_lr0.1_warm-20_train0.10_alpha-1.50-start0_random0.01-start0_batchsize128_grad_freddy-batchnummul5-interalmul1.0_thresh-factor0.1_seed_0-2025-01-16-12-21-00 -   Updating train loader and weights with subset of size 5000
01/16/2025 12:29:21 - INFO - cifar10_resnet20_lr0.1_warm-20_train0.10_alpha-1.50-start0_random0.01-start0_batchsize128_grad_freddy-batchnummul5-interalmul1.0_thresh-factor0.1_seed_0-2025-01-16-12-21-00 -   Epoch 3:	Train Loss: 2.066416	Train Acc: 0.242200	Val Loss: 2.182012	Val Acc: 0.218100
01/16/2025 12:29:21 - INFO - cifar10_resnet20_lr0.1_warm-20_train0.10_alpha-1.50-start0_random0.01-start0_batchsize128_grad_freddy-batchnummul5-interalmul1.0_thresh-factor0.1_seed_0-2025-01-16-12-21-00 -   Epoch 3:	Data Loading Time: 0.022190	Forward Time: 0.016281	Backward Time: 0.008521
01/16/2025 12:31:09 - INFO - cifar10_resnet20_lr0.1_warm-20_train0.10_alpha-1.50-start0_random0.01-start0_batchsize128_grad_freddy-batchnummul5-interalmul1.0_thresh-factor0.1_seed_0-2025-01-16-12-21-00 -   Updating train loader and weights with subset of size 5000
01/16/2025 12:31:12 - INFO - cifar10_resnet20_lr0.1_warm-20_train0.10_alpha-1.50-start0_random0.01-start0_batchsize128_grad_freddy-batchnummul5-interalmul1.0_thresh-factor0.1_seed_0-2025-01-16-12-21-00 -   Updating train loader and weights with subset of size 5000
01/16/2025 12:31:15 - INFO - cifar10_resnet20_lr0.1_warm-20_train0.10_alpha-1.50-start0_random0.01-start0_batchsize128_grad_freddy-batchnummul5-interalmul1.0_thresh-factor0.1_seed_0-2025-01-16-12-21-00 -   Epoch 4:	Train Loss: 1.971371	Train Acc: 0.267000	Val Loss: 2.005890	Val Acc: 0.233900
01/16/2025 12:31:15 - INFO - cifar10_resnet20_lr0.1_warm-20_train0.10_alpha-1.50-start0_random0.01-start0_batchsize128_grad_freddy-batchnummul5-interalmul1.0_thresh-factor0.1_seed_0-2025-01-16-12-21-00 -   Epoch 4:	Data Loading Time: 0.026443	Forward Time: 0.009353	Backward Time: 0.008617
01/16/2025 12:33:03 - INFO - cifar10_resnet20_lr0.1_warm-20_train0.10_alpha-1.50-start0_random0.01-start0_batchsize128_grad_freddy-batchnummul5-interalmul1.0_thresh-factor0.1_seed_0-2025-01-16-12-21-00 -   Updating train loader and weights with subset of size 5000
01/16/2025 12:33:08 - INFO - cifar10_resnet20_lr0.1_warm-20_train0.10_alpha-1.50-start0_random0.01-start0_batchsize128_grad_freddy-batchnummul5-interalmul1.0_thresh-factor0.1_seed_0-2025-01-16-12-21-00 -   Updating train loader and weights with subset of size 5000
01/16/2025 12:33:10 - INFO - cifar10_resnet20_lr0.1_warm-20_train0.10_alpha-1.50-start0_random0.01-start0_batchsize128_grad_freddy-batchnummul5-interalmul1.0_thresh-factor0.1_seed_0-2025-01-16-12-21-00 -   Epoch 5:	Train Loss: 1.901058	Train Acc: 0.291000	Val Loss: 1.863890	Val Acc: 0.280900
01/16/2025 12:33:10 - INFO - cifar10_resnet20_lr0.1_warm-20_train0.10_alpha-1.50-start0_random0.01-start0_batchsize128_grad_freddy-batchnummul5-interalmul1.0_thresh-factor0.1_seed_0-2025-01-16-12-21-00 -   Epoch 5:	Data Loading Time: 0.027756	Forward Time: 0.008318	Backward Time: 0.008391
01/16/2025 12:34:48 - INFO - cifar10_resnet20_lr0.1_warm-20_train0.10_alpha-1.50-start0_random0.01-start0_batchsize128_grad_freddy-batchnummul5-interalmul1.0_thresh-factor0.1_seed_0-2025-01-16-12-21-00 -   Updating train loader and weights with subset of size 5000
01/16/2025 12:34:53 - INFO - cifar10_resnet20_lr0.1_warm-20_train0.10_alpha-1.50-start0_random0.01-start0_batchsize128_grad_freddy-batchnummul5-interalmul1.0_thresh-factor0.1_seed_0-2025-01-16-12-21-00 -   Updating train loader and weights with subset of size 5000
01/16/2025 12:34:55 - INFO - cifar10_resnet20_lr0.1_warm-20_train0.10_alpha-1.50-start0_random0.01-start0_batchsize128_grad_freddy-batchnummul5-interalmul1.0_thresh-factor0.1_seed_0-2025-01-16-12-21-00 -   Epoch 6:	Train Loss: 1.842830	Train Acc: 0.305400	Val Loss: 2.496666	Val Acc: 0.224500
01/16/2025 12:34:55 - INFO - cifar10_resnet20_lr0.1_warm-20_train0.10_alpha-1.50-start0_random0.01-start0_batchsize128_grad_freddy-batchnummul5-interalmul1.0_thresh-factor0.1_seed_0-2025-01-16-12-21-00 -   Epoch 6:	Data Loading Time: 0.030893	Forward Time: 0.007724	Backward Time: 0.008114
01/16/2025 12:36:45 - INFO - cifar10_resnet20_lr0.1_warm-20_train0.10_alpha-1.50-start0_random0.01-start0_batchsize128_grad_freddy-batchnummul5-interalmul1.0_thresh-factor0.1_seed_0-2025-01-16-12-21-00 -   Updating train loader and weights with subset of size 5000
01/16/2025 12:36:50 - INFO - cifar10_resnet20_lr0.1_warm-20_train0.10_alpha-1.50-start0_random0.01-start0_batchsize128_grad_freddy-batchnummul5-interalmul1.0_thresh-factor0.1_seed_0-2025-01-16-12-21-00 -   Updating train loader and weights with subset of size 5000
01/16/2025 12:36:52 - INFO - cifar10_resnet20_lr0.1_warm-20_train0.10_alpha-1.50-start0_random0.01-start0_batchsize128_grad_freddy-batchnummul5-interalmul1.0_thresh-factor0.1_seed_0-2025-01-16-12-21-00 -   Epoch 7:	Train Loss: 1.810350	Train Acc: 0.325800	Val Loss: 3.733508	Val Acc: 0.186600
01/16/2025 12:36:52 - INFO - cifar10_resnet20_lr0.1_warm-20_train0.10_alpha-1.50-start0_random0.01-start0_batchsize128_grad_freddy-batchnummul5-interalmul1.0_thresh-factor0.1_seed_0-2025-01-16-12-21-00 -   Epoch 7:	Data Loading Time: 0.028547	Forward Time: 0.010236	Backward Time: 0.008664
01/16/2025 12:38:42 - INFO - cifar10_resnet20_lr0.1_warm-20_train0.10_alpha-1.50-start0_random0.01-start0_batchsize128_grad_freddy-batchnummul5-interalmul1.0_thresh-factor0.1_seed_0-2025-01-16-12-21-00 -   Updating train loader and weights with subset of size 5000
01/16/2025 12:38:47 - INFO - cifar10_resnet20_lr0.1_warm-20_train0.10_alpha-1.50-start0_random0.01-start0_batchsize128_grad_freddy-batchnummul5-interalmul1.0_thresh-factor0.1_seed_0-2025-01-16-12-21-00 -   Updating train loader and weights with subset of size 5000
01/16/2025 12:38:49 - INFO - cifar10_resnet20_lr0.1_warm-20_train0.10_alpha-1.50-start0_random0.01-start0_batchsize128_grad_freddy-batchnummul5-interalmul1.0_thresh-factor0.1_seed_0-2025-01-16-12-21-00 -   Epoch 8:	Train Loss: 1.751625	Train Acc: 0.344800	Val Loss: 2.126321	Val Acc: 0.275100
01/16/2025 12:38:49 - INFO - cifar10_resnet20_lr0.1_warm-20_train0.10_alpha-1.50-start0_random0.01-start0_batchsize128_grad_freddy-batchnummul5-interalmul1.0_thresh-factor0.1_seed_0-2025-01-16-12-21-00 -   Epoch 8:	Data Loading Time: 0.029345	Forward Time: 0.019473	Backward Time: 0.007738
01/16/2025 12:40:37 - INFO - cifar10_resnet20_lr0.1_warm-20_train0.10_alpha-1.50-start0_random0.01-start0_batchsize128_grad_freddy-batchnummul5-interalmul1.0_thresh-factor0.1_seed_0-2025-01-16-12-21-00 -   Updating train loader and weights with subset of size 5000
01/16/2025 12:40:41 - INFO - cifar10_resnet20_lr0.1_warm-20_train0.10_alpha-1.50-start0_random0.01-start0_batchsize128_grad_freddy-batchnummul5-interalmul1.0_thresh-factor0.1_seed_0-2025-01-16-12-21-00 -   Updating train loader and weights with subset of size 5000
01/16/2025 12:40:43 - INFO - cifar10_resnet20_lr0.1_warm-20_train0.10_alpha-1.50-start0_random0.01-start0_batchsize128_grad_freddy-batchnummul5-interalmul1.0_thresh-factor0.1_seed_0-2025-01-16-12-21-00 -   Epoch 9:	Train Loss: 1.710226	Train Acc: 0.366200	Val Loss: 1.950589	Val Acc: 0.307900
01/16/2025 12:40:43 - INFO - cifar10_resnet20_lr0.1_warm-20_train0.10_alpha-1.50-start0_random0.01-start0_batchsize128_grad_freddy-batchnummul5-interalmul1.0_thresh-factor0.1_seed_0-2025-01-16-12-21-00 -   Epoch 9:	Data Loading Time: 0.028350	Forward Time: 0.020022	Backward Time: 0.008435
01/16/2025 12:42:39 - INFO - cifar10_resnet20_lr0.1_warm-20_train0.10_alpha-1.50-start0_random0.01-start0_batchsize128_grad_freddy-batchnummul5-interalmul1.0_thresh-factor0.1_seed_0-2025-01-16-12-21-00 -   Updating train loader and weights with subset of size 5000
01/16/2025 12:42:42 - INFO - cifar10_resnet20_lr0.1_warm-20_train0.10_alpha-1.50-start0_random0.01-start0_batchsize128_grad_freddy-batchnummul5-interalmul1.0_thresh-factor0.1_seed_0-2025-01-16-12-21-00 -   Updating train loader and weights with subset of size 5000
01/16/2025 12:42:44 - INFO - cifar10_resnet20_lr0.1_warm-20_train0.10_alpha-1.50-start0_random0.01-start0_batchsize128_grad_freddy-batchnummul5-interalmul1.0_thresh-factor0.1_seed_0-2025-01-16-12-21-00 -   Epoch 10:	Train Loss: 1.675902	Train Acc: 0.379400	Val Loss: 2.738604	Val Acc: 0.255000
01/16/2025 12:42:44 - INFO - cifar10_resnet20_lr0.1_warm-20_train0.10_alpha-1.50-start0_random0.01-start0_batchsize128_grad_freddy-batchnummul5-interalmul1.0_thresh-factor0.1_seed_0-2025-01-16-12-21-00 -   Epoch 10:	Data Loading Time: 0.025018	Forward Time: 0.008270	Backward Time: 0.008704
01/16/2025 12:44:03 - INFO - cifar10_resnet20_lr0.1_warm-20_train0.10_alpha-1.50-start0_random0.01-start0_batchsize128_grad_freddy-batchnummul5-interalmul1.0_thresh-factor0.1_seed_0-2025-01-16-12-21-00 -   Updating train loader and weights with subset of size 5000
01/16/2025 12:44:07 - INFO - cifar10_resnet20_lr0.1_warm-20_train0.10_alpha-1.50-start0_random0.01-start0_batchsize128_grad_freddy-batchnummul5-interalmul1.0_thresh-factor0.1_seed_0-2025-01-16-12-21-00 -   Updating train loader and weights with subset of size 5000
01/16/2025 12:44:09 - INFO - cifar10_resnet20_lr0.1_warm-20_train0.10_alpha-1.50-start0_random0.01-start0_batchsize128_grad_freddy-batchnummul5-interalmul1.0_thresh-factor0.1_seed_0-2025-01-16-12-21-00 -   Epoch 11:	Train Loss: 1.679060	Train Acc: 0.386200	Val Loss: 3.922170	Val Acc: 0.184500
01/16/2025 12:44:09 - INFO - cifar10_resnet20_lr0.1_warm-20_train0.10_alpha-1.50-start0_random0.01-start0_batchsize128_grad_freddy-batchnummul5-interalmul1.0_thresh-factor0.1_seed_0-2025-01-16-12-21-00 -   Epoch 11:	Data Loading Time: 0.028361	Forward Time: 0.013388	Backward Time: 0.008067
01/16/2025 12:45:32 - INFO - cifar10_resnet20_lr0.1_warm-20_train0.10_alpha-1.50-start0_random0.01-start0_batchsize128_grad_freddy-batchnummul5-interalmul1.0_thresh-factor0.1_seed_0-2025-01-16-12-21-00 -   Updating train loader and weights with subset of size 5000
01/16/2025 12:45:36 - INFO - cifar10_resnet20_lr0.1_warm-20_train0.10_alpha-1.50-start0_random0.01-start0_batchsize128_grad_freddy-batchnummul5-interalmul1.0_thresh-factor0.1_seed_0-2025-01-16-12-21-00 -   Updating train loader and weights with subset of size 5000
01/16/2025 12:45:38 - INFO - cifar10_resnet20_lr0.1_warm-20_train0.10_alpha-1.50-start0_random0.01-start0_batchsize128_grad_freddy-batchnummul5-interalmul1.0_thresh-factor0.1_seed_0-2025-01-16-12-21-00 -   Epoch 12:	Train Loss: 1.657653	Train Acc: 0.386200	Val Loss: 2.365114	Val Acc: 0.298400
01/16/2025 12:45:38 - INFO - cifar10_resnet20_lr0.1_warm-20_train0.10_alpha-1.50-start0_random0.01-start0_batchsize128_grad_freddy-batchnummul5-interalmul1.0_thresh-factor0.1_seed_0-2025-01-16-12-21-00 -   Epoch 12:	Data Loading Time: 0.022265	Forward Time: 0.007611	Backward Time: 0.007303
01/16/2025 12:46:58 - INFO - cifar10_resnet20_lr0.1_warm-20_train0.10_alpha-1.50-start0_random0.01-start0_batchsize128_grad_freddy-batchnummul5-interalmul1.0_thresh-factor0.1_seed_0-2025-01-16-12-21-00 -   Updating train loader and weights with subset of size 5000
01/16/2025 12:47:02 - INFO - cifar10_resnet20_lr0.1_warm-20_train0.10_alpha-1.50-start0_random0.01-start0_batchsize128_grad_freddy-batchnummul5-interalmul1.0_thresh-factor0.1_seed_0-2025-01-16-12-21-00 -   Updating train loader and weights with subset of size 5000
01/16/2025 12:47:04 - INFO - cifar10_resnet20_lr0.1_warm-20_train0.10_alpha-1.50-start0_random0.01-start0_batchsize128_grad_freddy-batchnummul5-interalmul1.0_thresh-factor0.1_seed_0-2025-01-16-12-21-00 -   Epoch 13:	Train Loss: 1.609201	Train Acc: 0.393800	Val Loss: 2.212957	Val Acc: 0.265400
01/16/2025 12:47:04 - INFO - cifar10_resnet20_lr0.1_warm-20_train0.10_alpha-1.50-start0_random0.01-start0_batchsize128_grad_freddy-batchnummul5-interalmul1.0_thresh-factor0.1_seed_0-2025-01-16-12-21-00 -   Epoch 13:	Data Loading Time: 0.025420	Forward Time: 0.007754	Backward Time: 0.008258
01/16/2025 12:48:21 - INFO - cifar10_resnet20_lr0.1_warm-20_train0.10_alpha-1.50-start0_random0.01-start0_batchsize128_grad_freddy-batchnummul5-interalmul1.0_thresh-factor0.1_seed_0-2025-01-16-12-21-00 -   Updating train loader and weights with subset of size 5000
01/16/2025 12:48:25 - INFO - cifar10_resnet20_lr0.1_warm-20_train0.10_alpha-1.50-start0_random0.01-start0_batchsize128_grad_freddy-batchnummul5-interalmul1.0_thresh-factor0.1_seed_0-2025-01-16-12-21-00 -   Updating train loader and weights with subset of size 5000
01/16/2025 12:48:27 - INFO - cifar10_resnet20_lr0.1_warm-20_train0.10_alpha-1.50-start0_random0.01-start0_batchsize128_grad_freddy-batchnummul5-interalmul1.0_thresh-factor0.1_seed_0-2025-01-16-12-21-00 -   Epoch 14:	Train Loss: 1.609543	Train Acc: 0.395400	Val Loss: 2.282291	Val Acc: 0.300200
01/16/2025 12:48:27 - INFO - cifar10_resnet20_lr0.1_warm-20_train0.10_alpha-1.50-start0_random0.01-start0_batchsize128_grad_freddy-batchnummul5-interalmul1.0_thresh-factor0.1_seed_0-2025-01-16-12-21-00 -   Epoch 14:	Data Loading Time: 0.026458	Forward Time: 0.010013	Backward Time: 0.008356
01/16/2025 12:49:44 - INFO - cifar10_resnet20_lr0.1_warm-20_train0.10_alpha-1.50-start0_random0.01-start0_batchsize128_grad_freddy-batchnummul5-interalmul1.0_thresh-factor0.1_seed_0-2025-01-16-12-21-00 -   Updating train loader and weights with subset of size 5000
01/16/2025 12:49:48 - INFO - cifar10_resnet20_lr0.1_warm-20_train0.10_alpha-1.50-start0_random0.01-start0_batchsize128_grad_freddy-batchnummul5-interalmul1.0_thresh-factor0.1_seed_0-2025-01-16-12-21-00 -   Updating train loader and weights with subset of size 5000
01/16/2025 12:49:51 - INFO - cifar10_resnet20_lr0.1_warm-20_train0.10_alpha-1.50-start0_random0.01-start0_batchsize128_grad_freddy-batchnummul5-interalmul1.0_thresh-factor0.1_seed_0-2025-01-16-12-21-00 -   Epoch 15:	Train Loss: 1.565111	Train Acc: 0.416400	Val Loss: 2.837236	Val Acc: 0.291400
01/16/2025 12:49:51 - INFO - cifar10_resnet20_lr0.1_warm-20_train0.10_alpha-1.50-start0_random0.01-start0_batchsize128_grad_freddy-batchnummul5-interalmul1.0_thresh-factor0.1_seed_0-2025-01-16-12-21-00 -   Epoch 15:	Data Loading Time: 0.022057	Forward Time: 0.014608	Backward Time: 0.008434
01/16/2025 12:51:12 - INFO - cifar10_resnet20_lr0.1_warm-20_train0.10_alpha-1.50-start0_random0.01-start0_batchsize128_grad_freddy-batchnummul5-interalmul1.0_thresh-factor0.1_seed_0-2025-01-16-12-21-00 -   Updating train loader and weights with subset of size 5000
01/16/2025 12:51:16 - INFO - cifar10_resnet20_lr0.1_warm-20_train0.10_alpha-1.50-start0_random0.01-start0_batchsize128_grad_freddy-batchnummul5-interalmul1.0_thresh-factor0.1_seed_0-2025-01-16-12-21-00 -   Updating train loader and weights with subset of size 5000
01/16/2025 12:51:18 - INFO - cifar10_resnet20_lr0.1_warm-20_train0.10_alpha-1.50-start0_random0.01-start0_batchsize128_grad_freddy-batchnummul5-interalmul1.0_thresh-factor0.1_seed_0-2025-01-16-12-21-00 -   Epoch 16:	Train Loss: 1.566736	Train Acc: 0.423200	Val Loss: 3.986572	Val Acc: 0.205200
01/16/2025 12:51:18 - INFO - cifar10_resnet20_lr0.1_warm-20_train0.10_alpha-1.50-start0_random0.01-start0_batchsize128_grad_freddy-batchnummul5-interalmul1.0_thresh-factor0.1_seed_0-2025-01-16-12-21-00 -   Epoch 16:	Data Loading Time: 0.027505	Forward Time: 0.007520	Backward Time: 0.008103
01/16/2025 12:52:41 - INFO - cifar10_resnet20_lr0.1_warm-20_train0.10_alpha-1.50-start0_random0.01-start0_batchsize128_grad_freddy-batchnummul5-interalmul1.0_thresh-factor0.1_seed_0-2025-01-16-12-21-00 -   Updating train loader and weights with subset of size 5000
01/16/2025 12:52:45 - INFO - cifar10_resnet20_lr0.1_warm-20_train0.10_alpha-1.50-start0_random0.01-start0_batchsize128_grad_freddy-batchnummul5-interalmul1.0_thresh-factor0.1_seed_0-2025-01-16-12-21-00 -   Updating train loader and weights with subset of size 5000
01/16/2025 12:52:47 - INFO - cifar10_resnet20_lr0.1_warm-20_train0.10_alpha-1.50-start0_random0.01-start0_batchsize128_grad_freddy-batchnummul5-interalmul1.0_thresh-factor0.1_seed_0-2025-01-16-12-21-00 -   Epoch 17:	Train Loss: 1.502469	Train Acc: 0.438400	Val Loss: 3.451737	Val Acc: 0.169400
01/16/2025 12:52:47 - INFO - cifar10_resnet20_lr0.1_warm-20_train0.10_alpha-1.50-start0_random0.01-start0_batchsize128_grad_freddy-batchnummul5-interalmul1.0_thresh-factor0.1_seed_0-2025-01-16-12-21-00 -   Epoch 17:	Data Loading Time: 0.028161	Forward Time: 0.007791	Backward Time: 0.009173
01/16/2025 12:54:18 - INFO - cifar10_resnet20_lr0.1_warm-20_train0.10_alpha-1.50-start0_random0.01-start0_batchsize128_grad_freddy-batchnummul5-interalmul1.0_thresh-factor0.1_seed_0-2025-01-16-12-21-00 -   Updating train loader and weights with subset of size 5000
01/16/2025 12:54:22 - INFO - cifar10_resnet20_lr0.1_warm-20_train0.10_alpha-1.50-start0_random0.01-start0_batchsize128_grad_freddy-batchnummul5-interalmul1.0_thresh-factor0.1_seed_0-2025-01-16-12-21-00 -   Updating train loader and weights with subset of size 5000
01/16/2025 12:54:24 - INFO - cifar10_resnet20_lr0.1_warm-20_train0.10_alpha-1.50-start0_random0.01-start0_batchsize128_grad_freddy-batchnummul5-interalmul1.0_thresh-factor0.1_seed_0-2025-01-16-12-21-00 -   Epoch 18:	Train Loss: 1.543661	Train Acc: 0.432800	Val Loss: 11.485688	Val Acc: 0.143300
01/16/2025 12:54:24 - INFO - cifar10_resnet20_lr0.1_warm-20_train0.10_alpha-1.50-start0_random0.01-start0_batchsize128_grad_freddy-batchnummul5-interalmul1.0_thresh-factor0.1_seed_0-2025-01-16-12-21-00 -   Epoch 18:	Data Loading Time: 0.019642	Forward Time: 0.013200	Backward Time: 0.009932
01/16/2025 12:55:57 - INFO - cifar10_resnet20_lr0.1_warm-20_train0.10_alpha-1.50-start0_random0.01-start0_batchsize128_grad_freddy-batchnummul5-interalmul1.0_thresh-factor0.1_seed_0-2025-01-16-12-21-00 -   Updating train loader and weights with subset of size 5000
01/16/2025 12:56:01 - INFO - cifar10_resnet20_lr0.1_warm-20_train0.10_alpha-1.50-start0_random0.01-start0_batchsize128_grad_freddy-batchnummul5-interalmul1.0_thresh-factor0.1_seed_0-2025-01-16-12-21-00 -   Updating train loader and weights with subset of size 5000
01/16/2025 12:56:03 - INFO - cifar10_resnet20_lr0.1_warm-20_train0.10_alpha-1.50-start0_random0.01-start0_batchsize128_grad_freddy-batchnummul5-interalmul1.0_thresh-factor0.1_seed_0-2025-01-16-12-21-00 -   Epoch 19:	Train Loss: 1.490929	Train Acc: 0.453000	Val Loss: 8.545627	Val Acc: 0.243600
01/16/2025 12:56:03 - INFO - cifar10_resnet20_lr0.1_warm-20_train0.10_alpha-1.50-start0_random0.01-start0_batchsize128_grad_freddy-batchnummul5-interalmul1.0_thresh-factor0.1_seed_0-2025-01-16-12-21-00 -   Epoch 19:	Data Loading Time: 0.021980	Forward Time: 0.018841	Backward Time: 0.010032
01/16/2025 12:57:39 - INFO - cifar10_resnet20_lr0.1_warm-20_train0.10_alpha-1.50-start0_random0.01-start0_batchsize128_grad_freddy-batchnummul5-interalmul1.0_thresh-factor0.1_seed_0-2025-01-16-12-21-00 -   Updating train loader and weights with subset of size 5000
01/16/2025 12:57:43 - INFO - cifar10_resnet20_lr0.1_warm-20_train0.10_alpha-1.50-start0_random0.01-start0_batchsize128_grad_freddy-batchnummul5-interalmul1.0_thresh-factor0.1_seed_0-2025-01-16-12-21-00 -   Updating train loader and weights with subset of size 5000
01/16/2025 12:57:44 - INFO - cifar10_resnet20_lr0.1_warm-20_train0.10_alpha-1.50-start0_random0.01-start0_batchsize128_grad_freddy-batchnummul5-interalmul1.0_thresh-factor0.1_seed_0-2025-01-16-12-21-00 -   Epoch 20:	Train Loss: 1.458173	Train Acc: 0.475800	Val Loss: 4.864434	Val Acc: 0.179900
01/16/2025 12:57:44 - INFO - cifar10_resnet20_lr0.1_warm-20_train0.10_alpha-1.50-start0_random0.01-start0_batchsize128_grad_freddy-batchnummul5-interalmul1.0_thresh-factor0.1_seed_0-2025-01-16-12-21-00 -   Epoch 20:	Data Loading Time: 0.019919	Forward Time: 0.011491	Backward Time: 0.009137
01/16/2025 12:59:07 - INFO - cifar10_resnet20_lr0.1_warm-20_train0.10_alpha-1.50-start0_random0.01-start0_batchsize128_grad_freddy-batchnummul5-interalmul1.0_thresh-factor0.1_seed_0-2025-01-16-12-21-00 -   Updating train loader and weights with subset of size 5000
01/16/2025 12:59:11 - INFO - cifar10_resnet20_lr0.1_warm-20_train0.10_alpha-1.50-start0_random0.01-start0_batchsize128_grad_freddy-batchnummul5-interalmul1.0_thresh-factor0.1_seed_0-2025-01-16-12-21-00 -   Updating train loader and weights with subset of size 5000
01/16/2025 12:59:12 - INFO - cifar10_resnet20_lr0.1_warm-20_train0.10_alpha-1.50-start0_random0.01-start0_batchsize128_grad_freddy-batchnummul5-interalmul1.0_thresh-factor0.1_seed_0-2025-01-16-12-21-00 -   Epoch 21:	Train Loss: 1.488784	Train Acc: 0.449400	Val Loss: 5.313520	Val Acc: 0.172100
01/16/2025 12:59:12 - INFO - cifar10_resnet20_lr0.1_warm-20_train0.10_alpha-1.50-start0_random0.01-start0_batchsize128_grad_freddy-batchnummul5-interalmul1.0_thresh-factor0.1_seed_0-2025-01-16-12-21-00 -   Epoch 21:	Data Loading Time: 0.017979	Forward Time: 0.012155	Backward Time: 0.008097
01/16/2025 13:00:41 - INFO - cifar10_resnet20_lr0.1_warm-20_train0.10_alpha-1.50-start0_random0.01-start0_batchsize128_grad_freddy-batchnummul5-interalmul1.0_thresh-factor0.1_seed_0-2025-01-16-12-21-00 -   Updating train loader and weights with subset of size 5000
01/16/2025 13:00:44 - INFO - cifar10_resnet20_lr0.1_warm-20_train0.10_alpha-1.50-start0_random0.01-start0_batchsize128_grad_freddy-batchnummul5-interalmul1.0_thresh-factor0.1_seed_0-2025-01-16-12-21-00 -   Updating train loader and weights with subset of size 5000
01/16/2025 13:00:46 - INFO - cifar10_resnet20_lr0.1_warm-20_train0.10_alpha-1.50-start0_random0.01-start0_batchsize128_grad_freddy-batchnummul5-interalmul1.0_thresh-factor0.1_seed_0-2025-01-16-12-21-00 -   Epoch 22:	Train Loss: 1.464010	Train Acc: 0.477800	Val Loss: 2.224351	Val Acc: 0.316500
01/16/2025 13:00:46 - INFO - cifar10_resnet20_lr0.1_warm-20_train0.10_alpha-1.50-start0_random0.01-start0_batchsize128_grad_freddy-batchnummul5-interalmul1.0_thresh-factor0.1_seed_0-2025-01-16-12-21-00 -   Epoch 22:	Data Loading Time: 0.017892	Forward Time: 0.014220	Backward Time: 0.008473
01/16/2025 13:02:19 - INFO - cifar10_resnet20_lr0.1_warm-20_train0.10_alpha-1.50-start0_random0.01-start0_batchsize128_grad_freddy-batchnummul5-interalmul1.0_thresh-factor0.1_seed_0-2025-01-16-12-21-00 -   Updating train loader and weights with subset of size 5000
01/16/2025 13:02:22 - INFO - cifar10_resnet20_lr0.1_warm-20_train0.10_alpha-1.50-start0_random0.01-start0_batchsize128_grad_freddy-batchnummul5-interalmul1.0_thresh-factor0.1_seed_0-2025-01-16-12-21-00 -   Updating train loader and weights with subset of size 5000
01/16/2025 13:02:24 - INFO - cifar10_resnet20_lr0.1_warm-20_train0.10_alpha-1.50-start0_random0.01-start0_batchsize128_grad_freddy-batchnummul5-interalmul1.0_thresh-factor0.1_seed_0-2025-01-16-12-21-00 -   Epoch 23:	Train Loss: 1.369055	Train Acc: 0.494600	Val Loss: 4.810428	Val Acc: 0.162300
01/16/2025 13:02:24 - INFO - cifar10_resnet20_lr0.1_warm-20_train0.10_alpha-1.50-start0_random0.01-start0_batchsize128_grad_freddy-batchnummul5-interalmul1.0_thresh-factor0.1_seed_0-2025-01-16-12-21-00 -   Epoch 23:	Data Loading Time: 0.018423	Forward Time: 0.016781	Backward Time: 0.009306
01/16/2025 13:03:57 - INFO - cifar10_resnet20_lr0.1_warm-20_train0.10_alpha-1.50-start0_random0.01-start0_batchsize128_grad_freddy-batchnummul5-interalmul1.0_thresh-factor0.1_seed_0-2025-01-16-12-21-00 -   Updating train loader and weights with subset of size 5000
01/16/2025 13:04:00 - INFO - cifar10_resnet20_lr0.1_warm-20_train0.10_alpha-1.50-start0_random0.01-start0_batchsize128_grad_freddy-batchnummul5-interalmul1.0_thresh-factor0.1_seed_0-2025-01-16-12-21-00 -   Updating train loader and weights with subset of size 5000
01/16/2025 13:04:03 - INFO - cifar10_resnet20_lr0.1_warm-20_train0.10_alpha-1.50-start0_random0.01-start0_batchsize128_grad_freddy-batchnummul5-interalmul1.0_thresh-factor0.1_seed_0-2025-01-16-12-21-00 -   Epoch 24:	Train Loss: 1.374876	Train Acc: 0.504200	Val Loss: 3.070890	Val Acc: 0.233200
01/16/2025 13:04:03 - INFO - cifar10_resnet20_lr0.1_warm-20_train0.10_alpha-1.50-start0_random0.01-start0_batchsize128_grad_freddy-batchnummul5-interalmul1.0_thresh-factor0.1_seed_0-2025-01-16-12-21-00 -   Epoch 24:	Data Loading Time: 0.021725	Forward Time: 0.012881	Backward Time: 0.009633
01/16/2025 13:05:39 - INFO - cifar10_resnet20_lr0.1_warm-20_train0.10_alpha-1.50-start0_random0.01-start0_batchsize128_grad_freddy-batchnummul5-interalmul1.0_thresh-factor0.1_seed_0-2025-01-16-12-21-00 -   Updating train loader and weights with subset of size 5000
01/16/2025 13:05:42 - INFO - cifar10_resnet20_lr0.1_warm-20_train0.10_alpha-1.50-start0_random0.01-start0_batchsize128_grad_freddy-batchnummul5-interalmul1.0_thresh-factor0.1_seed_0-2025-01-16-12-21-00 -   Updating train loader and weights with subset of size 5000
01/16/2025 13:05:45 - INFO - cifar10_resnet20_lr0.1_warm-20_train0.10_alpha-1.50-start0_random0.01-start0_batchsize128_grad_freddy-batchnummul5-interalmul1.0_thresh-factor0.1_seed_0-2025-01-16-12-21-00 -   Epoch 25:	Train Loss: 1.339388	Train Acc: 0.509600	Val Loss: 4.962701	Val Acc: 0.250600
01/16/2025 13:05:45 - INFO - cifar10_resnet20_lr0.1_warm-20_train0.10_alpha-1.50-start0_random0.01-start0_batchsize128_grad_freddy-batchnummul5-interalmul1.0_thresh-factor0.1_seed_0-2025-01-16-12-21-00 -   Epoch 25:	Data Loading Time: 0.019973	Forward Time: 0.009376	Backward Time: 0.009851
01/16/2025 13:07:19 - INFO - cifar10_resnet20_lr0.1_warm-20_train0.10_alpha-1.50-start0_random0.01-start0_batchsize128_grad_freddy-batchnummul5-interalmul1.0_thresh-factor0.1_seed_0-2025-01-16-12-21-00 -   Updating train loader and weights with subset of size 5000
01/16/2025 13:07:22 - INFO - cifar10_resnet20_lr0.1_warm-20_train0.10_alpha-1.50-start0_random0.01-start0_batchsize128_grad_freddy-batchnummul5-interalmul1.0_thresh-factor0.1_seed_0-2025-01-16-12-21-00 -   Updating train loader and weights with subset of size 5000
01/16/2025 13:07:24 - INFO - cifar10_resnet20_lr0.1_warm-20_train0.10_alpha-1.50-start0_random0.01-start0_batchsize128_grad_freddy-batchnummul5-interalmul1.0_thresh-factor0.1_seed_0-2025-01-16-12-21-00 -   Epoch 26:	Train Loss: 1.279728	Train Acc: 0.536200	Val Loss: 3.408345	Val Acc: 0.292400
01/16/2025 13:07:24 - INFO - cifar10_resnet20_lr0.1_warm-20_train0.10_alpha-1.50-start0_random0.01-start0_batchsize128_grad_freddy-batchnummul5-interalmul1.0_thresh-factor0.1_seed_0-2025-01-16-12-21-00 -   Epoch 26:	Data Loading Time: 0.026584	Forward Time: 0.007157	Backward Time: 0.008482
01/16/2025 13:08:40 - INFO - cifar10_resnet20_lr0.1_warm-20_train0.10_alpha-1.50-start0_random0.01-start0_batchsize128_grad_freddy-batchnummul5-interalmul1.0_thresh-factor0.1_seed_0-2025-01-16-12-21-00 -   Updating train loader and weights with subset of size 5000
01/16/2025 13:08:42 - INFO - cifar10_resnet20_lr0.1_warm-20_train0.10_alpha-1.50-start0_random0.01-start0_batchsize128_grad_freddy-batchnummul5-interalmul1.0_thresh-factor0.1_seed_0-2025-01-16-12-21-00 -   Updating train loader and weights with subset of size 5000
01/16/2025 13:08:44 - INFO - cifar10_resnet20_lr0.1_warm-20_train0.10_alpha-1.50-start0_random0.01-start0_batchsize128_grad_freddy-batchnummul5-interalmul1.0_thresh-factor0.1_seed_0-2025-01-16-12-21-00 -   Epoch 27:	Train Loss: 1.290754	Train Acc: 0.536800	Val Loss: 2.682883	Val Acc: 0.267600
01/16/2025 13:08:44 - INFO - cifar10_resnet20_lr0.1_warm-20_train0.10_alpha-1.50-start0_random0.01-start0_batchsize128_grad_freddy-batchnummul5-interalmul1.0_thresh-factor0.1_seed_0-2025-01-16-12-21-00 -   Epoch 27:	Data Loading Time: 0.021425	Forward Time: 0.007635	Backward Time: 0.007264
01/16/2025 13:09:59 - INFO - cifar10_resnet20_lr0.1_warm-20_train0.10_alpha-1.50-start0_random0.01-start0_batchsize128_grad_freddy-batchnummul5-interalmul1.0_thresh-factor0.1_seed_0-2025-01-16-12-21-00 -   Updating train loader and weights with subset of size 5000
01/16/2025 13:10:02 - INFO - cifar10_resnet20_lr0.1_warm-20_train0.10_alpha-1.50-start0_random0.01-start0_batchsize128_grad_freddy-batchnummul5-interalmul1.0_thresh-factor0.1_seed_0-2025-01-16-12-21-00 -   Updating train loader and weights with subset of size 5000
01/16/2025 13:10:05 - INFO - cifar10_resnet20_lr0.1_warm-20_train0.10_alpha-1.50-start0_random0.01-start0_batchsize128_grad_freddy-batchnummul5-interalmul1.0_thresh-factor0.1_seed_0-2025-01-16-12-21-00 -   Epoch 28:	Train Loss: 1.271413	Train Acc: 0.544400	Val Loss: 3.790805	Val Acc: 0.252200
01/16/2025 13:10:05 - INFO - cifar10_resnet20_lr0.1_warm-20_train0.10_alpha-1.50-start0_random0.01-start0_batchsize128_grad_freddy-batchnummul5-interalmul1.0_thresh-factor0.1_seed_0-2025-01-16-12-21-00 -   Epoch 28:	Data Loading Time: 0.025299	Forward Time: 0.007051	Backward Time: 0.009000
01/16/2025 13:11:15 - INFO - cifar10_resnet20_lr0.1_warm-20_train0.10_alpha-1.50-start0_random0.01-start0_batchsize128_grad_freddy-batchnummul5-interalmul1.0_thresh-factor0.1_seed_0-2025-01-16-12-21-00 -   Updating train loader and weights with subset of size 5000
01/16/2025 13:11:18 - INFO - cifar10_resnet20_lr0.1_warm-20_train0.10_alpha-1.50-start0_random0.01-start0_batchsize128_grad_freddy-batchnummul5-interalmul1.0_thresh-factor0.1_seed_0-2025-01-16-12-21-00 -   Updating train loader and weights with subset of size 5000
01/16/2025 13:11:21 - INFO - cifar10_resnet20_lr0.1_warm-20_train0.10_alpha-1.50-start0_random0.01-start0_batchsize128_grad_freddy-batchnummul5-interalmul1.0_thresh-factor0.1_seed_0-2025-01-16-12-21-00 -   Epoch 29:	Train Loss: 1.237687	Train Acc: 0.550400	Val Loss: 8.095015	Val Acc: 0.170400
01/16/2025 13:11:21 - INFO - cifar10_resnet20_lr0.1_warm-20_train0.10_alpha-1.50-start0_random0.01-start0_batchsize128_grad_freddy-batchnummul5-interalmul1.0_thresh-factor0.1_seed_0-2025-01-16-12-21-00 -   Epoch 29:	Data Loading Time: 0.024513	Forward Time: 0.007979	Backward Time: 0.008187
01/16/2025 13:12:34 - INFO - cifar10_resnet20_lr0.1_warm-20_train0.10_alpha-1.50-start0_random0.01-start0_batchsize128_grad_freddy-batchnummul5-interalmul1.0_thresh-factor0.1_seed_0-2025-01-16-12-21-00 -   Updating train loader and weights with subset of size 5000
01/16/2025 13:12:37 - INFO - cifar10_resnet20_lr0.1_warm-20_train0.10_alpha-1.50-start0_random0.01-start0_batchsize128_grad_freddy-batchnummul5-interalmul1.0_thresh-factor0.1_seed_0-2025-01-16-12-21-00 -   Updating train loader and weights with subset of size 5000
01/16/2025 13:12:39 - INFO - cifar10_resnet20_lr0.1_warm-20_train0.10_alpha-1.50-start0_random0.01-start0_batchsize128_grad_freddy-batchnummul5-interalmul1.0_thresh-factor0.1_seed_0-2025-01-16-12-21-00 -   Epoch 30:	Train Loss: 1.238744	Train Acc: 0.561400	Val Loss: 2.552847	Val Acc: 0.349800
01/16/2025 13:12:39 - INFO - cifar10_resnet20_lr0.1_warm-20_train0.10_alpha-1.50-start0_random0.01-start0_batchsize128_grad_freddy-batchnummul5-interalmul1.0_thresh-factor0.1_seed_0-2025-01-16-12-21-00 -   Epoch 30:	Data Loading Time: 0.023329	Forward Time: 0.007950	Backward Time: 0.008222
01/16/2025 13:13:53 - INFO - cifar10_resnet20_lr0.1_warm-20_train0.10_alpha-1.50-start0_random0.01-start0_batchsize128_grad_freddy-batchnummul5-interalmul1.0_thresh-factor0.1_seed_0-2025-01-16-12-21-00 -   Updating train loader and weights with subset of size 5000
01/16/2025 13:13:56 - INFO - cifar10_resnet20_lr0.1_warm-20_train0.10_alpha-1.50-start0_random0.01-start0_batchsize128_grad_freddy-batchnummul5-interalmul1.0_thresh-factor0.1_seed_0-2025-01-16-12-21-00 -   Updating train loader and weights with subset of size 5000
01/16/2025 13:13:58 - INFO - cifar10_resnet20_lr0.1_warm-20_train0.10_alpha-1.50-start0_random0.01-start0_batchsize128_grad_freddy-batchnummul5-interalmul1.0_thresh-factor0.1_seed_0-2025-01-16-12-21-00 -   Epoch 31:	Train Loss: 1.205844	Train Acc: 0.561400	Val Loss: 2.451369	Val Acc: 0.329300
01/16/2025 13:13:58 - INFO - cifar10_resnet20_lr0.1_warm-20_train0.10_alpha-1.50-start0_random0.01-start0_batchsize128_grad_freddy-batchnummul5-interalmul1.0_thresh-factor0.1_seed_0-2025-01-16-12-21-00 -   Epoch 31:	Data Loading Time: 0.025379	Forward Time: 0.007944	Backward Time: 0.009428
01/16/2025 13:15:08 - INFO - cifar10_resnet20_lr0.1_warm-20_train0.10_alpha-1.50-start0_random0.01-start0_batchsize128_grad_freddy-batchnummul5-interalmul1.0_thresh-factor0.1_seed_0-2025-01-16-12-21-00 -   Updating train loader and weights with subset of size 5000
01/16/2025 13:15:11 - INFO - cifar10_resnet20_lr0.1_warm-20_train0.10_alpha-1.50-start0_random0.01-start0_batchsize128_grad_freddy-batchnummul5-interalmul1.0_thresh-factor0.1_seed_0-2025-01-16-12-21-00 -   Updating train loader and weights with subset of size 5000
01/16/2025 13:15:14 - INFO - cifar10_resnet20_lr0.1_warm-20_train0.10_alpha-1.50-start0_random0.01-start0_batchsize128_grad_freddy-batchnummul5-interalmul1.0_thresh-factor0.1_seed_0-2025-01-16-12-21-00 -   Epoch 32:	Train Loss: 1.184017	Train Acc: 0.569400	Val Loss: 2.580560	Val Acc: 0.337500
01/16/2025 13:15:14 - INFO - cifar10_resnet20_lr0.1_warm-20_train0.10_alpha-1.50-start0_random0.01-start0_batchsize128_grad_freddy-batchnummul5-interalmul1.0_thresh-factor0.1_seed_0-2025-01-16-12-21-00 -   Epoch 32:	Data Loading Time: 0.026849	Forward Time: 0.008032	Backward Time: 0.008858
01/16/2025 13:16:17 - INFO - cifar10_resnet20_lr0.1_warm-20_train0.10_alpha-1.50-start0_random0.01-start0_batchsize128_grad_freddy-batchnummul5-interalmul1.0_thresh-factor0.1_seed_0-2025-01-16-12-21-00 -   Updating train loader and weights with subset of size 5000
01/16/2025 13:16:20 - INFO - cifar10_resnet20_lr0.1_warm-20_train0.10_alpha-1.50-start0_random0.01-start0_batchsize128_grad_freddy-batchnummul5-interalmul1.0_thresh-factor0.1_seed_0-2025-01-16-12-21-00 -   Updating train loader and weights with subset of size 5000
01/16/2025 13:16:22 - INFO - cifar10_resnet20_lr0.1_warm-20_train0.10_alpha-1.50-start0_random0.01-start0_batchsize128_grad_freddy-batchnummul5-interalmul1.0_thresh-factor0.1_seed_0-2025-01-16-12-21-00 -   Epoch 33:	Train Loss: 1.189190	Train Acc: 0.574600	Val Loss: 2.772722	Val Acc: 0.272200
01/16/2025 13:16:22 - INFO - cifar10_resnet20_lr0.1_warm-20_train0.10_alpha-1.50-start0_random0.01-start0_batchsize128_grad_freddy-batchnummul5-interalmul1.0_thresh-factor0.1_seed_0-2025-01-16-12-21-00 -   Epoch 33:	Data Loading Time: 0.025444	Forward Time: 0.012011	Backward Time: 0.008255
01/16/2025 13:17:45 - INFO - cifar10_resnet20_lr0.1_warm-20_train0.10_alpha-1.50-start0_random0.01-start0_batchsize128_grad_freddy-batchnummul5-interalmul1.0_thresh-factor0.1_seed_0-2025-01-16-12-21-00 -   Updating train loader and weights with subset of size 5000
01/16/2025 13:17:49 - INFO - cifar10_resnet20_lr0.1_warm-20_train0.10_alpha-1.50-start0_random0.01-start0_batchsize128_grad_freddy-batchnummul5-interalmul1.0_thresh-factor0.1_seed_0-2025-01-16-12-21-00 -   Updating train loader and weights with subset of size 5000
01/16/2025 13:17:51 - INFO - cifar10_resnet20_lr0.1_warm-20_train0.10_alpha-1.50-start0_random0.01-start0_batchsize128_grad_freddy-batchnummul5-interalmul1.0_thresh-factor0.1_seed_0-2025-01-16-12-21-00 -   Epoch 34:	Train Loss: 1.123145	Train Acc: 0.589200	Val Loss: 3.811426	Val Acc: 0.283600
01/16/2025 13:17:51 - INFO - cifar10_resnet20_lr0.1_warm-20_train0.10_alpha-1.50-start0_random0.01-start0_batchsize128_grad_freddy-batchnummul5-interalmul1.0_thresh-factor0.1_seed_0-2025-01-16-12-21-00 -   Epoch 34:	Data Loading Time: 0.022340	Forward Time: 0.016119	Backward Time: 0.009161
01/16/2025 13:19:15 - INFO - cifar10_resnet20_lr0.1_warm-20_train0.10_alpha-1.50-start0_random0.01-start0_batchsize128_grad_freddy-batchnummul5-interalmul1.0_thresh-factor0.1_seed_0-2025-01-16-12-21-00 -   Updating train loader and weights with subset of size 5000
01/16/2025 13:19:20 - INFO - cifar10_resnet20_lr0.1_warm-20_train0.10_alpha-1.50-start0_random0.01-start0_batchsize128_grad_freddy-batchnummul5-interalmul1.0_thresh-factor0.1_seed_0-2025-01-16-12-21-00 -   Updating train loader and weights with subset of size 5000
01/16/2025 13:19:22 - INFO - cifar10_resnet20_lr0.1_warm-20_train0.10_alpha-1.50-start0_random0.01-start0_batchsize128_grad_freddy-batchnummul5-interalmul1.0_thresh-factor0.1_seed_0-2025-01-16-12-21-00 -   Epoch 35:	Train Loss: 1.135890	Train Acc: 0.595000	Val Loss: 2.610213	Val Acc: 0.372600
01/16/2025 13:19:22 - INFO - cifar10_resnet20_lr0.1_warm-20_train0.10_alpha-1.50-start0_random0.01-start0_batchsize128_grad_freddy-batchnummul5-interalmul1.0_thresh-factor0.1_seed_0-2025-01-16-12-21-00 -   Epoch 35:	Data Loading Time: 0.023842	Forward Time: 0.012302	Backward Time: 0.009984
01/16/2025 13:20:46 - INFO - cifar10_resnet20_lr0.1_warm-20_train0.10_alpha-1.50-start0_random0.01-start0_batchsize128_grad_freddy-batchnummul5-interalmul1.0_thresh-factor0.1_seed_0-2025-01-16-12-21-00 -   Updating train loader and weights with subset of size 5000
01/16/2025 13:20:49 - INFO - cifar10_resnet20_lr0.1_warm-20_train0.10_alpha-1.50-start0_random0.01-start0_batchsize128_grad_freddy-batchnummul5-interalmul1.0_thresh-factor0.1_seed_0-2025-01-16-12-21-00 -   Updating train loader and weights with subset of size 5000
01/16/2025 13:20:51 - INFO - cifar10_resnet20_lr0.1_warm-20_train0.10_alpha-1.50-start0_random0.01-start0_batchsize128_grad_freddy-batchnummul5-interalmul1.0_thresh-factor0.1_seed_0-2025-01-16-12-21-00 -   Epoch 36:	Train Loss: 1.126500	Train Acc: 0.593200	Val Loss: 2.455863	Val Acc: 0.382600
01/16/2025 13:20:51 - INFO - cifar10_resnet20_lr0.1_warm-20_train0.10_alpha-1.50-start0_random0.01-start0_batchsize128_grad_freddy-batchnummul5-interalmul1.0_thresh-factor0.1_seed_0-2025-01-16-12-21-00 -   Epoch 36:	Data Loading Time: 0.023747	Forward Time: 0.008048	Backward Time: 0.008759
01/16/2025 13:22:06 - INFO - cifar10_resnet20_lr0.1_warm-20_train0.10_alpha-1.50-start0_random0.01-start0_batchsize128_grad_freddy-batchnummul5-interalmul1.0_thresh-factor0.1_seed_0-2025-01-16-12-21-00 -   Updating train loader and weights with subset of size 5000
01/16/2025 13:22:10 - INFO - cifar10_resnet20_lr0.1_warm-20_train0.10_alpha-1.50-start0_random0.01-start0_batchsize128_grad_freddy-batchnummul5-interalmul1.0_thresh-factor0.1_seed_0-2025-01-16-12-21-00 -   Updating train loader and weights with subset of size 5000
01/16/2025 13:22:12 - INFO - cifar10_resnet20_lr0.1_warm-20_train0.10_alpha-1.50-start0_random0.01-start0_batchsize128_grad_freddy-batchnummul5-interalmul1.0_thresh-factor0.1_seed_0-2025-01-16-12-21-00 -   Epoch 37:	Train Loss: 1.120025	Train Acc: 0.607200	Val Loss: 2.100743	Val Acc: 0.417200
01/16/2025 13:22:12 - INFO - cifar10_resnet20_lr0.1_warm-20_train0.10_alpha-1.50-start0_random0.01-start0_batchsize128_grad_freddy-batchnummul5-interalmul1.0_thresh-factor0.1_seed_0-2025-01-16-12-21-00 -   Epoch 37:	Data Loading Time: 0.028778	Forward Time: 0.008243	Backward Time: 0.008721
01/16/2025 13:23:14 - INFO - cifar10_resnet20_lr0.1_warm-20_train0.10_alpha-1.50-start0_random0.01-start0_batchsize128_grad_freddy-batchnummul5-interalmul1.0_thresh-factor0.1_seed_0-2025-01-16-12-21-00 -   Updating train loader and weights with subset of size 5000
01/16/2025 13:23:18 - INFO - cifar10_resnet20_lr0.1_warm-20_train0.10_alpha-1.50-start0_random0.01-start0_batchsize128_grad_freddy-batchnummul5-interalmul1.0_thresh-factor0.1_seed_0-2025-01-16-12-21-00 -   Updating train loader and weights with subset of size 5000
01/16/2025 13:23:20 - INFO - cifar10_resnet20_lr0.1_warm-20_train0.10_alpha-1.50-start0_random0.01-start0_batchsize128_grad_freddy-batchnummul5-interalmul1.0_thresh-factor0.1_seed_0-2025-01-16-12-21-00 -   Epoch 38:	Train Loss: 1.120607	Train Acc: 0.596200	Val Loss: 3.954291	Val Acc: 0.280900
01/16/2025 13:23:20 - INFO - cifar10_resnet20_lr0.1_warm-20_train0.10_alpha-1.50-start0_random0.01-start0_batchsize128_grad_freddy-batchnummul5-interalmul1.0_thresh-factor0.1_seed_0-2025-01-16-12-21-00 -   Epoch 38:	Data Loading Time: 0.027737	Forward Time: 0.007849	Backward Time: 0.008638
01/16/2025 13:24:27 - INFO - cifar10_resnet20_lr0.1_warm-20_train0.10_alpha-1.50-start0_random0.01-start0_batchsize128_grad_freddy-batchnummul5-interalmul1.0_thresh-factor0.1_seed_0-2025-01-16-12-21-00 -   Updating train loader and weights with subset of size 5000
01/16/2025 13:24:31 - INFO - cifar10_resnet20_lr0.1_warm-20_train0.10_alpha-1.50-start0_random0.01-start0_batchsize128_grad_freddy-batchnummul5-interalmul1.0_thresh-factor0.1_seed_0-2025-01-16-12-21-00 -   Updating train loader and weights with subset of size 5000
01/16/2025 13:24:33 - INFO - cifar10_resnet20_lr0.1_warm-20_train0.10_alpha-1.50-start0_random0.01-start0_batchsize128_grad_freddy-batchnummul5-interalmul1.0_thresh-factor0.1_seed_0-2025-01-16-12-21-00 -   Epoch 39:	Train Loss: 1.110792	Train Acc: 0.599800	Val Loss: 1.789868	Val Acc: 0.430600
01/16/2025 13:24:33 - INFO - cifar10_resnet20_lr0.1_warm-20_train0.10_alpha-1.50-start0_random0.01-start0_batchsize128_grad_freddy-batchnummul5-interalmul1.0_thresh-factor0.1_seed_0-2025-01-16-12-21-00 -   Epoch 39:	Data Loading Time: 0.022746	Forward Time: 0.007284	Backward Time: 0.008566
01/16/2025 13:25:39 - INFO - cifar10_resnet20_lr0.1_warm-20_train0.10_alpha-1.50-start0_random0.01-start0_batchsize128_grad_freddy-batchnummul5-interalmul1.0_thresh-factor0.1_seed_0-2025-01-16-12-21-00 -   Updating train loader and weights with subset of size 5000
01/16/2025 13:25:44 - INFO - cifar10_resnet20_lr0.1_warm-20_train0.10_alpha-1.50-start0_random0.01-start0_batchsize128_grad_freddy-batchnummul5-interalmul1.0_thresh-factor0.1_seed_0-2025-01-16-12-21-00 -   Updating train loader and weights with subset of size 5000
01/16/2025 13:25:46 - INFO - cifar10_resnet20_lr0.1_warm-20_train0.10_alpha-1.50-start0_random0.01-start0_batchsize128_grad_freddy-batchnummul5-interalmul1.0_thresh-factor0.1_seed_0-2025-01-16-12-21-00 -   Epoch 40:	Train Loss: 1.049791	Train Acc: 0.621200	Val Loss: 1.999945	Val Acc: 0.426400
01/16/2025 13:25:46 - INFO - cifar10_resnet20_lr0.1_warm-20_train0.10_alpha-1.50-start0_random0.01-start0_batchsize128_grad_freddy-batchnummul5-interalmul1.0_thresh-factor0.1_seed_0-2025-01-16-12-21-00 -   Epoch 40:	Data Loading Time: 0.026273	Forward Time: 0.008227	Backward Time: 0.008686
01/16/2025 13:27:00 - INFO - cifar10_resnet20_lr0.1_warm-20_train0.10_alpha-1.50-start0_random0.01-start0_batchsize128_grad_freddy-batchnummul5-interalmul1.0_thresh-factor0.1_seed_0-2025-01-16-12-21-00 -   Updating train loader and weights with subset of size 5000
01/16/2025 13:27:04 - INFO - cifar10_resnet20_lr0.1_warm-20_train0.10_alpha-1.50-start0_random0.01-start0_batchsize128_grad_freddy-batchnummul5-interalmul1.0_thresh-factor0.1_seed_0-2025-01-16-12-21-00 -   Updating train loader and weights with subset of size 5000
01/16/2025 13:27:05 - INFO - cifar10_resnet20_lr0.1_warm-20_train0.10_alpha-1.50-start0_random0.01-start0_batchsize128_grad_freddy-batchnummul5-interalmul1.0_thresh-factor0.1_seed_0-2025-01-16-12-21-00 -   Epoch 41:	Train Loss: 1.046837	Train Acc: 0.619200	Val Loss: 1.625593	Val Acc: 0.498900
01/16/2025 13:27:05 - INFO - cifar10_resnet20_lr0.1_warm-20_train0.10_alpha-1.50-start0_random0.01-start0_batchsize128_grad_freddy-batchnummul5-interalmul1.0_thresh-factor0.1_seed_0-2025-01-16-12-21-00 -   Epoch 41:	Data Loading Time: 0.024092	Forward Time: 0.016357	Backward Time: 0.008929
01/16/2025 13:28:23 - INFO - cifar10_resnet20_lr0.1_warm-20_train0.10_alpha-1.50-start0_random0.01-start0_batchsize128_grad_freddy-batchnummul5-interalmul1.0_thresh-factor0.1_seed_0-2025-01-16-12-21-00 -   Updating train loader and weights with subset of size 5000
01/16/2025 13:28:27 - INFO - cifar10_resnet20_lr0.1_warm-20_train0.10_alpha-1.50-start0_random0.01-start0_batchsize128_grad_freddy-batchnummul5-interalmul1.0_thresh-factor0.1_seed_0-2025-01-16-12-21-00 -   Updating train loader and weights with subset of size 5000
01/16/2025 13:28:29 - INFO - cifar10_resnet20_lr0.1_warm-20_train0.10_alpha-1.50-start0_random0.01-start0_batchsize128_grad_freddy-batchnummul5-interalmul1.0_thresh-factor0.1_seed_0-2025-01-16-12-21-00 -   Epoch 42:	Train Loss: 1.017092	Train Acc: 0.635600	Val Loss: 1.726066	Val Acc: 0.461200
01/16/2025 13:28:29 - INFO - cifar10_resnet20_lr0.1_warm-20_train0.10_alpha-1.50-start0_random0.01-start0_batchsize128_grad_freddy-batchnummul5-interalmul1.0_thresh-factor0.1_seed_0-2025-01-16-12-21-00 -   Epoch 42:	Data Loading Time: 0.021561	Forward Time: 0.009811	Backward Time: 0.009374
01/16/2025 13:29:53 - INFO - cifar10_resnet20_lr0.1_warm-20_train0.10_alpha-1.50-start0_random0.01-start0_batchsize128_grad_freddy-batchnummul5-interalmul1.0_thresh-factor0.1_seed_0-2025-01-16-12-21-00 -   Updating train loader and weights with subset of size 5000
01/16/2025 13:29:58 - INFO - cifar10_resnet20_lr0.1_warm-20_train0.10_alpha-1.50-start0_random0.01-start0_batchsize128_grad_freddy-batchnummul5-interalmul1.0_thresh-factor0.1_seed_0-2025-01-16-12-21-00 -   Updating train loader and weights with subset of size 5000
01/16/2025 13:30:00 - INFO - cifar10_resnet20_lr0.1_warm-20_train0.10_alpha-1.50-start0_random0.01-start0_batchsize128_grad_freddy-batchnummul5-interalmul1.0_thresh-factor0.1_seed_0-2025-01-16-12-21-00 -   Epoch 43:	Train Loss: 0.999366	Train Acc: 0.641800	Val Loss: 3.992880	Val Acc: 0.284300
01/16/2025 13:30:00 - INFO - cifar10_resnet20_lr0.1_warm-20_train0.10_alpha-1.50-start0_random0.01-start0_batchsize128_grad_freddy-batchnummul5-interalmul1.0_thresh-factor0.1_seed_0-2025-01-16-12-21-00 -   Epoch 43:	Data Loading Time: 0.022849	Forward Time: 0.014232	Backward Time: 0.010105
01/16/2025 13:31:20 - INFO - cifar10_resnet20_lr0.1_warm-20_train0.10_alpha-1.50-start0_random0.01-start0_batchsize128_grad_freddy-batchnummul5-interalmul1.0_thresh-factor0.1_seed_0-2025-01-16-12-21-00 -   Updating train loader and weights with subset of size 5000
01/16/2025 13:31:24 - INFO - cifar10_resnet20_lr0.1_warm-20_train0.10_alpha-1.50-start0_random0.01-start0_batchsize128_grad_freddy-batchnummul5-interalmul1.0_thresh-factor0.1_seed_0-2025-01-16-12-21-00 -   Updating train loader and weights with subset of size 5000
01/16/2025 13:31:26 - INFO - cifar10_resnet20_lr0.1_warm-20_train0.10_alpha-1.50-start0_random0.01-start0_batchsize128_grad_freddy-batchnummul5-interalmul1.0_thresh-factor0.1_seed_0-2025-01-16-12-21-00 -   Epoch 44:	Train Loss: 1.041058	Train Acc: 0.636400	Val Loss: 2.327377	Val Acc: 0.380300
01/16/2025 13:31:26 - INFO - cifar10_resnet20_lr0.1_warm-20_train0.10_alpha-1.50-start0_random0.01-start0_batchsize128_grad_freddy-batchnummul5-interalmul1.0_thresh-factor0.1_seed_0-2025-01-16-12-21-00 -   Epoch 44:	Data Loading Time: 0.029746	Forward Time: 0.011782	Backward Time: 0.008284
01/16/2025 13:32:35 - INFO - cifar10_resnet20_lr0.1_warm-20_train0.10_alpha-1.50-start0_random0.01-start0_batchsize128_grad_freddy-batchnummul5-interalmul1.0_thresh-factor0.1_seed_0-2025-01-16-12-21-00 -   Updating train loader and weights with subset of size 5000
01/16/2025 13:32:39 - INFO - cifar10_resnet20_lr0.1_warm-20_train0.10_alpha-1.50-start0_random0.01-start0_batchsize128_grad_freddy-batchnummul5-interalmul1.0_thresh-factor0.1_seed_0-2025-01-16-12-21-00 -   Updating train loader and weights with subset of size 5000
01/16/2025 13:32:41 - INFO - cifar10_resnet20_lr0.1_warm-20_train0.10_alpha-1.50-start0_random0.01-start0_batchsize128_grad_freddy-batchnummul5-interalmul1.0_thresh-factor0.1_seed_0-2025-01-16-12-21-00 -   Epoch 45:	Train Loss: 1.030273	Train Acc: 0.628200	Val Loss: 2.287169	Val Acc: 0.393500
01/16/2025 13:32:41 - INFO - cifar10_resnet20_lr0.1_warm-20_train0.10_alpha-1.50-start0_random0.01-start0_batchsize128_grad_freddy-batchnummul5-interalmul1.0_thresh-factor0.1_seed_0-2025-01-16-12-21-00 -   Epoch 45:	Data Loading Time: 0.029940	Forward Time: 0.010590	Backward Time: 0.008821
01/16/2025 13:33:50 - INFO - cifar10_resnet20_lr0.1_warm-20_train0.10_alpha-1.50-start0_random0.01-start0_batchsize128_grad_freddy-batchnummul5-interalmul1.0_thresh-factor0.1_seed_0-2025-01-16-12-21-00 -   Updating train loader and weights with subset of size 5000
01/16/2025 13:33:53 - INFO - cifar10_resnet20_lr0.1_warm-20_train0.10_alpha-1.50-start0_random0.01-start0_batchsize128_grad_freddy-batchnummul5-interalmul1.0_thresh-factor0.1_seed_0-2025-01-16-12-21-00 -   Updating train loader and weights with subset of size 5000
01/16/2025 13:33:55 - INFO - cifar10_resnet20_lr0.1_warm-20_train0.10_alpha-1.50-start0_random0.01-start0_batchsize128_grad_freddy-batchnummul5-interalmul1.0_thresh-factor0.1_seed_0-2025-01-16-12-21-00 -   Epoch 46:	Train Loss: 0.997288	Train Acc: 0.645000	Val Loss: 2.575032	Val Acc: 0.412800
01/16/2025 13:33:55 - INFO - cifar10_resnet20_lr0.1_warm-20_train0.10_alpha-1.50-start0_random0.01-start0_batchsize128_grad_freddy-batchnummul5-interalmul1.0_thresh-factor0.1_seed_0-2025-01-16-12-21-00 -   Epoch 46:	Data Loading Time: 0.024115	Forward Time: 0.010083	Backward Time: 0.008625
01/16/2025 13:34:50 - INFO - cifar10_resnet20_lr0.1_warm-20_train0.10_alpha-1.50-start0_random0.01-start0_batchsize128_grad_freddy-batchnummul5-interalmul1.0_thresh-factor0.1_seed_0-2025-01-16-12-21-00 -   Updating train loader and weights with subset of size 5000
01/16/2025 13:34:52 - INFO - cifar10_resnet20_lr0.1_warm-20_train0.10_alpha-1.50-start0_random0.01-start0_batchsize128_grad_freddy-batchnummul5-interalmul1.0_thresh-factor0.1_seed_0-2025-01-16-12-21-00 -   Updating train loader and weights with subset of size 5000
01/16/2025 13:34:54 - INFO - cifar10_resnet20_lr0.1_warm-20_train0.10_alpha-1.50-start0_random0.01-start0_batchsize128_grad_freddy-batchnummul5-interalmul1.0_thresh-factor0.1_seed_0-2025-01-16-12-21-00 -   Epoch 47:	Train Loss: 1.022322	Train Acc: 0.643600	Val Loss: 3.167543	Val Acc: 0.365200
01/16/2025 13:34:54 - INFO - cifar10_resnet20_lr0.1_warm-20_train0.10_alpha-1.50-start0_random0.01-start0_batchsize128_grad_freddy-batchnummul5-interalmul1.0_thresh-factor0.1_seed_0-2025-01-16-12-21-00 -   Epoch 47:	Data Loading Time: 0.022263	Forward Time: 0.007994	Backward Time: 0.009042
01/16/2025 13:35:46 - INFO - cifar10_resnet20_lr0.1_warm-20_train0.10_alpha-1.50-start0_random0.01-start0_batchsize128_grad_freddy-batchnummul5-interalmul1.0_thresh-factor0.1_seed_0-2025-01-16-12-21-00 -   Updating train loader and weights with subset of size 5000
01/16/2025 13:35:49 - INFO - cifar10_resnet20_lr0.1_warm-20_train0.10_alpha-1.50-start0_random0.01-start0_batchsize128_grad_freddy-batchnummul5-interalmul1.0_thresh-factor0.1_seed_0-2025-01-16-12-21-00 -   Updating train loader and weights with subset of size 5000
01/16/2025 13:35:50 - INFO - cifar10_resnet20_lr0.1_warm-20_train0.10_alpha-1.50-start0_random0.01-start0_batchsize128_grad_freddy-batchnummul5-interalmul1.0_thresh-factor0.1_seed_0-2025-01-16-12-21-00 -   Epoch 48:	Train Loss: 0.997284	Train Acc: 0.645400	Val Loss: 5.454675	Val Acc: 0.177700
01/16/2025 13:35:50 - INFO - cifar10_resnet20_lr0.1_warm-20_train0.10_alpha-1.50-start0_random0.01-start0_batchsize128_grad_freddy-batchnummul5-interalmul1.0_thresh-factor0.1_seed_0-2025-01-16-12-21-00 -   Epoch 48:	Data Loading Time: 0.022499	Forward Time: 0.007517	Backward Time: 0.008593
01/16/2025 13:36:40 - INFO - cifar10_resnet20_lr0.1_warm-20_train0.10_alpha-1.50-start0_random0.01-start0_batchsize128_grad_freddy-batchnummul5-interalmul1.0_thresh-factor0.1_seed_0-2025-01-16-12-21-00 -   Updating train loader and weights with subset of size 5000
01/16/2025 13:36:42 - INFO - cifar10_resnet20_lr0.1_warm-20_train0.10_alpha-1.50-start0_random0.01-start0_batchsize128_grad_freddy-batchnummul5-interalmul1.0_thresh-factor0.1_seed_0-2025-01-16-12-21-00 -   Updating train loader and weights with subset of size 5000
01/16/2025 13:36:43 - INFO - cifar10_resnet20_lr0.1_warm-20_train0.10_alpha-1.50-start0_random0.01-start0_batchsize128_grad_freddy-batchnummul5-interalmul1.0_thresh-factor0.1_seed_0-2025-01-16-12-21-00 -   Epoch 49:	Train Loss: 1.064042	Train Acc: 0.628000	Val Loss: 7.573300	Val Acc: 0.202100
01/16/2025 13:36:43 - INFO - cifar10_resnet20_lr0.1_warm-20_train0.10_alpha-1.50-start0_random0.01-start0_batchsize128_grad_freddy-batchnummul5-interalmul1.0_thresh-factor0.1_seed_0-2025-01-16-12-21-00 -   Epoch 49:	Data Loading Time: 0.025043	Forward Time: 0.007357	Backward Time: 0.008660
01/16/2025 13:37:38 - INFO - cifar10_resnet20_lr0.1_warm-20_train0.10_alpha-1.50-start0_random0.01-start0_batchsize128_grad_freddy-batchnummul5-interalmul1.0_thresh-factor0.1_seed_0-2025-01-16-12-21-00 -   Updating train loader and weights with subset of size 5000
01/16/2025 13:37:41 - INFO - cifar10_resnet20_lr0.1_warm-20_train0.10_alpha-1.50-start0_random0.01-start0_batchsize128_grad_freddy-batchnummul5-interalmul1.0_thresh-factor0.1_seed_0-2025-01-16-12-21-00 -   Updating train loader and weights with subset of size 5000
01/16/2025 13:37:43 - INFO - cifar10_resnet20_lr0.1_warm-20_train0.10_alpha-1.50-start0_random0.01-start0_batchsize128_grad_freddy-batchnummul5-interalmul1.0_thresh-factor0.1_seed_0-2025-01-16-12-21-00 -   Epoch 50:	Train Loss: 1.121667	Train Acc: 0.613400	Val Loss: 3.376275	Val Acc: 0.263300
01/16/2025 13:37:43 - INFO - cifar10_resnet20_lr0.1_warm-20_train0.10_alpha-1.50-start0_random0.01-start0_batchsize128_grad_freddy-batchnummul5-interalmul1.0_thresh-factor0.1_seed_0-2025-01-16-12-21-00 -   Epoch 50:	Data Loading Time: 0.024153	Forward Time: 0.009354	Backward Time: 0.010010
01/16/2025 13:38:40 - INFO - cifar10_resnet20_lr0.1_warm-20_train0.10_alpha-1.50-start0_random0.01-start0_batchsize128_grad_freddy-batchnummul5-interalmul1.0_thresh-factor0.1_seed_0-2025-01-16-12-21-00 -   Updating train loader and weights with subset of size 5000
01/16/2025 13:38:42 - INFO - cifar10_resnet20_lr0.1_warm-20_train0.10_alpha-1.50-start0_random0.01-start0_batchsize128_grad_freddy-batchnummul5-interalmul1.0_thresh-factor0.1_seed_0-2025-01-16-12-21-00 -   Updating train loader and weights with subset of size 5000
01/16/2025 13:38:44 - INFO - cifar10_resnet20_lr0.1_warm-20_train0.10_alpha-1.50-start0_random0.01-start0_batchsize128_grad_freddy-batchnummul5-interalmul1.0_thresh-factor0.1_seed_0-2025-01-16-12-21-00 -   Epoch 51:	Train Loss: 0.994293	Train Acc: 0.655000	Val Loss: 1.853565	Val Acc: 0.456700
01/16/2025 13:38:44 - INFO - cifar10_resnet20_lr0.1_warm-20_train0.10_alpha-1.50-start0_random0.01-start0_batchsize128_grad_freddy-batchnummul5-interalmul1.0_thresh-factor0.1_seed_0-2025-01-16-12-21-00 -   Epoch 51:	Data Loading Time: 0.021985	Forward Time: 0.007259	Backward Time: 0.007624
01/16/2025 13:39:34 - INFO - cifar10_resnet20_lr0.1_warm-20_train0.10_alpha-1.50-start0_random0.01-start0_batchsize128_grad_freddy-batchnummul5-interalmul1.0_thresh-factor0.1_seed_0-2025-01-16-12-21-00 -   Updating train loader and weights with subset of size 5000
01/16/2025 13:39:37 - INFO - cifar10_resnet20_lr0.1_warm-20_train0.10_alpha-1.50-start0_random0.01-start0_batchsize128_grad_freddy-batchnummul5-interalmul1.0_thresh-factor0.1_seed_0-2025-01-16-12-21-00 -   Updating train loader and weights with subset of size 5000
01/16/2025 13:39:39 - INFO - cifar10_resnet20_lr0.1_warm-20_train0.10_alpha-1.50-start0_random0.01-start0_batchsize128_grad_freddy-batchnummul5-interalmul1.0_thresh-factor0.1_seed_0-2025-01-16-12-21-00 -   Epoch 52:	Train Loss: 0.949023	Train Acc: 0.659800	Val Loss: 4.395684	Val Acc: 0.289300
01/16/2025 13:39:39 - INFO - cifar10_resnet20_lr0.1_warm-20_train0.10_alpha-1.50-start0_random0.01-start0_batchsize128_grad_freddy-batchnummul5-interalmul1.0_thresh-factor0.1_seed_0-2025-01-16-12-21-00 -   Epoch 52:	Data Loading Time: 0.022298	Forward Time: 0.010516	Backward Time: 0.009672
01/16/2025 13:40:30 - INFO - cifar10_resnet20_lr0.1_warm-20_train0.10_alpha-1.50-start0_random0.01-start0_batchsize128_grad_freddy-batchnummul5-interalmul1.0_thresh-factor0.1_seed_0-2025-01-16-12-21-00 -   Updating train loader and weights with subset of size 5000
01/16/2025 13:40:33 - INFO - cifar10_resnet20_lr0.1_warm-20_train0.10_alpha-1.50-start0_random0.01-start0_batchsize128_grad_freddy-batchnummul5-interalmul1.0_thresh-factor0.1_seed_0-2025-01-16-12-21-00 -   Updating train loader and weights with subset of size 5000
01/16/2025 13:40:34 - INFO - cifar10_resnet20_lr0.1_warm-20_train0.10_alpha-1.50-start0_random0.01-start0_batchsize128_grad_freddy-batchnummul5-interalmul1.0_thresh-factor0.1_seed_0-2025-01-16-12-21-00 -   Epoch 53:	Train Loss: 0.974336	Train Acc: 0.655000	Val Loss: 1.959720	Val Acc: 0.471000
01/16/2025 13:40:34 - INFO - cifar10_resnet20_lr0.1_warm-20_train0.10_alpha-1.50-start0_random0.01-start0_batchsize128_grad_freddy-batchnummul5-interalmul1.0_thresh-factor0.1_seed_0-2025-01-16-12-21-00 -   Epoch 53:	Data Loading Time: 0.026502	Forward Time: 0.007448	Backward Time: 0.009155
01/16/2025 13:41:30 - INFO - cifar10_resnet20_lr0.1_warm-20_train0.10_alpha-1.50-start0_random0.01-start0_batchsize128_grad_freddy-batchnummul5-interalmul1.0_thresh-factor0.1_seed_0-2025-01-16-12-21-00 -   Updating train loader and weights with subset of size 5000
01/16/2025 13:41:33 - INFO - cifar10_resnet20_lr0.1_warm-20_train0.10_alpha-1.50-start0_random0.01-start0_batchsize128_grad_freddy-batchnummul5-interalmul1.0_thresh-factor0.1_seed_0-2025-01-16-12-21-00 -   Updating train loader and weights with subset of size 5000
01/16/2025 13:41:35 - INFO - cifar10_resnet20_lr0.1_warm-20_train0.10_alpha-1.50-start0_random0.01-start0_batchsize128_grad_freddy-batchnummul5-interalmul1.0_thresh-factor0.1_seed_0-2025-01-16-12-21-00 -   Epoch 54:	Train Loss: 0.919302	Train Acc: 0.673600	Val Loss: 1.625965	Val Acc: 0.492100
01/16/2025 13:41:35 - INFO - cifar10_resnet20_lr0.1_warm-20_train0.10_alpha-1.50-start0_random0.01-start0_batchsize128_grad_freddy-batchnummul5-interalmul1.0_thresh-factor0.1_seed_0-2025-01-16-12-21-00 -   Epoch 54:	Data Loading Time: 0.021016	Forward Time: 0.009489	Backward Time: 0.007138
01/16/2025 13:42:31 - INFO - cifar10_resnet20_lr0.1_warm-20_train0.10_alpha-1.50-start0_random0.01-start0_batchsize128_grad_freddy-batchnummul5-interalmul1.0_thresh-factor0.1_seed_0-2025-01-16-12-21-00 -   Updating train loader and weights with subset of size 5000
01/16/2025 13:42:34 - INFO - cifar10_resnet20_lr0.1_warm-20_train0.10_alpha-1.50-start0_random0.01-start0_batchsize128_grad_freddy-batchnummul5-interalmul1.0_thresh-factor0.1_seed_0-2025-01-16-12-21-00 -   Updating train loader and weights with subset of size 5000
01/16/2025 13:42:35 - INFO - cifar10_resnet20_lr0.1_warm-20_train0.10_alpha-1.50-start0_random0.01-start0_batchsize128_grad_freddy-batchnummul5-interalmul1.0_thresh-factor0.1_seed_0-2025-01-16-12-21-00 -   Epoch 55:	Train Loss: 0.920641	Train Acc: 0.676200	Val Loss: 5.045452	Val Acc: 0.223200
01/16/2025 13:42:35 - INFO - cifar10_resnet20_lr0.1_warm-20_train0.10_alpha-1.50-start0_random0.01-start0_batchsize128_grad_freddy-batchnummul5-interalmul1.0_thresh-factor0.1_seed_0-2025-01-16-12-21-00 -   Epoch 55:	Data Loading Time: 0.018630	Forward Time: 0.009921	Backward Time: 0.009614
01/16/2025 13:43:33 - INFO - cifar10_resnet20_lr0.1_warm-20_train0.10_alpha-1.50-start0_random0.01-start0_batchsize128_grad_freddy-batchnummul5-interalmul1.0_thresh-factor0.1_seed_0-2025-01-16-12-21-00 -   Updating train loader and weights with subset of size 5000
01/16/2025 13:43:36 - INFO - cifar10_resnet20_lr0.1_warm-20_train0.10_alpha-1.50-start0_random0.01-start0_batchsize128_grad_freddy-batchnummul5-interalmul1.0_thresh-factor0.1_seed_0-2025-01-16-12-21-00 -   Updating train loader and weights with subset of size 5000
01/16/2025 13:43:37 - INFO - cifar10_resnet20_lr0.1_warm-20_train0.10_alpha-1.50-start0_random0.01-start0_batchsize128_grad_freddy-batchnummul5-interalmul1.0_thresh-factor0.1_seed_0-2025-01-16-12-21-00 -   Epoch 56:	Train Loss: 0.941085	Train Acc: 0.673400	Val Loss: 3.430513	Val Acc: 0.390200
01/16/2025 13:43:37 - INFO - cifar10_resnet20_lr0.1_warm-20_train0.10_alpha-1.50-start0_random0.01-start0_batchsize128_grad_freddy-batchnummul5-interalmul1.0_thresh-factor0.1_seed_0-2025-01-16-12-21-00 -   Epoch 56:	Data Loading Time: 0.018700	Forward Time: 0.011455	Backward Time: 0.007650
01/16/2025 13:44:34 - INFO - cifar10_resnet20_lr0.1_warm-20_train0.10_alpha-1.50-start0_random0.01-start0_batchsize128_grad_freddy-batchnummul5-interalmul1.0_thresh-factor0.1_seed_0-2025-01-16-12-21-00 -   Updating train loader and weights with subset of size 5000
01/16/2025 13:44:37 - INFO - cifar10_resnet20_lr0.1_warm-20_train0.10_alpha-1.50-start0_random0.01-start0_batchsize128_grad_freddy-batchnummul5-interalmul1.0_thresh-factor0.1_seed_0-2025-01-16-12-21-00 -   Updating train loader and weights with subset of size 5000
01/16/2025 13:44:38 - INFO - cifar10_resnet20_lr0.1_warm-20_train0.10_alpha-1.50-start0_random0.01-start0_batchsize128_grad_freddy-batchnummul5-interalmul1.0_thresh-factor0.1_seed_0-2025-01-16-12-21-00 -   Epoch 57:	Train Loss: 0.931727	Train Acc: 0.674400	Val Loss: 1.917848	Val Acc: 0.445500
01/16/2025 13:44:38 - INFO - cifar10_resnet20_lr0.1_warm-20_train0.10_alpha-1.50-start0_random0.01-start0_batchsize128_grad_freddy-batchnummul5-interalmul1.0_thresh-factor0.1_seed_0-2025-01-16-12-21-00 -   Epoch 57:	Data Loading Time: 0.025453	Forward Time: 0.006504	Backward Time: 0.008735
01/16/2025 13:45:39 - INFO - cifar10_resnet20_lr0.1_warm-20_train0.10_alpha-1.50-start0_random0.01-start0_batchsize128_grad_freddy-batchnummul5-interalmul1.0_thresh-factor0.1_seed_0-2025-01-16-12-21-00 -   Updating train loader and weights with subset of size 5000
01/16/2025 13:45:41 - INFO - cifar10_resnet20_lr0.1_warm-20_train0.10_alpha-1.50-start0_random0.01-start0_batchsize128_grad_freddy-batchnummul5-interalmul1.0_thresh-factor0.1_seed_0-2025-01-16-12-21-00 -   Updating train loader and weights with subset of size 5000
01/16/2025 13:45:43 - INFO - cifar10_resnet20_lr0.1_warm-20_train0.10_alpha-1.50-start0_random0.01-start0_batchsize128_grad_freddy-batchnummul5-interalmul1.0_thresh-factor0.1_seed_0-2025-01-16-12-21-00 -   Epoch 58:	Train Loss: 0.918723	Train Acc: 0.678200	Val Loss: 16.578774	Val Acc: 0.150800
01/16/2025 13:45:43 - INFO - cifar10_resnet20_lr0.1_warm-20_train0.10_alpha-1.50-start0_random0.01-start0_batchsize128_grad_freddy-batchnummul5-interalmul1.0_thresh-factor0.1_seed_0-2025-01-16-12-21-00 -   Epoch 58:	Data Loading Time: 0.019778	Forward Time: 0.008260	Backward Time: 0.008328
01/16/2025 13:46:45 - INFO - cifar10_resnet20_lr0.1_warm-20_train0.10_alpha-1.50-start0_random0.01-start0_batchsize128_grad_freddy-batchnummul5-interalmul1.0_thresh-factor0.1_seed_0-2025-01-16-12-21-00 -   Updating train loader and weights with subset of size 5000
01/16/2025 13:46:48 - INFO - cifar10_resnet20_lr0.1_warm-20_train0.10_alpha-1.50-start0_random0.01-start0_batchsize128_grad_freddy-batchnummul5-interalmul1.0_thresh-factor0.1_seed_0-2025-01-16-12-21-00 -   Updating train loader and weights with subset of size 5000
01/16/2025 13:46:49 - INFO - cifar10_resnet20_lr0.1_warm-20_train0.10_alpha-1.50-start0_random0.01-start0_batchsize128_grad_freddy-batchnummul5-interalmul1.0_thresh-factor0.1_seed_0-2025-01-16-12-21-00 -   Epoch 59:	Train Loss: 0.937284	Train Acc: 0.675600	Val Loss: 1.632860	Val Acc: 0.472100
01/16/2025 13:46:49 - INFO - cifar10_resnet20_lr0.1_warm-20_train0.10_alpha-1.50-start0_random0.01-start0_batchsize128_grad_freddy-batchnummul5-interalmul1.0_thresh-factor0.1_seed_0-2025-01-16-12-21-00 -   Epoch 59:	Data Loading Time: 0.021760	Forward Time: 0.006348	Backward Time: 0.008279
01/16/2025 13:47:46 - INFO - cifar10_resnet20_lr0.1_warm-20_train0.10_alpha-1.50-start0_random0.01-start0_batchsize128_grad_freddy-batchnummul5-interalmul1.0_thresh-factor0.1_seed_0-2025-01-16-12-21-00 -   Updating train loader and weights with subset of size 5000
01/16/2025 13:47:49 - INFO - cifar10_resnet20_lr0.1_warm-20_train0.10_alpha-1.50-start0_random0.01-start0_batchsize128_grad_freddy-batchnummul5-interalmul1.0_thresh-factor0.1_seed_0-2025-01-16-12-21-00 -   Updating train loader and weights with subset of size 5000
01/16/2025 13:47:51 - INFO - cifar10_resnet20_lr0.1_warm-20_train0.10_alpha-1.50-start0_random0.01-start0_batchsize128_grad_freddy-batchnummul5-interalmul1.0_thresh-factor0.1_seed_0-2025-01-16-12-21-00 -   Epoch 60:	Train Loss: 0.912937	Train Acc: 0.680800	Val Loss: 2.078686	Val Acc: 0.410200
01/16/2025 13:47:51 - INFO - cifar10_resnet20_lr0.1_warm-20_train0.10_alpha-1.50-start0_random0.01-start0_batchsize128_grad_freddy-batchnummul5-interalmul1.0_thresh-factor0.1_seed_0-2025-01-16-12-21-00 -   Epoch 60:	Data Loading Time: 0.023549	Forward Time: 0.010230	Backward Time: 0.009258
01/16/2025 13:48:42 - INFO - cifar10_resnet20_lr0.1_warm-20_train0.10_alpha-1.50-start0_random0.01-start0_batchsize128_grad_freddy-batchnummul5-interalmul1.0_thresh-factor0.1_seed_0-2025-01-16-12-21-00 -   Updating train loader and weights with subset of size 5000
01/16/2025 13:48:45 - INFO - cifar10_resnet20_lr0.1_warm-20_train0.10_alpha-1.50-start0_random0.01-start0_batchsize128_grad_freddy-batchnummul5-interalmul1.0_thresh-factor0.1_seed_0-2025-01-16-12-21-00 -   Updating train loader and weights with subset of size 5000
01/16/2025 13:48:47 - INFO - cifar10_resnet20_lr0.1_warm-20_train0.10_alpha-1.50-start0_random0.01-start0_batchsize128_grad_freddy-batchnummul5-interalmul1.0_thresh-factor0.1_seed_0-2025-01-16-12-21-00 -   Epoch 61:	Train Loss: 0.870954	Train Acc: 0.690400	Val Loss: 2.696190	Val Acc: 0.439800
01/16/2025 13:48:47 - INFO - cifar10_resnet20_lr0.1_warm-20_train0.10_alpha-1.50-start0_random0.01-start0_batchsize128_grad_freddy-batchnummul5-interalmul1.0_thresh-factor0.1_seed_0-2025-01-16-12-21-00 -   Epoch 61:	Data Loading Time: 0.025009	Forward Time: 0.007327	Backward Time: 0.009476
01/16/2025 13:49:34 - INFO - cifar10_resnet20_lr0.1_warm-20_train0.10_alpha-1.50-start0_random0.01-start0_batchsize128_grad_freddy-batchnummul5-interalmul1.0_thresh-factor0.1_seed_0-2025-01-16-12-21-00 -   Updating train loader and weights with subset of size 5000
01/16/2025 13:49:37 - INFO - cifar10_resnet20_lr0.1_warm-20_train0.10_alpha-1.50-start0_random0.01-start0_batchsize128_grad_freddy-batchnummul5-interalmul1.0_thresh-factor0.1_seed_0-2025-01-16-12-21-00 -   Updating train loader and weights with subset of size 5000
01/16/2025 13:49:39 - INFO - cifar10_resnet20_lr0.1_warm-20_train0.10_alpha-1.50-start0_random0.01-start0_batchsize128_grad_freddy-batchnummul5-interalmul1.0_thresh-factor0.1_seed_0-2025-01-16-12-21-00 -   Epoch 62:	Train Loss: 0.880595	Train Acc: 0.679400	Val Loss: 1.874475	Val Acc: 0.474800
01/16/2025 13:49:39 - INFO - cifar10_resnet20_lr0.1_warm-20_train0.10_alpha-1.50-start0_random0.01-start0_batchsize128_grad_freddy-batchnummul5-interalmul1.0_thresh-factor0.1_seed_0-2025-01-16-12-21-00 -   Epoch 62:	Data Loading Time: 0.025761	Forward Time: 0.008250	Backward Time: 0.009712
01/16/2025 13:50:28 - INFO - cifar10_resnet20_lr0.1_warm-20_train0.10_alpha-1.50-start0_random0.01-start0_batchsize128_grad_freddy-batchnummul5-interalmul1.0_thresh-factor0.1_seed_0-2025-01-16-12-21-00 -   Updating train loader and weights with subset of size 5000
01/16/2025 13:50:31 - INFO - cifar10_resnet20_lr0.1_warm-20_train0.10_alpha-1.50-start0_random0.01-start0_batchsize128_grad_freddy-batchnummul5-interalmul1.0_thresh-factor0.1_seed_0-2025-01-16-12-21-00 -   Updating train loader and weights with subset of size 5000
01/16/2025 13:50:32 - INFO - cifar10_resnet20_lr0.1_warm-20_train0.10_alpha-1.50-start0_random0.01-start0_batchsize128_grad_freddy-batchnummul5-interalmul1.0_thresh-factor0.1_seed_0-2025-01-16-12-21-00 -   Epoch 63:	Train Loss: 0.861543	Train Acc: 0.691800	Val Loss: 3.592817	Val Acc: 0.365900
01/16/2025 13:50:32 - INFO - cifar10_resnet20_lr0.1_warm-20_train0.10_alpha-1.50-start0_random0.01-start0_batchsize128_grad_freddy-batchnummul5-interalmul1.0_thresh-factor0.1_seed_0-2025-01-16-12-21-00 -   Epoch 63:	Data Loading Time: 0.027686	Forward Time: 0.007716	Backward Time: 0.008914
01/16/2025 13:51:21 - INFO - cifar10_resnet20_lr0.1_warm-20_train0.10_alpha-1.50-start0_random0.01-start0_batchsize128_grad_freddy-batchnummul5-interalmul1.0_thresh-factor0.1_seed_0-2025-01-16-12-21-00 -   Updating train loader and weights with subset of size 5000
01/16/2025 13:51:23 - INFO - cifar10_resnet20_lr0.1_warm-20_train0.10_alpha-1.50-start0_random0.01-start0_batchsize128_grad_freddy-batchnummul5-interalmul1.0_thresh-factor0.1_seed_0-2025-01-16-12-21-00 -   Updating train loader and weights with subset of size 5000
01/16/2025 13:51:25 - INFO - cifar10_resnet20_lr0.1_warm-20_train0.10_alpha-1.50-start0_random0.01-start0_batchsize128_grad_freddy-batchnummul5-interalmul1.0_thresh-factor0.1_seed_0-2025-01-16-12-21-00 -   Epoch 64:	Train Loss: 0.860263	Train Acc: 0.698800	Val Loss: 3.413322	Val Acc: 0.363000
01/16/2025 13:51:25 - INFO - cifar10_resnet20_lr0.1_warm-20_train0.10_alpha-1.50-start0_random0.01-start0_batchsize128_grad_freddy-batchnummul5-interalmul1.0_thresh-factor0.1_seed_0-2025-01-16-12-21-00 -   Epoch 64:	Data Loading Time: 0.029088	Forward Time: 0.007584	Backward Time: 0.009464
01/16/2025 13:52:15 - INFO - cifar10_resnet20_lr0.1_warm-20_train0.10_alpha-1.50-start0_random0.01-start0_batchsize128_grad_freddy-batchnummul5-interalmul1.0_thresh-factor0.1_seed_0-2025-01-16-12-21-00 -   Updating train loader and weights with subset of size 5000
01/16/2025 13:52:18 - INFO - cifar10_resnet20_lr0.1_warm-20_train0.10_alpha-1.50-start0_random0.01-start0_batchsize128_grad_freddy-batchnummul5-interalmul1.0_thresh-factor0.1_seed_0-2025-01-16-12-21-00 -   Updating train loader and weights with subset of size 5000
01/16/2025 13:52:19 - INFO - cifar10_resnet20_lr0.1_warm-20_train0.10_alpha-1.50-start0_random0.01-start0_batchsize128_grad_freddy-batchnummul5-interalmul1.0_thresh-factor0.1_seed_0-2025-01-16-12-21-00 -   Epoch 65:	Train Loss: 0.884572	Train Acc: 0.685400	Val Loss: 4.394697	Val Acc: 0.232000
01/16/2025 13:52:19 - INFO - cifar10_resnet20_lr0.1_warm-20_train0.10_alpha-1.50-start0_random0.01-start0_batchsize128_grad_freddy-batchnummul5-interalmul1.0_thresh-factor0.1_seed_0-2025-01-16-12-21-00 -   Epoch 65:	Data Loading Time: 0.029698	Forward Time: 0.008528	Backward Time: 0.009281
01/16/2025 13:53:11 - INFO - cifar10_resnet20_lr0.1_warm-20_train0.10_alpha-1.50-start0_random0.01-start0_batchsize128_grad_freddy-batchnummul5-interalmul1.0_thresh-factor0.1_seed_0-2025-01-16-12-21-00 -   Updating train loader and weights with subset of size 5000
01/16/2025 13:53:14 - INFO - cifar10_resnet20_lr0.1_warm-20_train0.10_alpha-1.50-start0_random0.01-start0_batchsize128_grad_freddy-batchnummul5-interalmul1.0_thresh-factor0.1_seed_0-2025-01-16-12-21-00 -   Updating train loader and weights with subset of size 5000
01/16/2025 13:53:16 - INFO - cifar10_resnet20_lr0.1_warm-20_train0.10_alpha-1.50-start0_random0.01-start0_batchsize128_grad_freddy-batchnummul5-interalmul1.0_thresh-factor0.1_seed_0-2025-01-16-12-21-00 -   Epoch 66:	Train Loss: 0.864943	Train Acc: 0.690000	Val Loss: 1.095102	Val Acc: 0.639200
01/16/2025 13:53:16 - INFO - cifar10_resnet20_lr0.1_warm-20_train0.10_alpha-1.50-start0_random0.01-start0_batchsize128_grad_freddy-batchnummul5-interalmul1.0_thresh-factor0.1_seed_0-2025-01-16-12-21-00 -   Epoch 66:	Data Loading Time: 0.029161	Forward Time: 0.008278	Backward Time: 0.009104
01/16/2025 13:54:11 - INFO - cifar10_resnet20_lr0.1_warm-20_train0.10_alpha-1.50-start0_random0.01-start0_batchsize128_grad_freddy-batchnummul5-interalmul1.0_thresh-factor0.1_seed_0-2025-01-16-12-21-00 -   Updating train loader and weights with subset of size 5000
01/16/2025 13:54:14 - INFO - cifar10_resnet20_lr0.1_warm-20_train0.10_alpha-1.50-start0_random0.01-start0_batchsize128_grad_freddy-batchnummul5-interalmul1.0_thresh-factor0.1_seed_0-2025-01-16-12-21-00 -   Updating train loader and weights with subset of size 5000
01/16/2025 13:54:16 - INFO - cifar10_resnet20_lr0.1_warm-20_train0.10_alpha-1.50-start0_random0.01-start0_batchsize128_grad_freddy-batchnummul5-interalmul1.0_thresh-factor0.1_seed_0-2025-01-16-12-21-00 -   Epoch 67:	Train Loss: 0.832678	Train Acc: 0.707200	Val Loss: 1.636236	Val Acc: 0.498000
01/16/2025 13:54:16 - INFO - cifar10_resnet20_lr0.1_warm-20_train0.10_alpha-1.50-start0_random0.01-start0_batchsize128_grad_freddy-batchnummul5-interalmul1.0_thresh-factor0.1_seed_0-2025-01-16-12-21-00 -   Epoch 67:	Data Loading Time: 0.022653	Forward Time: 0.009349	Backward Time: 0.009471
01/16/2025 13:55:11 - INFO - cifar10_resnet20_lr0.1_warm-20_train0.10_alpha-1.50-start0_random0.01-start0_batchsize128_grad_freddy-batchnummul5-interalmul1.0_thresh-factor0.1_seed_0-2025-01-16-12-21-00 -   Updating train loader and weights with subset of size 5000
01/16/2025 13:55:14 - INFO - cifar10_resnet20_lr0.1_warm-20_train0.10_alpha-1.50-start0_random0.01-start0_batchsize128_grad_freddy-batchnummul5-interalmul1.0_thresh-factor0.1_seed_0-2025-01-16-12-21-00 -   Updating train loader and weights with subset of size 5000
01/16/2025 13:55:16 - INFO - cifar10_resnet20_lr0.1_warm-20_train0.10_alpha-1.50-start0_random0.01-start0_batchsize128_grad_freddy-batchnummul5-interalmul1.0_thresh-factor0.1_seed_0-2025-01-16-12-21-00 -   Epoch 68:	Train Loss: 0.823919	Train Acc: 0.705000	Val Loss: 1.873579	Val Acc: 0.475800
01/16/2025 13:55:16 - INFO - cifar10_resnet20_lr0.1_warm-20_train0.10_alpha-1.50-start0_random0.01-start0_batchsize128_grad_freddy-batchnummul5-interalmul1.0_thresh-factor0.1_seed_0-2025-01-16-12-21-00 -   Epoch 68:	Data Loading Time: 0.028665	Forward Time: 0.007736	Backward Time: 0.009340
01/16/2025 13:56:15 - INFO - cifar10_resnet20_lr0.1_warm-20_train0.10_alpha-1.50-start0_random0.01-start0_batchsize128_grad_freddy-batchnummul5-interalmul1.0_thresh-factor0.1_seed_0-2025-01-16-12-21-00 -   Updating train loader and weights with subset of size 5000
01/16/2025 13:56:19 - INFO - cifar10_resnet20_lr0.1_warm-20_train0.10_alpha-1.50-start0_random0.01-start0_batchsize128_grad_freddy-batchnummul5-interalmul1.0_thresh-factor0.1_seed_0-2025-01-16-12-21-00 -   Updating train loader and weights with subset of size 5000
01/16/2025 13:56:21 - INFO - cifar10_resnet20_lr0.1_warm-20_train0.10_alpha-1.50-start0_random0.01-start0_batchsize128_grad_freddy-batchnummul5-interalmul1.0_thresh-factor0.1_seed_0-2025-01-16-12-21-00 -   Epoch 69:	Train Loss: 0.805397	Train Acc: 0.710400	Val Loss: 1.133382	Val Acc: 0.633100
01/16/2025 13:56:21 - INFO - cifar10_resnet20_lr0.1_warm-20_train0.10_alpha-1.50-start0_random0.01-start0_batchsize128_grad_freddy-batchnummul5-interalmul1.0_thresh-factor0.1_seed_0-2025-01-16-12-21-00 -   Epoch 69:	Data Loading Time: 0.019717	Forward Time: 0.014036	Backward Time: 0.009489
01/16/2025 13:57:25 - INFO - cifar10_resnet20_lr0.1_warm-20_train0.10_alpha-1.50-start0_random0.01-start0_batchsize128_grad_freddy-batchnummul5-interalmul1.0_thresh-factor0.1_seed_0-2025-01-16-12-21-00 -   Updating train loader and weights with subset of size 5000
01/16/2025 13:57:27 - INFO - cifar10_resnet20_lr0.1_warm-20_train0.10_alpha-1.50-start0_random0.01-start0_batchsize128_grad_freddy-batchnummul5-interalmul1.0_thresh-factor0.1_seed_0-2025-01-16-12-21-00 -   Updating train loader and weights with subset of size 5000
01/16/2025 13:57:29 - INFO - cifar10_resnet20_lr0.1_warm-20_train0.10_alpha-1.50-start0_random0.01-start0_batchsize128_grad_freddy-batchnummul5-interalmul1.0_thresh-factor0.1_seed_0-2025-01-16-12-21-00 -   Epoch 70:	Train Loss: 0.797231	Train Acc: 0.719600	Val Loss: 3.642577	Val Acc: 0.343800
01/16/2025 13:57:29 - INFO - cifar10_resnet20_lr0.1_warm-20_train0.10_alpha-1.50-start0_random0.01-start0_batchsize128_grad_freddy-batchnummul5-interalmul1.0_thresh-factor0.1_seed_0-2025-01-16-12-21-00 -   Epoch 70:	Data Loading Time: 0.019098	Forward Time: 0.006886	Backward Time: 0.009502
01/16/2025 13:58:28 - INFO - cifar10_resnet20_lr0.1_warm-20_train0.10_alpha-1.50-start0_random0.01-start0_batchsize128_grad_freddy-batchnummul5-interalmul1.0_thresh-factor0.1_seed_0-2025-01-16-12-21-00 -   Updating train loader and weights with subset of size 5000
01/16/2025 13:58:30 - INFO - cifar10_resnet20_lr0.1_warm-20_train0.10_alpha-1.50-start0_random0.01-start0_batchsize128_grad_freddy-batchnummul5-interalmul1.0_thresh-factor0.1_seed_0-2025-01-16-12-21-00 -   Updating train loader and weights with subset of size 5000
01/16/2025 13:58:32 - INFO - cifar10_resnet20_lr0.1_warm-20_train0.10_alpha-1.50-start0_random0.01-start0_batchsize128_grad_freddy-batchnummul5-interalmul1.0_thresh-factor0.1_seed_0-2025-01-16-12-21-00 -   Epoch 71:	Train Loss: 0.825822	Train Acc: 0.714200	Val Loss: 9.649096	Val Acc: 0.271700
01/16/2025 13:58:32 - INFO - cifar10_resnet20_lr0.1_warm-20_train0.10_alpha-1.50-start0_random0.01-start0_batchsize128_grad_freddy-batchnummul5-interalmul1.0_thresh-factor0.1_seed_0-2025-01-16-12-21-00 -   Epoch 71:	Data Loading Time: 0.021447	Forward Time: 0.006742	Backward Time: 0.009306
01/16/2025 13:59:28 - INFO - cifar10_resnet20_lr0.1_warm-20_train0.10_alpha-1.50-start0_random0.01-start0_batchsize128_grad_freddy-batchnummul5-interalmul1.0_thresh-factor0.1_seed_0-2025-01-16-12-21-00 -   Updating train loader and weights with subset of size 5000
01/16/2025 13:59:30 - INFO - cifar10_resnet20_lr0.1_warm-20_train0.10_alpha-1.50-start0_random0.01-start0_batchsize128_grad_freddy-batchnummul5-interalmul1.0_thresh-factor0.1_seed_0-2025-01-16-12-21-00 -   Updating train loader and weights with subset of size 5000
01/16/2025 13:59:31 - INFO - cifar10_resnet20_lr0.1_warm-20_train0.10_alpha-1.50-start0_random0.01-start0_batchsize128_grad_freddy-batchnummul5-interalmul1.0_thresh-factor0.1_seed_0-2025-01-16-12-21-00 -   Epoch 72:	Train Loss: 0.852961	Train Acc: 0.699600	Val Loss: 1.996216	Val Acc: 0.516400
01/16/2025 13:59:31 - INFO - cifar10_resnet20_lr0.1_warm-20_train0.10_alpha-1.50-start0_random0.01-start0_batchsize128_grad_freddy-batchnummul5-interalmul1.0_thresh-factor0.1_seed_0-2025-01-16-12-21-00 -   Epoch 72:	Data Loading Time: 0.024938	Forward Time: 0.005911	Backward Time: 0.008052
01/16/2025 14:00:21 - INFO - cifar10_resnet20_lr0.1_warm-20_train0.10_alpha-1.50-start0_random0.01-start0_batchsize128_grad_freddy-batchnummul5-interalmul1.0_thresh-factor0.1_seed_0-2025-01-16-12-21-00 -   Updating train loader and weights with subset of size 5000
01/16/2025 14:00:23 - INFO - cifar10_resnet20_lr0.1_warm-20_train0.10_alpha-1.50-start0_random0.01-start0_batchsize128_grad_freddy-batchnummul5-interalmul1.0_thresh-factor0.1_seed_0-2025-01-16-12-21-00 -   Updating train loader and weights with subset of size 5000
01/16/2025 14:00:25 - INFO - cifar10_resnet20_lr0.1_warm-20_train0.10_alpha-1.50-start0_random0.01-start0_batchsize128_grad_freddy-batchnummul5-interalmul1.0_thresh-factor0.1_seed_0-2025-01-16-12-21-00 -   Epoch 73:	Train Loss: 0.769438	Train Acc: 0.729800	Val Loss: 2.746933	Val Acc: 0.367000
01/16/2025 14:00:25 - INFO - cifar10_resnet20_lr0.1_warm-20_train0.10_alpha-1.50-start0_random0.01-start0_batchsize128_grad_freddy-batchnummul5-interalmul1.0_thresh-factor0.1_seed_0-2025-01-16-12-21-00 -   Epoch 73:	Data Loading Time: 0.025565	Forward Time: 0.008487	Backward Time: 0.008207
01/16/2025 14:01:15 - INFO - cifar10_resnet20_lr0.1_warm-20_train0.10_alpha-1.50-start0_random0.01-start0_batchsize128_grad_freddy-batchnummul5-interalmul1.0_thresh-factor0.1_seed_0-2025-01-16-12-21-00 -   Updating train loader and weights with subset of size 5000
01/16/2025 14:01:17 - INFO - cifar10_resnet20_lr0.1_warm-20_train0.10_alpha-1.50-start0_random0.01-start0_batchsize128_grad_freddy-batchnummul5-interalmul1.0_thresh-factor0.1_seed_0-2025-01-16-12-21-00 -   Updating train loader and weights with subset of size 5000
01/16/2025 14:01:19 - INFO - cifar10_resnet20_lr0.1_warm-20_train0.10_alpha-1.50-start0_random0.01-start0_batchsize128_grad_freddy-batchnummul5-interalmul1.0_thresh-factor0.1_seed_0-2025-01-16-12-21-00 -   Epoch 74:	Train Loss: 0.799144	Train Acc: 0.717800	Val Loss: 2.687042	Val Acc: 0.427100
01/16/2025 14:01:19 - INFO - cifar10_resnet20_lr0.1_warm-20_train0.10_alpha-1.50-start0_random0.01-start0_batchsize128_grad_freddy-batchnummul5-interalmul1.0_thresh-factor0.1_seed_0-2025-01-16-12-21-00 -   Epoch 74:	Data Loading Time: 0.024453	Forward Time: 0.006662	Backward Time: 0.008256
01/16/2025 14:02:15 - INFO - cifar10_resnet20_lr0.1_warm-20_train0.10_alpha-1.50-start0_random0.01-start0_batchsize128_grad_freddy-batchnummul5-interalmul1.0_thresh-factor0.1_seed_0-2025-01-16-12-21-00 -   Updating train loader and weights with subset of size 5000
01/16/2025 14:02:18 - INFO - cifar10_resnet20_lr0.1_warm-20_train0.10_alpha-1.50-start0_random0.01-start0_batchsize128_grad_freddy-batchnummul5-interalmul1.0_thresh-factor0.1_seed_0-2025-01-16-12-21-00 -   Updating train loader and weights with subset of size 5000
01/16/2025 14:02:20 - INFO - cifar10_resnet20_lr0.1_warm-20_train0.10_alpha-1.50-start0_random0.01-start0_batchsize128_grad_freddy-batchnummul5-interalmul1.0_thresh-factor0.1_seed_0-2025-01-16-12-21-00 -   Epoch 75:	Train Loss: 0.818822	Train Acc: 0.710000	Val Loss: 3.923815	Val Acc: 0.339300
01/16/2025 14:02:20 - INFO - cifar10_resnet20_lr0.1_warm-20_train0.10_alpha-1.50-start0_random0.01-start0_batchsize128_grad_freddy-batchnummul5-interalmul1.0_thresh-factor0.1_seed_0-2025-01-16-12-21-00 -   Epoch 75:	Data Loading Time: 0.021873	Forward Time: 0.009318	Backward Time: 0.006591
01/16/2025 14:03:17 - INFO - cifar10_resnet20_lr0.1_warm-20_train0.10_alpha-1.50-start0_random0.01-start0_batchsize128_grad_freddy-batchnummul5-interalmul1.0_thresh-factor0.1_seed_0-2025-01-16-12-21-00 -   Updating train loader and weights with subset of size 5000
01/16/2025 14:03:19 - INFO - cifar10_resnet20_lr0.1_warm-20_train0.10_alpha-1.50-start0_random0.01-start0_batchsize128_grad_freddy-batchnummul5-interalmul1.0_thresh-factor0.1_seed_0-2025-01-16-12-21-00 -   Updating train loader and weights with subset of size 5000
01/16/2025 14:03:21 - INFO - cifar10_resnet20_lr0.1_warm-20_train0.10_alpha-1.50-start0_random0.01-start0_batchsize128_grad_freddy-batchnummul5-interalmul1.0_thresh-factor0.1_seed_0-2025-01-16-12-21-00 -   Epoch 76:	Train Loss: 0.770004	Train Acc: 0.732200	Val Loss: 1.257594	Val Acc: 0.595700
01/16/2025 14:03:21 - INFO - cifar10_resnet20_lr0.1_warm-20_train0.10_alpha-1.50-start0_random0.01-start0_batchsize128_grad_freddy-batchnummul5-interalmul1.0_thresh-factor0.1_seed_0-2025-01-16-12-21-00 -   Epoch 76:	Data Loading Time: 0.029059	Forward Time: 0.008555	Backward Time: 0.009395
01/16/2025 14:04:15 - INFO - cifar10_resnet20_lr0.1_warm-20_train0.10_alpha-1.50-start0_random0.01-start0_batchsize128_grad_freddy-batchnummul5-interalmul1.0_thresh-factor0.1_seed_0-2025-01-16-12-21-00 -   Updating train loader and weights with subset of size 5000
01/16/2025 14:04:17 - INFO - cifar10_resnet20_lr0.1_warm-20_train0.10_alpha-1.50-start0_random0.01-start0_batchsize128_grad_freddy-batchnummul5-interalmul1.0_thresh-factor0.1_seed_0-2025-01-16-12-21-00 -   Updating train loader and weights with subset of size 5000
01/16/2025 14:04:19 - INFO - cifar10_resnet20_lr0.1_warm-20_train0.10_alpha-1.50-start0_random0.01-start0_batchsize128_grad_freddy-batchnummul5-interalmul1.0_thresh-factor0.1_seed_0-2025-01-16-12-21-00 -   Epoch 77:	Train Loss: 0.762335	Train Acc: 0.727800	Val Loss: 5.437381	Val Acc: 0.349100
01/16/2025 14:04:19 - INFO - cifar10_resnet20_lr0.1_warm-20_train0.10_alpha-1.50-start0_random0.01-start0_batchsize128_grad_freddy-batchnummul5-interalmul1.0_thresh-factor0.1_seed_0-2025-01-16-12-21-00 -   Epoch 77:	Data Loading Time: 0.024051	Forward Time: 0.007367	Backward Time: 0.007765
01/16/2025 14:05:15 - INFO - cifar10_resnet20_lr0.1_warm-20_train0.10_alpha-1.50-start0_random0.01-start0_batchsize128_grad_freddy-batchnummul5-interalmul1.0_thresh-factor0.1_seed_0-2025-01-16-12-21-00 -   Updating train loader and weights with subset of size 5000
01/16/2025 14:05:17 - INFO - cifar10_resnet20_lr0.1_warm-20_train0.10_alpha-1.50-start0_random0.01-start0_batchsize128_grad_freddy-batchnummul5-interalmul1.0_thresh-factor0.1_seed_0-2025-01-16-12-21-00 -   Updating train loader and weights with subset of size 5000
01/16/2025 14:05:19 - INFO - cifar10_resnet20_lr0.1_warm-20_train0.10_alpha-1.50-start0_random0.01-start0_batchsize128_grad_freddy-batchnummul5-interalmul1.0_thresh-factor0.1_seed_0-2025-01-16-12-21-00 -   Epoch 78:	Train Loss: 0.781501	Train Acc: 0.728600	Val Loss: 9.517066	Val Acc: 0.165500
01/16/2025 14:05:19 - INFO - cifar10_resnet20_lr0.1_warm-20_train0.10_alpha-1.50-start0_random0.01-start0_batchsize128_grad_freddy-batchnummul5-interalmul1.0_thresh-factor0.1_seed_0-2025-01-16-12-21-00 -   Epoch 78:	Data Loading Time: 0.022308	Forward Time: 0.008408	Backward Time: 0.008587
01/16/2025 14:06:12 - INFO - cifar10_resnet20_lr0.1_warm-20_train0.10_alpha-1.50-start0_random0.01-start0_batchsize128_grad_freddy-batchnummul5-interalmul1.0_thresh-factor0.1_seed_0-2025-01-16-12-21-00 -   Updating train loader and weights with subset of size 5000
01/16/2025 14:06:15 - INFO - cifar10_resnet20_lr0.1_warm-20_train0.10_alpha-1.50-start0_random0.01-start0_batchsize128_grad_freddy-batchnummul5-interalmul1.0_thresh-factor0.1_seed_0-2025-01-16-12-21-00 -   Updating train loader and weights with subset of size 5000
01/16/2025 14:06:17 - INFO - cifar10_resnet20_lr0.1_warm-20_train0.10_alpha-1.50-start0_random0.01-start0_batchsize128_grad_freddy-batchnummul5-interalmul1.0_thresh-factor0.1_seed_0-2025-01-16-12-21-00 -   Epoch 79:	Train Loss: 0.817744	Train Acc: 0.718400	Val Loss: 2.114376	Val Acc: 0.426600
01/16/2025 14:06:17 - INFO - cifar10_resnet20_lr0.1_warm-20_train0.10_alpha-1.50-start0_random0.01-start0_batchsize128_grad_freddy-batchnummul5-interalmul1.0_thresh-factor0.1_seed_0-2025-01-16-12-21-00 -   Epoch 79:	Data Loading Time: 0.026291	Forward Time: 0.010350	Backward Time: 0.008903
01/16/2025 14:07:10 - INFO - cifar10_resnet20_lr0.1_warm-20_train0.10_alpha-1.50-start0_random0.01-start0_batchsize128_grad_freddy-batchnummul5-interalmul1.0_thresh-factor0.1_seed_0-2025-01-16-12-21-00 -   Updating train loader and weights with subset of size 5000
01/16/2025 14:07:12 - INFO - cifar10_resnet20_lr0.1_warm-20_train0.10_alpha-1.50-start0_random0.01-start0_batchsize128_grad_freddy-batchnummul5-interalmul1.0_thresh-factor0.1_seed_0-2025-01-16-12-21-00 -   Updating train loader and weights with subset of size 5000
01/16/2025 14:07:14 - INFO - cifar10_resnet20_lr0.1_warm-20_train0.10_alpha-1.50-start0_random0.01-start0_batchsize128_grad_freddy-batchnummul5-interalmul1.0_thresh-factor0.1_seed_0-2025-01-16-12-21-00 -   Epoch 80:	Train Loss: 0.798095	Train Acc: 0.719600	Val Loss: 4.433492	Val Acc: 0.334500
01/16/2025 14:07:14 - INFO - cifar10_resnet20_lr0.1_warm-20_train0.10_alpha-1.50-start0_random0.01-start0_batchsize128_grad_freddy-batchnummul5-interalmul1.0_thresh-factor0.1_seed_0-2025-01-16-12-21-00 -   Epoch 80:	Data Loading Time: 0.025719	Forward Time: 0.009188	Backward Time: 0.007793
